<?xml version="1.0" encoding="UTF-8"?>
<testsuites>
  <testsuite name="/Users/ryu/trends-laravel/phpunit.xml" tests="766" assertions="3104" errors="0" failures="0" skipped="0" time="101.786542">
    <testsuite name="Unit" tests="657" assertions="1971" errors="0" failures="0" skipped="0" time="100.412087">
      <testsuite name="Tests\Unit\CompanyServiceTest" file="/Users/ryu/trends-laravel/tests/Unit/CompanyServiceTest.php" tests="16" assertions="59" errors="0" failures="0" skipped="0" time="0.325722">
        <testcase name="test_企業が記事とのリレーションを持つ" file="/Users/ryu/trends-laravel/tests/Unit/CompanyServiceTest.php" line="53" class="Tests\Unit\CompanyServiceTest" classname="Tests.Unit.CompanyServiceTest" assertions="2" time="0.187439"/>
        <testcase name="test_企業がランキングとのリレーションを持つ" file="/Users/ryu/trends-laravel/tests/Unit/CompanyServiceTest.php" line="59" class="Tests\Unit\CompanyServiceTest" classname="Tests.Unit.CompanyServiceTest" assertions="2" time="0.009765"/>
        <testcase name="test_企業リソースの構造が正しい" file="/Users/ryu/trends-laravel/tests/Unit/CompanyServiceTest.php" line="65" class="Tests\Unit\CompanyServiceTest" classname="Tests.Unit.CompanyServiceTest" assertions="9" time="0.016443"/>
        <testcase name="test_企業リソースの現在ランキングフォーマットが正しい" file="/Users/ryu/trends-laravel/tests/Unit/CompanyServiceTest.php" line="83" class="Tests\Unit\CompanyServiceTest" classname="Tests.Unit.CompanyServiceTest" assertions="6" time="0.009765"/>
        <testcase name="test_記事リソースの構造が正しい" file="/Users/ryu/trends-laravel/tests/Unit/CompanyServiceTest.php" line="101" class="Tests\Unit\CompanyServiceTest" classname="Tests.Unit.CompanyServiceTest" assertions="11" time="0.008470"/>
        <testcase name="test_記事リソースの企業データが正しい" file="/Users/ryu/trends-laravel/tests/Unit/CompanyServiceTest.php" line="121" class="Tests\Unit\CompanyServiceTest" classname="Tests.Unit.CompanyServiceTest" assertions="3" time="0.008227"/>
        <testcase name="test_企業のアクティブスコープが正しく動作する" file="/Users/ryu/trends-laravel/tests/Unit/CompanyServiceTest.php" line="132" class="Tests\Unit\CompanyServiceTest" classname="Tests.Unit.CompanyServiceTest" assertions="2" time="0.009005"/>
        <testcase name="test_記事の最近スコープが正しく動作する" file="/Users/ryu/trends-laravel/tests/Unit/CompanyServiceTest.php" line="144" class="Tests\Unit\CompanyServiceTest" classname="Tests.Unit.CompanyServiceTest" assertions="6" time="0.008986"/>
        <testcase name="test_記事の人気スコープが正しく動作する" file="/Users/ryu/trends-laravel/tests/Unit/CompanyServiceTest.php" line="162" class="Tests\Unit\CompanyServiceTest" classname="Tests.Unit.CompanyServiceTest" assertions="6" time="0.008599"/>
        <testcase name="test_企業と記事のリレーションが正しい" file="/Users/ryu/trends-laravel/tests/Unit/CompanyServiceTest.php" line="177" class="Tests\Unit\CompanyServiceTest" classname="Tests.Unit.CompanyServiceTest" assertions="2" time="0.008793"/>
        <testcase name="test_記事とプラットフォームのリレーションが正しい" file="/Users/ryu/trends-laravel/tests/Unit/CompanyServiceTest.php" line="185" class="Tests\Unit\CompanyServiceTest" classname="Tests.Unit.CompanyServiceTest" assertions="2" time="0.009966"/>
        <testcase name="test_記事を読み込んだ企業リソースが正しい" file="/Users/ryu/trends-laravel/tests/Unit/CompanyServiceTest.php" line="193" class="Tests\Unit\CompanyServiceTest" classname="Tests.Unit.CompanyServiceTest" assertions="3" time="0.008664"/>
        <testcase name="test_ランキングなしの企業リソースが正しい" file="/Users/ryu/trends-laravel/tests/Unit/CompanyServiceTest.php" line="204" class="Tests\Unit\CompanyServiceTest" classname="Tests.Unit.CompanyServiceTest" assertions="2" time="0.008052"/>
        <testcase name="test_企業モデルの入力可能属性が正しい" file="/Users/ryu/trends-laravel/tests/Unit/CompanyServiceTest.php" line="213" class="Tests\Unit\CompanyServiceTest" classname="Tests.Unit.CompanyServiceTest" assertions="1" time="0.007822"/>
        <testcase name="test_企業モデルの型変換が正しい" file="/Users/ryu/trends-laravel/tests/Unit/CompanyServiceTest.php" line="233" class="Tests\Unit\CompanyServiceTest" classname="Tests.Unit.CompanyServiceTest" assertions="1" time="0.007887"/>
        <testcase name="test_企業モデルのデフォルト属性が正しい" file="/Users/ryu/trends-laravel/tests/Unit/CompanyServiceTest.php" line="247" class="Tests\Unit\CompanyServiceTest" classname="Tests.Unit.CompanyServiceTest" assertions="1" time="0.007840"/>
      </testsuite>
      <testsuite name="Tests\Unit\Config\ScrapingConfigTest" file="/Users/ryu/trends-laravel/tests/Unit/Config/ScrapingConfigTest.php" tests="13" assertions="64" errors="0" failures="0" skipped="0" time="0.079948">
        <testcase name="test_デフォルト設定が正しく読み込まれる" file="/Users/ryu/trends-laravel/tests/Unit/Config/ScrapingConfigTest.php" line="9" class="Tests\Unit\Config\ScrapingConfigTest" classname="Tests.Unit.Config.ScrapingConfigTest" assertions="6" time="0.011336"/>
        <testcase name="test_デフォルトタイムアウト値が設定されている" file="/Users/ryu/trends-laravel/tests/Unit/Config/ScrapingConfigTest.php" line="21" class="Tests\Unit\Config\ScrapingConfigTest" classname="Tests.Unit.Config.ScrapingConfigTest" assertions="1" time="0.005562"/>
        <testcase name="test_デフォルトレート制限値が設定されている" file="/Users/ryu/trends-laravel/tests/Unit/Config/ScrapingConfigTest.php" line="28" class="Tests\Unit\Config\ScrapingConfigTest" classname="Tests.Unit.Config.ScrapingConfigTest" assertions="1" time="0.005388"/>
        <testcase name="test_リトライ設定が正しく設定されている" file="/Users/ryu/trends-laravel/tests/Unit/Config/ScrapingConfigTest.php" line="35" class="Tests\Unit\Config\ScrapingConfigTest" classname="Tests.Unit.Config.ScrapingConfigTest" assertions="5" time="0.005349"/>
        <testcase name="test_ユーザーエージェントが設定されている" file="/Users/ryu/trends-laravel/tests/Unit/Config/ScrapingConfigTest.php" line="46" class="Tests\Unit\Config\ScrapingConfigTest" classname="Tests.Unit.Config.ScrapingConfigTest" assertions="1" time="0.005389"/>
        <testcase name="test_デフォルトヘッダーが設定されている" file="/Users/ryu/trends-laravel/tests/Unit/Config/ScrapingConfigTest.php" line="53" class="Tests\Unit\Config\ScrapingConfigTest" classname="Tests.Unit.Config.ScrapingConfigTest" assertions="6" time="0.005351"/>
        <testcase name="test_プラットフォーム別設定が正しく読み込まれる" file="/Users/ryu/trends-laravel/tests/Unit/Config/ScrapingConfigTest.php" line="65" class="Tests\Unit\Config\ScrapingConfigTest" classname="Tests.Unit.Config.ScrapingConfigTest" assertions="4" time="0.005372"/>
        <testcase name="test_はてなブックマーク設定が正しく設定されている" file="/Users/ryu/trends-laravel/tests/Unit/Config/ScrapingConfigTest.php" line="75" class="Tests\Unit\Config\ScrapingConfigTest" classname="Tests.Unit.Config.ScrapingConfigTest" assertions="8" time="0.007750"/>
        <testcase name="test_qiita設定が正しく設定されている" file="/Users/ryu/trends-laravel/tests/Unit/Config/ScrapingConfigTest.php" line="89" class="Tests\Unit\Config\ScrapingConfigTest" classname="Tests.Unit.Config.ScrapingConfigTest" assertions="8" time="0.005621"/>
        <testcase name="test_zenn設定が正しく設定されている" file="/Users/ryu/trends-laravel/tests/Unit/Config/ScrapingConfigTest.php" line="103" class="Tests\Unit\Config\ScrapingConfigTest" classname="Tests.Unit.Config.ScrapingConfigTest" assertions="9" time="0.005368"/>
        <testcase name="test_キャッシュ設定が正しく設定されている" file="/Users/ryu/trends-laravel/tests/Unit/Config/ScrapingConfigTest.php" line="118" class="Tests\Unit\Config\ScrapingConfigTest" classname="Tests.Unit.Config.ScrapingConfigTest" assertions="7" time="0.005565"/>
        <testcase name="test_ログ設定が正しく設定されている" file="/Users/ryu/trends-laravel/tests/Unit/Config/ScrapingConfigTest.php" line="131" class="Tests\Unit\Config\ScrapingConfigTest" classname="Tests.Unit.Config.ScrapingConfigTest" assertions="7" time="0.006086"/>
        <testcase name="test_環境変数での設定上書きが可能" file="/Users/ryu/trends-laravel/tests/Unit/Config/ScrapingConfigTest.php" line="144" class="Tests\Unit\Config\ScrapingConfigTest" classname="Tests.Unit.Config.ScrapingConfigTest" assertions="1" time="0.005813"/>
      </testsuite>
      <testsuite name="Tests\Unit\Console\GenerateCompanyRankingsCommandTest" file="/Users/ryu/trends-laravel/tests/Unit/Console/GenerateCompanyRankingsCommandTest.php" tests="18" assertions="38" errors="0" failures="0" skipped="0" time="0.147699">
        <testcase name="test_コマンドの基本情報が正しく設定されている" file="/Users/ryu/trends-laravel/tests/Unit/Console/GenerateCompanyRankingsCommandTest.php" line="22" class="Tests\Unit\Console\GenerateCompanyRankingsCommandTest" classname="Tests.Unit.Console.GenerateCompanyRankingsCommandTest" assertions="2" time="0.009681"/>
        <testcase name="test_期間オプションが定義されている" file="/Users/ryu/trends-laravel/tests/Unit/Console/GenerateCompanyRankingsCommandTest.php" line="30" class="Tests\Unit\Console\GenerateCompanyRankingsCommandTest" classname="Tests.Unit.Console.GenerateCompanyRankingsCommandTest" assertions="2" time="0.005605"/>
        <testcase name="test_日付オプションが定義されている" file="/Users/ryu/trends-laravel/tests/Unit/Console/GenerateCompanyRankingsCommandTest.php" line="39" class="Tests\Unit\Console\GenerateCompanyRankingsCommandTest" classname="Tests.Unit.Console.GenerateCompanyRankingsCommandTest" assertions="2" time="0.005542"/>
        <testcase name="test_キューオプションが定義されている" file="/Users/ryu/trends-laravel/tests/Unit/Console/GenerateCompanyRankingsCommandTest.php" line="48" class="Tests\Unit\Console\GenerateCompanyRankingsCommandTest" classname="Tests.Unit.Console.GenerateCompanyRankingsCommandTest" assertions="2" time="0.005521"/>
        <testcase name="test_handleメソッドが実装されている" file="/Users/ryu/trends-laravel/tests/Unit/Console/GenerateCompanyRankingsCommandTest.php" line="57" class="Tests\Unit\Console\GenerateCompanyRankingsCommandTest" classname="Tests.Unit.Console.GenerateCompanyRankingsCommandTest" assertions="2" time="0.005578"/>
        <testcase name="test_デフォルト実行での正常終了" file="/Users/ryu/trends-laravel/tests/Unit/Console/GenerateCompanyRankingsCommandTest.php" line="66" class="Tests\Unit\Console\GenerateCompanyRankingsCommandTest" classname="Tests.Unit.Console.GenerateCompanyRankingsCommandTest" assertions="1" time="0.023957"/>
        <testcase name="test_期間指定オプションでの実行" file="/Users/ryu/trends-laravel/tests/Unit/Console/GenerateCompanyRankingsCommandTest.php" line="99" class="Tests\Unit\Console\GenerateCompanyRankingsCommandTest" classname="Tests.Unit.Console.GenerateCompanyRankingsCommandTest" assertions="1" time="0.007801"/>
        <testcase name="test_基準日指定オプションでの実行" file="/Users/ryu/trends-laravel/tests/Unit/Console/GenerateCompanyRankingsCommandTest.php" line="118" class="Tests\Unit\Console\GenerateCompanyRankingsCommandTest" classname="Tests.Unit.Console.GenerateCompanyRankingsCommandTest" assertions="1" time="0.007186"/>
        <testcase name="test_キューオプションでの単一期間実行" file="/Users/ryu/trends-laravel/tests/Unit/Console/GenerateCompanyRankingsCommandTest.php" line="138" class="Tests\Unit\Console\GenerateCompanyRankingsCommandTest" classname="Tests.Unit.Console.GenerateCompanyRankingsCommandTest" assertions="2" time="0.017396"/>
        <testcase name="test_キューオプションでの全期間実行" file="/Users/ryu/trends-laravel/tests/Unit/Console/GenerateCompanyRankingsCommandTest.php" line="153" class="Tests\Unit\Console\GenerateCompanyRankingsCommandTest" classname="Tests.Unit.Console.GenerateCompanyRankingsCommandTest" assertions="2" time="0.006805"/>
        <testcase name="test_無効な日付指定時のエラー" file="/Users/ryu/trends-laravel/tests/Unit/Console/GenerateCompanyRankingsCommandTest.php" line="166" class="Tests\Unit\Console\GenerateCompanyRankingsCommandTest" classname="Tests.Unit.Console.GenerateCompanyRankingsCommandTest" assertions="3" time="0.005826"/>
        <testcase name="test_サービス例外時の処理" file="/Users/ryu/trends-laravel/tests/Unit/Console/GenerateCompanyRankingsCommandTest.php" line="178" class="Tests\Unit\Console\GenerateCompanyRankingsCommandTest" classname="Tests.Unit.Console.GenerateCompanyRankingsCommandTest" assertions="1" time="0.009563"/>
        <testcase name="test_統計情報表示機能" file="/Users/ryu/trends-laravel/tests/Unit/Console/GenerateCompanyRankingsCommandTest.php" line="192" class="Tests\Unit\Console\GenerateCompanyRankingsCommandTest" classname="Tests.Unit.Console.GenerateCompanyRankingsCommandTest" assertions="1" time="0.007898"/>
        <testcase name="test_実行時間測定とログ出力" file="/Users/ryu/trends-laravel/tests/Unit/Console/GenerateCompanyRankingsCommandTest.php" line="227" class="Tests\Unit\Console\GenerateCompanyRankingsCommandTest" classname="Tests.Unit.Console.GenerateCompanyRankingsCommandTest" assertions="3" time="0.005892"/>
        <testcase name="test_プログレスバー機能の実装" file="/Users/ryu/trends-laravel/tests/Unit/Console/GenerateCompanyRankingsCommandTest.php" line="237" class="Tests\Unit\Console\GenerateCompanyRankingsCommandTest" classname="Tests.Unit.Console.GenerateCompanyRankingsCommandTest" assertions="4" time="0.005740"/>
        <testcase name="test_コマンド成功時の終了コード" file="/Users/ryu/trends-laravel/tests/Unit/Console/GenerateCompanyRankingsCommandTest.php" line="248" class="Tests\Unit\Console\GenerateCompanyRankingsCommandTest" classname="Tests.Unit.Console.GenerateCompanyRankingsCommandTest" assertions="2" time="0.005640"/>
        <testcase name="test_期間処理の分離実装" file="/Users/ryu/trends-laravel/tests/Unit/Console/GenerateCompanyRankingsCommandTest.php" line="254" class="Tests\Unit\Console\GenerateCompanyRankingsCommandTest" classname="Tests.Unit.Console.GenerateCompanyRankingsCommandTest" assertions="3" time="0.005887"/>
        <testcase name="test_サービスクラス連携の確認" file="/Users/ryu/trends-laravel/tests/Unit/Console/GenerateCompanyRankingsCommandTest.php" line="264" class="Tests\Unit\Console\GenerateCompanyRankingsCommandTest" classname="Tests.Unit.Console.GenerateCompanyRankingsCommandTest" assertions="4" time="0.006183"/>
      </testsuite>
      <testsuite name="Tests\Unit\Console\ScrapeAllCommandTest" file="/Users/ryu/trends-laravel/tests/Unit/Console/ScrapeAllCommandTest.php" tests="14" assertions="27" errors="0" failures="0" skipped="0" time="1.003268">
        <testcase name="test_コマンドの基本情報が正しく設定されている" file="/Users/ryu/trends-laravel/tests/Unit/Console/ScrapeAllCommandTest.php" line="23" class="Tests\Unit\Console\ScrapeAllCommandTest" classname="Tests.Unit.Console.ScrapeAllCommandTest" assertions="2" time="0.012666"/>
        <testcase name="test_コマンドにdry_runオプションが定義されている" file="/Users/ryu/trends-laravel/tests/Unit/Console/ScrapeAllCommandTest.php" line="31" class="Tests\Unit\Console\ScrapeAllCommandTest" classname="Tests.Unit.Console.ScrapeAllCommandTest" assertions="2" time="0.005954"/>
        <testcase name="test_コマンドの処理構造が適切に実装されている" file="/Users/ryu/trends-laravel/tests/Unit/Console/ScrapeAllCommandTest.php" line="40" class="Tests\Unit\Console\ScrapeAllCommandTest" classname="Tests.Unit.Console.ScrapeAllCommandTest" assertions="2" time="0.005711"/>
        <testcase name="test_コマンドの終了コードが成功時にsuccessになる" file="/Users/ryu/trends-laravel/tests/Unit/Console/ScrapeAllCommandTest.php" line="49" class="Tests\Unit\Console\ScrapeAllCommandTest" classname="Tests.Unit.Console.ScrapeAllCommandTest" assertions="2" time="0.005678"/>
        <testcase name="test_プログレスバーが使用される" file="/Users/ryu/trends-laravel/tests/Unit/Console/ScrapeAllCommandTest.php" line="56" class="Tests\Unit\Console\ScrapeAllCommandTest" classname="Tests.Unit.Console.ScrapeAllCommandTest" assertions="1" time="0.911263"/>
        <testcase name="test_エラーハンドリングの仕組みが存在する" file="/Users/ryu/trends-laravel/tests/Unit/Console/ScrapeAllCommandTest.php" line="64" class="Tests\Unit\Console\ScrapeAllCommandTest" classname="Tests.Unit.Console.ScrapeAllCommandTest" assertions="3" time="0.006413"/>
        <testcase name="test_各プラットフォームのサービスクラスが定義されている" file="/Users/ryu/trends-laravel/tests/Unit/Console/ScrapeAllCommandTest.php" line="76" class="Tests\Unit\Console\ScrapeAllCommandTest" classname="Tests.Unit.Console.ScrapeAllCommandTest" assertions="3" time="0.005728"/>
        <testcase name="test_dry_runオプションが適切に処理される" file="/Users/ryu/trends-laravel/tests/Unit/Console/ScrapeAllCommandTest.php" line="86" class="Tests\Unit\Console\ScrapeAllCommandTest" classname="Tests.Unit.Console.ScrapeAllCommandTest" assertions="2" time="0.005599"/>
        <testcase name="test_記事の取得と保存の分離が行われている" file="/Users/ryu/trends-laravel/tests/Unit/Console/ScrapeAllCommandTest.php" line="95" class="Tests\Unit\Console\ScrapeAllCommandTest" classname="Tests.Unit.Console.ScrapeAllCommandTest" assertions="3" time="0.005621"/>
        <testcase name="test_全プラットフォーム正常実行時の処理フロー" file="/Users/ryu/trends-laravel/tests/Unit/Console/ScrapeAllCommandTest.php" line="105" class="Tests\Unit\Console\ScrapeAllCommandTest" classname="Tests.Unit.Console.ScrapeAllCommandTest" assertions="1" time="0.009064"/>
        <testcase name="test_dry_runオプション使用時のデータ非保存" file="/Users/ryu/trends-laravel/tests/Unit/Console/ScrapeAllCommandTest.php" line="149" class="Tests\Unit\Console\ScrapeAllCommandTest" classname="Tests.Unit.Console.ScrapeAllCommandTest" assertions="1" time="0.006700"/>
        <testcase name="test_一部プラットフォームエラー時の継続処理" file="/Users/ryu/trends-laravel/tests/Unit/Console/ScrapeAllCommandTest.php" line="187" class="Tests\Unit\Console\ScrapeAllCommandTest" classname="Tests.Unit.Console.ScrapeAllCommandTest" assertions="1" time="0.008548"/>
        <testcase name="test_全プラットフォームエラー時の処理" file="/Users/ryu/trends-laravel/tests/Unit/Console/ScrapeAllCommandTest.php" line="230" class="Tests\Unit\Console\ScrapeAllCommandTest" classname="Tests.Unit.Console.ScrapeAllCommandTest" assertions="1" time="0.007219"/>
        <testcase name="test_結果サマリーの表示内容" file="/Users/ryu/trends-laravel/tests/Unit/Console/ScrapeAllCommandTest.php" line="267" class="Tests\Unit\Console\ScrapeAllCommandTest" classname="Tests.Unit.Console.ScrapeAllCommandTest" assertions="3" time="0.007103"/>
      </testsuite>
      <testsuite name="Tests\Unit\Console\ScrapePlatformCommandTest" file="/Users/ryu/trends-laravel/tests/Unit/Console/ScrapePlatformCommandTest.php" tests="19" assertions="43" errors="0" failures="0" skipped="0" time="0.120358">
        <testcase name="test_コマンドの基本情報が正しく設定されている" file="/Users/ryu/trends-laravel/tests/Unit/Console/ScrapePlatformCommandTest.php" line="22" class="Tests\Unit\Console\ScrapePlatformCommandTest" classname="Tests.Unit.Console.ScrapePlatformCommandTest" assertions="2" time="0.010536"/>
        <testcase name="test_プラットフォーム引数が定義されている" file="/Users/ryu/trends-laravel/tests/Unit/Console/ScrapePlatformCommandTest.php" line="30" class="Tests\Unit\Console\ScrapePlatformCommandTest" classname="Tests.Unit.Console.ScrapePlatformCommandTest" assertions="2" time="0.006035"/>
        <testcase name="test_dry_runオプションが定義されている" file="/Users/ryu/trends-laravel/tests/Unit/Console/ScrapePlatformCommandTest.php" line="39" class="Tests\Unit\Console\ScrapePlatformCommandTest" classname="Tests.Unit.Console.ScrapePlatformCommandTest" assertions="2" time="0.005662"/>
        <testcase name="test_プラットフォームマップが正しく定義されている" file="/Users/ryu/trends-laravel/tests/Unit/Console/ScrapePlatformCommandTest.php" line="48" class="Tests\Unit\Console\ScrapePlatformCommandTest" classname="Tests.Unit.Console.ScrapePlatformCommandTest" assertions="6" time="0.005655"/>
        <testcase name="test_無効なプラットフォームでエラーハンドリングが実装されている" file="/Users/ryu/trends-laravel/tests/Unit/Console/ScrapePlatformCommandTest.php" line="61" class="Tests\Unit\Console\ScrapePlatformCommandTest" classname="Tests.Unit.Console.ScrapePlatformCommandTest" assertions="3" time="0.006237"/>
        <testcase name="test_プラットフォーム引数の検証ロジックが存在する" file="/Users/ryu/trends-laravel/tests/Unit/Console/ScrapePlatformCommandTest.php" line="71" class="Tests\Unit\Console\ScrapePlatformCommandTest" classname="Tests.Unit.Console.ScrapePlatformCommandTest" assertions="3" time="0.006166"/>
        <testcase name="test_handleメソッドが実装されている" file="/Users/ryu/trends-laravel/tests/Unit/Console/ScrapePlatformCommandTest.php" line="81" class="Tests\Unit\Console\ScrapePlatformCommandTest" classname="Tests.Unit.Console.ScrapePlatformCommandTest" assertions="2" time="0.006300"/>
        <testcase name="test_コマンド成功と失敗の終了コードが定義されている" file="/Users/ryu/trends-laravel/tests/Unit/Console/ScrapePlatformCommandTest.php" line="90" class="Tests\Unit\Console\ScrapePlatformCommandTest" classname="Tests.Unit.Console.ScrapePlatformCommandTest" assertions="2" time="0.005575"/>
        <testcase name="test_プラットフォーム設定構造が正しい" file="/Users/ryu/trends-laravel/tests/Unit/Console/ScrapePlatformCommandTest.php" line="96" class="Tests\Unit\Console\ScrapePlatformCommandTest" classname="Tests.Unit.Console.ScrapePlatformCommandTest" assertions="5" time="0.005489"/>
        <testcase name="test_引数とオプションの処理ロジックが存在する" file="/Users/ryu/trends-laravel/tests/Unit/Console/ScrapePlatformCommandTest.php" line="108" class="Tests\Unit\Console\ScrapePlatformCommandTest" classname="Tests.Unit.Console.ScrapePlatformCommandTest" assertions="2" time="0.005431"/>
        <testcase name="test_有効なプラットフォームqiitaでの正常実行" file="/Users/ryu/trends-laravel/tests/Unit/Console/ScrapePlatformCommandTest.php" line="117" class="Tests\Unit\Console\ScrapePlatformCommandTest" classname="Tests.Unit.Console.ScrapePlatformCommandTest" assertions="1" time="0.006235"/>
        <testcase name="test_有効なプラットフォームzennでの正常実行" file="/Users/ryu/trends-laravel/tests/Unit/Console/ScrapePlatformCommandTest.php" line="139" class="Tests\Unit\Console\ScrapePlatformCommandTest" classname="Tests.Unit.Console.ScrapePlatformCommandTest" assertions="1" time="0.006141"/>
        <testcase name="test_有効なプラットフォームhatenaでの正常実行" file="/Users/ryu/trends-laravel/tests/Unit/Console/ScrapePlatformCommandTest.php" line="159" class="Tests\Unit\Console\ScrapePlatformCommandTest" classname="Tests.Unit.Console.ScrapePlatformCommandTest" assertions="1" time="0.006098"/>
        <testcase name="test_無効なプラットフォーム指定時のエラー処理" file="/Users/ryu/trends-laravel/tests/Unit/Console/ScrapePlatformCommandTest.php" line="179" class="Tests\Unit\Console\ScrapePlatformCommandTest" classname="Tests.Unit.Console.ScrapePlatformCommandTest" assertions="3" time="0.008243"/>
        <testcase name="test_dry_runモードでのqiita実行" file="/Users/ryu/trends-laravel/tests/Unit/Console/ScrapePlatformCommandTest.php" line="189" class="Tests\Unit\Console\ScrapePlatformCommandTest" classname="Tests.Unit.Console.ScrapePlatformCommandTest" assertions="2" time="0.006368"/>
        <testcase name="test_dry_runモードでのzenn実行" file="/Users/ryu/trends-laravel/tests/Unit/Console/ScrapePlatformCommandTest.php" line="209" class="Tests\Unit\Console\ScrapePlatformCommandTest" classname="Tests.Unit.Console.ScrapePlatformCommandTest" assertions="2" time="0.006090"/>
        <testcase name="test_dry_runモードでのhatena実行" file="/Users/ryu/trends-laravel/tests/Unit/Console/ScrapePlatformCommandTest.php" line="229" class="Tests\Unit\Console\ScrapePlatformCommandTest" classname="Tests.Unit.Console.ScrapePlatformCommandTest" assertions="2" time="0.006035"/>
        <testcase name="test_プラットフォーム名の大文字小文字を無視する" file="/Users/ryu/trends-laravel/tests/Unit/Console/ScrapePlatformCommandTest.php" line="249" class="Tests\Unit\Console\ScrapePlatformCommandTest" classname="Tests.Unit.Console.ScrapePlatformCommandTest" assertions="1" time="0.006055"/>
        <testcase name="test_プラットフォームエラー時の処理" file="/Users/ryu/trends-laravel/tests/Unit/Console/ScrapePlatformCommandTest.php" line="269" class="Tests\Unit\Console\ScrapePlatformCommandTest" classname="Tests.Unit.Console.ScrapePlatformCommandTest" assertions="1" time="0.006007"/>
      </testsuite>
      <testsuite name="Tests\Unit\Console\ScrapeScheduleCommandTest" file="/Users/ryu/trends-laravel/tests/Unit/Console/ScrapeScheduleCommandTest.php" tests="19" assertions="39" errors="0" failures="0" skipped="0" time="0.117005">
        <testcase name="test_コマンドの基本情報が正しく設定されている" file="/Users/ryu/trends-laravel/tests/Unit/Console/ScrapeScheduleCommandTest.php" line="23" class="Tests\Unit\Console\ScrapeScheduleCommandTest" classname="Tests.Unit.Console.ScrapeScheduleCommandTest" assertions="2" time="0.011329"/>
        <testcase name="test_platformオプションが定義されている" file="/Users/ryu/trends-laravel/tests/Unit/Console/ScrapeScheduleCommandTest.php" line="31" class="Tests\Unit\Console\ScrapeScheduleCommandTest" classname="Tests.Unit.Console.ScrapeScheduleCommandTest" assertions="2" time="0.005431"/>
        <testcase name="test_silentオプションが定義されている" file="/Users/ryu/trends-laravel/tests/Unit/Console/ScrapeScheduleCommandTest.php" line="40" class="Tests\Unit\Console\ScrapeScheduleCommandTest" classname="Tests.Unit.Console.ScrapeScheduleCommandTest" assertions="2" time="0.005415"/>
        <testcase name="test_プラットフォームマップが正しく定義されている" file="/Users/ryu/trends-laravel/tests/Unit/Console/ScrapeScheduleCommandTest.php" line="49" class="Tests\Unit\Console\ScrapeScheduleCommandTest" classname="Tests.Unit.Console.ScrapeScheduleCommandTest" assertions="6" time="0.005470"/>
        <testcase name="test_cron_job用の最適化が実装されている" file="/Users/ryu/trends-laravel/tests/Unit/Console/ScrapeScheduleCommandTest.php" line="62" class="Tests\Unit\Console\ScrapeScheduleCommandTest" classname="Tests.Unit.Console.ScrapeScheduleCommandTest" assertions="3" time="0.005441"/>
        <testcase name="test_ログ記録機能が使用されている" file="/Users/ryu/trends-laravel/tests/Unit/Console/ScrapeScheduleCommandTest.php" line="72" class="Tests\Unit\Console\ScrapeScheduleCommandTest" classname="Tests.Unit.Console.ScrapeScheduleCommandTest" assertions="1" time="0.005786"/>
        <testcase name="test_handleメソッドが実装されている" file="/Users/ryu/trends-laravel/tests/Unit/Console/ScrapeScheduleCommandTest.php" line="80" class="Tests\Unit\Console\ScrapeScheduleCommandTest" classname="Tests.Unit.Console.ScrapeScheduleCommandTest" assertions="2" time="0.005641"/>
        <testcase name="test_実行時間測定機能が実装されている" file="/Users/ryu/trends-laravel/tests/Unit/Console/ScrapeScheduleCommandTest.php" line="89" class="Tests\Unit\Console\ScrapeScheduleCommandTest" classname="Tests.Unit.Console.ScrapeScheduleCommandTest" assertions="2" time="0.005512"/>
        <testcase name="test_プラットフォーム選択ロジックが存在する" file="/Users/ryu/trends-laravel/tests/Unit/Console/ScrapeScheduleCommandTest.php" line="98" class="Tests\Unit\Console\ScrapeScheduleCommandTest" classname="Tests.Unit.Console.ScrapeScheduleCommandTest" assertions="3" time="0.005471"/>
        <testcase name="test_サイレントモード処理が実装されている" file="/Users/ryu/trends-laravel/tests/Unit/Console/ScrapeScheduleCommandTest.php" line="108" class="Tests\Unit\Console\ScrapeScheduleCommandTest" classname="Tests.Unit.Console.ScrapeScheduleCommandTest" assertions="2" time="0.005364"/>
        <testcase name="test_プラットフォーム設定構造が正しい" file="/Users/ryu/trends-laravel/tests/Unit/Console/ScrapeScheduleCommandTest.php" line="117" class="Tests\Unit\Console\ScrapeScheduleCommandTest" classname="Tests.Unit.Console.ScrapeScheduleCommandTest" assertions="5" time="0.005339"/>
        <testcase name="test_全プラットフォーム実行での正常処理" file="/Users/ryu/trends-laravel/tests/Unit/Console/ScrapeScheduleCommandTest.php" line="129" class="Tests\Unit\Console\ScrapeScheduleCommandTest" classname="Tests.Unit.Console.ScrapeScheduleCommandTest" assertions="1" time="0.006917"/>
        <testcase name="test_特定プラットフォーム指定での実行" file="/Users/ryu/trends-laravel/tests/Unit/Console/ScrapeScheduleCommandTest.php" line="182" class="Tests\Unit\Console\ScrapeScheduleCommandTest" classname="Tests.Unit.Console.ScrapeScheduleCommandTest" assertions="1" time="0.006411"/>
        <testcase name="test_silentオプション使用時の出力抑制" file="/Users/ryu/trends-laravel/tests/Unit/Console/ScrapeScheduleCommandTest.php" line="211" class="Tests\Unit\Console\ScrapeScheduleCommandTest" classname="Tests.Unit.Console.ScrapeScheduleCommandTest" assertions="2" time="0.006176"/>
        <testcase name="test_実行時間測定の確認" file="/Users/ryu/trends-laravel/tests/Unit/Console/ScrapeScheduleCommandTest.php" line="239" class="Tests\Unit\Console\ScrapeScheduleCommandTest" classname="Tests.Unit.Console.ScrapeScheduleCommandTest" assertions="1" time="0.006249"/>
        <testcase name="test_ログ記録内容の確認" file="/Users/ryu/trends-laravel/tests/Unit/Console/ScrapeScheduleCommandTest.php" line="265" class="Tests\Unit\Console\ScrapeScheduleCommandTest" classname="Tests.Unit.Console.ScrapeScheduleCommandTest" assertions="1" time="0.006295"/>
        <testcase name="test_エラー発生時のログ記録" file="/Users/ryu/trends-laravel/tests/Unit/Console/ScrapeScheduleCommandTest.php" line="297" class="Tests\Unit\Console\ScrapeScheduleCommandTest" classname="Tests.Unit.Console.ScrapeScheduleCommandTest" assertions="1" time="0.006250"/>
        <testcase name="test_無効なプラットフォーム指定時のエラー処理" file="/Users/ryu/trends-laravel/tests/Unit/Console/ScrapeScheduleCommandTest.php" line="323" class="Tests\Unit\Console\ScrapeScheduleCommandTest" classname="Tests.Unit.Console.ScrapeScheduleCommandTest" assertions="1" time="0.006033"/>
        <testcase name="test_複数プラットフォームでの一部エラー時の継続処理" file="/Users/ryu/trends-laravel/tests/Unit/Console/ScrapeScheduleCommandTest.php" line="336" class="Tests\Unit\Console\ScrapeScheduleCommandTest" classname="Tests.Unit.Console.ScrapeScheduleCommandTest" assertions="1" time="0.006475"/>
      </testsuite>
      <testsuite name="Tests\Unit\Constants\ArticleEngagementTest" file="/Users/ryu/trends-laravel/tests/Unit/Constants/ArticleEngagementTest.php" tests="9" assertions="40" errors="0" failures="0" skipped="0" time="0.058348">
        <testcase name="test_通常記事のブックマーク範囲が正しく取得できる" file="/Users/ryu/trends-laravel/tests/Unit/Constants/ArticleEngagementTest.php" line="10" class="Tests\Unit\Constants\ArticleEngagementTest" classname="Tests.Unit.Constants.ArticleEngagementTest" assertions="3" time="0.013527"/>
        <testcase name="test_通常記事のいいね範囲が正しく取得できる" file="/Users/ryu/trends-laravel/tests/Unit/Constants/ArticleEngagementTest.php" line="19" class="Tests\Unit\Constants\ArticleEngagementTest" classname="Tests.Unit.Constants.ArticleEngagementTest" assertions="3" time="0.005451"/>
        <testcase name="test_人気記事のブックマーク範囲が正しく取得できる" file="/Users/ryu/trends-laravel/tests/Unit/Constants/ArticleEngagementTest.php" line="28" class="Tests\Unit\Constants\ArticleEngagementTest" classname="Tests.Unit.Constants.ArticleEngagementTest" assertions="3" time="0.005366"/>
        <testcase name="test_人気記事のいいね範囲が正しく取得できる" file="/Users/ryu/trends-laravel/tests/Unit/Constants/ArticleEngagementTest.php" line="37" class="Tests\Unit\Constants\ArticleEngagementTest" classname="Tests.Unit.Constants.ArticleEngagementTest" assertions="3" time="0.005455"/>
        <testcase name="test_低エンゲージメント記事のブックマーク範囲が正しく取得できる" file="/Users/ryu/trends-laravel/tests/Unit/Constants/ArticleEngagementTest.php" line="46" class="Tests\Unit\Constants\ArticleEngagementTest" classname="Tests.Unit.Constants.ArticleEngagementTest" assertions="3" time="0.005425"/>
        <testcase name="test_低エンゲージメント記事のいいね範囲が正しく取得できる" file="/Users/ryu/trends-laravel/tests/Unit/Constants/ArticleEngagementTest.php" line="55" class="Tests\Unit\Constants\ArticleEngagementTest" classname="Tests.Unit.Constants.ArticleEngagementTest" assertions="3" time="0.006275"/>
        <testcase name="test_高エンゲージメント記事のブックマーク範囲が正しく取得できる" file="/Users/ryu/trends-laravel/tests/Unit/Constants/ArticleEngagementTest.php" line="64" class="Tests\Unit\Constants\ArticleEngagementTest" classname="Tests.Unit.Constants.ArticleEngagementTest" assertions="3" time="0.005769"/>
        <testcase name="test_高エンゲージメント記事のいいね範囲が正しく取得できる" file="/Users/ryu/trends-laravel/tests/Unit/Constants/ArticleEngagementTest.php" line="73" class="Tests\Unit\Constants\ArticleEngagementTest" classname="Tests.Unit.Constants.ArticleEngagementTest" assertions="3" time="0.005634"/>
        <testcase name="test_定数値が期待通りに設定されている" file="/Users/ryu/trends-laravel/tests/Unit/Constants/ArticleEngagementTest.php" line="82" class="Tests\Unit\Constants\ArticleEngagementTest" classname="Tests.Unit.Constants.ArticleEngagementTest" assertions="16" time="0.005445"/>
      </testsuite>
      <testsuite name="Tests\Unit\Constants\CacheTimeTest" file="/Users/ryu/trends-laravel/tests/Unit/Constants/CacheTimeTest.php" tests="18" assertions="82" errors="0" failures="0" skipped="0" time="0.006243">
        <testcase name="test_基本キャッシュ時間定数が正しい値を持つ" file="/Users/ryu/trends-laravel/tests/Unit/Constants/CacheTimeTest.php" line="14" class="Tests\Unit\Constants\CacheTimeTest" classname="Tests.Unit.Constants.CacheTimeTest" assertions="3" time="0.003854"/>
        <testcase name="test_用途別キャッシュ時間定数が正しい値を持つ" file="/Users/ryu/trends-laravel/tests/Unit/Constants/CacheTimeTest.php" line="22" class="Tests\Unit\Constants\CacheTimeTest" classname="Tests.Unit.Constants.CacheTimeTest" assertions="3" time="0.000135"/>
        <testcase name="test_キャッシュ時間の論理的順序が正しい" file="/Users/ryu/trends-laravel/tests/Unit/Constants/CacheTimeTest.php" line="30" class="Tests\Unit\Constants\CacheTimeTest" classname="Tests.Unit.Constants.CacheTimeTest" assertions="3" time="0.000189"/>
        <testcase name="test_用途別キャッシュ時間の妥当性" file="/Users/ryu/trends-laravel/tests/Unit/Constants/CacheTimeTest.php" line="52" class="Tests\Unit\Constants\CacheTimeTest" classname="Tests.Unit.Constants.CacheTimeTest" assertions="3" time="0.000111"/>
        <testsuite name="Tests\Unit\Constants\CacheTimeTest::test_キャッシュ時間定数の型が正しい" tests="6" assertions="12" errors="0" failures="0" skipped="0" time="0.000947">
          <testcase name="test_キャッシュ時間定数の型が正しい with data set &quot;DEFAULT&quot;" file="/Users/ryu/trends-laravel/tests/Unit/Constants/CacheTimeTest.php" line="77" class="Tests\Unit\Constants\CacheTimeTest" classname="Tests.Unit.Constants.CacheTimeTest" assertions="2" time="0.000320"/>
          <testcase name="test_キャッシュ時間定数の型が正しい with data set &quot;SHORT&quot;" file="/Users/ryu/trends-laravel/tests/Unit/Constants/CacheTimeTest.php" line="77" class="Tests\Unit\Constants\CacheTimeTest" classname="Tests.Unit.Constants.CacheTimeTest" assertions="2" time="0.000132"/>
          <testcase name="test_キャッシュ時間定数の型が正しい with data set &quot;LONG&quot;" file="/Users/ryu/trends-laravel/tests/Unit/Constants/CacheTimeTest.php" line="77" class="Tests\Unit\Constants\CacheTimeTest" classname="Tests.Unit.Constants.CacheTimeTest" assertions="2" time="0.000125"/>
          <testcase name="test_キャッシュ時間定数の型が正しい with data set &quot;STATISTICS&quot;" file="/Users/ryu/trends-laravel/tests/Unit/Constants/CacheTimeTest.php" line="77" class="Tests\Unit\Constants\CacheTimeTest" classname="Tests.Unit.Constants.CacheTimeTest" assertions="2" time="0.000124"/>
          <testcase name="test_キャッシュ時間定数の型が正しい with data set &quot;RANKING&quot;" file="/Users/ryu/trends-laravel/tests/Unit/Constants/CacheTimeTest.php" line="77" class="Tests\Unit\Constants\CacheTimeTest" classname="Tests.Unit.Constants.CacheTimeTest" assertions="2" time="0.000123"/>
          <testcase name="test_キャッシュ時間定数の型が正しい with data set &quot;COMPANY_DETAIL&quot;" file="/Users/ryu/trends-laravel/tests/Unit/Constants/CacheTimeTest.php" line="77" class="Tests\Unit\Constants\CacheTimeTest" classname="Tests.Unit.Constants.CacheTimeTest" assertions="2" time="0.000123"/>
        </testsuite>
        <testcase name="test_キャッシュ時間値の範囲が適切である" file="/Users/ryu/trends-laravel/tests/Unit/Constants/CacheTimeTest.php" line="98" class="Tests\Unit\Constants\CacheTimeTest" classname="Tests.Unit.Constants.CacheTimeTest" assertions="18" time="0.000188"/>
        <testcase name="test_秒単位での時間設定の妥当性" file="/Users/ryu/trends-laravel/tests/Unit/Constants/CacheTimeTest.php" line="116" class="Tests\Unit\Constants\CacheTimeTest" classname="Tests.Unit.Constants.CacheTimeTest" assertions="3" time="0.000107"/>
        <testcase name="test_ビジネス要件との整合性" file="/Users/ryu/trends-laravel/tests/Unit/Constants/CacheTimeTest.php" line="129" class="Tests\Unit\Constants\CacheTimeTest" classname="Tests.Unit.Constants.CacheTimeTest" assertions="6" time="0.000105"/>
        <testcase name="test_全定数がアクセス可能である" file="/Users/ryu/trends-laravel/tests/Unit/Constants/CacheTimeTest.php" line="151" class="Tests\Unit\Constants\CacheTimeTest" classname="Tests.Unit.Constants.CacheTimeTest" assertions="7" time="0.000125"/>
        <testcase name="test_定数の不変性確認" file="/Users/ryu/trends-laravel/tests/Unit/Constants/CacheTimeTest.php" line="173" class="Tests\Unit\Constants\CacheTimeTest" classname="Tests.Unit.Constants.CacheTimeTest" assertions="3" time="0.000100"/>
        <testcase name="test_パフォーマンス要件との整合性" file="/Users/ryu/trends-laravel/tests/Unit/Constants/CacheTimeTest.php" line="186" class="Tests\Unit\Constants\CacheTimeTest" classname="Tests.Unit.Constants.CacheTimeTest" assertions="3" time="0.000108"/>
        <testcase name="test_キャッシュ戦略の分類妥当性" file="/Users/ryu/trends-laravel/tests/Unit/Constants/CacheTimeTest.php" line="207" class="Tests\Unit\Constants\CacheTimeTest" classname="Tests.Unit.Constants.CacheTimeTest" assertions="14" time="0.000146"/>
        <testcase name="test_実用的な時間設定確認" file="/Users/ryu/trends-laravel/tests/Unit/Constants/CacheTimeTest.php" line="230" class="Tests\Unit\Constants\CacheTimeTest" classname="Tests.Unit.Constants.CacheTimeTest" assertions="4" time="0.000127"/>
      </testsuite>
      <testsuite name="Tests\Unit\Constants\PlatformTest" file="/Users/ryu/trends-laravel/tests/Unit/Constants/PlatformTest.php" tests="53" assertions="90" errors="0" failures="0" skipped="0" time="0.009834">
        <testcase name="qiita定数が正しい値を持つ" file="/Users/ryu/trends-laravel/tests/Unit/Constants/PlatformTest.php" line="13" class="Tests\Unit\Constants\PlatformTest" classname="Tests.Unit.Constants.PlatformTest" assertions="1" time="0.003555"/>
        <testcase name="zenn定数が正しい値を持つ" file="/Users/ryu/trends-laravel/tests/Unit/Constants/PlatformTest.php" line="19" class="Tests\Unit\Constants\PlatformTest" classname="Tests.Unit.Constants.PlatformTest" assertions="1" time="0.000106"/>
        <testcase name="はてなブックマーク定数が正しい値を持つ" file="/Users/ryu/trends-laravel/tests/Unit/Constants/PlatformTest.php" line="25" class="Tests\Unit\Constants\PlatformTest" classname="Tests.Unit.Constants.PlatformTest" assertions="1" time="0.000112"/>
        <testcase name="all定数が全プラットフォームを含む" file="/Users/ryu/trends-laravel/tests/Unit/Constants/PlatformTest.php" line="31" class="Tests\Unit\Constants\PlatformTest" classname="Tests.Unit.Constants.PlatformTest" assertions="2" time="0.000109"/>
        <testcase name="urls定数が正しいurlを含む" file="/Users/ryu/trends-laravel/tests/Unit/Constants/PlatformTest.php" line="44" class="Tests\Unit\Constants\PlatformTest" classname="Tests.Unit.Constants.PlatformTest" assertions="1" time="0.000103"/>
        <testcase name="rate_limits定数が正しい制限値を含む" file="/Users/ryu/trends-laravel/tests/Unit/Constants/PlatformTest.php" line="56" class="Tests\Unit\Constants\PlatformTest" classname="Tests.Unit.Constants.PlatformTest" assertions="1" time="0.000089"/>
        <testcase name="get_valid_platformsが全プラットフォームを返す" file="/Users/ryu/trends-laravel/tests/Unit/Constants/PlatformTest.php" line="68" class="Tests\Unit\Constants\PlatformTest" classname="Tests.Unit.Constants.PlatformTest" assertions="4" time="0.000211"/>
        <testsuite name="Tests\Unit\Constants\PlatformTest::is_validが有効なプラットフォーム名でtrueを返す" tests="3" assertions="3" errors="0" failures="0" skipped="0" time="0.000361">
          <testcase name="is_validが有効なプラットフォーム名でtrueを返す with data set &quot;Qiita&quot;" file="/Users/ryu/trends-laravel/tests/Unit/Constants/PlatformTest.php" line="80" class="Tests\Unit\Constants\PlatformTest" classname="Tests.Unit.Constants.PlatformTest" assertions="1" time="0.000136"/>
          <testcase name="is_validが有効なプラットフォーム名でtrueを返す with data set &quot;Zenn&quot;" file="/Users/ryu/trends-laravel/tests/Unit/Constants/PlatformTest.php" line="80" class="Tests\Unit\Constants\PlatformTest" classname="Tests.Unit.Constants.PlatformTest" assertions="1" time="0.000114"/>
          <testcase name="is_validが有効なプラットフォーム名でtrueを返す with data set &quot;はてなブックマーク&quot;" file="/Users/ryu/trends-laravel/tests/Unit/Constants/PlatformTest.php" line="80" class="Tests\Unit\Constants\PlatformTest" classname="Tests.Unit.Constants.PlatformTest" assertions="1" time="0.000111"/>
        </testsuite>
        <testsuite name="Tests\Unit\Constants\PlatformTest::is_validが無効なプラットフォーム名でfalseを返す" tests="8" assertions="8" errors="0" failures="0" skipped="0" time="0.000896">
          <testcase name="is_validが無効なプラットフォーム名でfalseを返す with data set &quot;存在しないプラットフォーム&quot;" file="/Users/ryu/trends-laravel/tests/Unit/Constants/PlatformTest.php" line="96" class="Tests\Unit\Constants\PlatformTest" classname="Tests.Unit.Constants.PlatformTest" assertions="1" time="0.000141"/>
          <testcase name="is_validが無効なプラットフォーム名でfalseを返す with data set &quot;空文字列&quot;" file="/Users/ryu/trends-laravel/tests/Unit/Constants/PlatformTest.php" line="96" class="Tests\Unit\Constants\PlatformTest" classname="Tests.Unit.Constants.PlatformTest" assertions="1" time="0.000110"/>
          <testcase name="is_validが無効なプラットフォーム名でfalseを返す with data set &quot;大文字小文字違い&quot;" file="/Users/ryu/trends-laravel/tests/Unit/Constants/PlatformTest.php" line="96" class="Tests\Unit\Constants\PlatformTest" classname="Tests.Unit.Constants.PlatformTest" assertions="1" time="0.000107"/>
          <testcase name="is_validが無効なプラットフォーム名でfalseを返す with data set &quot;ZENN大文字&quot;" file="/Users/ryu/trends-laravel/tests/Unit/Constants/PlatformTest.php" line="96" class="Tests\Unit\Constants\PlatformTest" classname="Tests.Unit.Constants.PlatformTest" assertions="1" time="0.000107"/>
          <testcase name="is_validが無効なプラットフォーム名でfalseを返す with data set &quot;スペース含み&quot;" file="/Users/ryu/trends-laravel/tests/Unit/Constants/PlatformTest.php" line="96" class="Tests\Unit\Constants\PlatformTest" classname="Tests.Unit.Constants.PlatformTest" assertions="1" time="0.000108"/>
          <testcase name="is_validが無効なプラットフォーム名でfalseを返す with data set &quot;null文字列&quot;" file="/Users/ryu/trends-laravel/tests/Unit/Constants/PlatformTest.php" line="96" class="Tests\Unit\Constants\PlatformTest" classname="Tests.Unit.Constants.PlatformTest" assertions="1" time="0.000110"/>
          <testcase name="is_validが無効なプラットフォーム名でfalseを返す with data set &quot;GitHub&quot;" file="/Users/ryu/trends-laravel/tests/Unit/Constants/PlatformTest.php" line="96" class="Tests\Unit\Constants\PlatformTest" classname="Tests.Unit.Constants.PlatformTest" assertions="1" time="0.000107"/>
          <testcase name="is_validが無効なプラットフォーム名でfalseを返す with data set &quot;はてな&quot;" file="/Users/ryu/trends-laravel/tests/Unit/Constants/PlatformTest.php" line="96" class="Tests\Unit\Constants\PlatformTest" classname="Tests.Unit.Constants.PlatformTest" assertions="1" time="0.000107"/>
        </testsuite>
        <testsuite name="Tests\Unit\Constants\PlatformTest::get_urlが有効なプラットフォームで正しいurlを返す" tests="3" assertions="3" errors="0" failures="0" skipped="0" time="0.000331">
          <testcase name="get_urlが有効なプラットフォームで正しいurlを返す with data set &quot;Qiita&quot;" file="/Users/ryu/trends-laravel/tests/Unit/Constants/PlatformTest.php" line="117" class="Tests\Unit\Constants\PlatformTest" classname="Tests.Unit.Constants.PlatformTest" assertions="1" time="0.000113"/>
          <testcase name="get_urlが有効なプラットフォームで正しいurlを返す with data set &quot;Zenn&quot;" file="/Users/ryu/trends-laravel/tests/Unit/Constants/PlatformTest.php" line="117" class="Tests\Unit\Constants\PlatformTest" classname="Tests.Unit.Constants.PlatformTest" assertions="1" time="0.000109"/>
          <testcase name="get_urlが有効なプラットフォームで正しいurlを返す with data set &quot;はてなブックマーク&quot;" file="/Users/ryu/trends-laravel/tests/Unit/Constants/PlatformTest.php" line="117" class="Tests\Unit\Constants\PlatformTest" classname="Tests.Unit.Constants.PlatformTest" assertions="1" time="0.000110"/>
        </testsuite>
        <testsuite name="Tests\Unit\Constants\PlatformTest::get_urlが無効なプラットフォーム名でnullを返す" tests="8" assertions="8" errors="0" failures="0" skipped="0" time="0.000894">
          <testcase name="get_urlが無効なプラットフォーム名でnullを返す with data set &quot;存在しないプラットフォーム&quot;" file="/Users/ryu/trends-laravel/tests/Unit/Constants/PlatformTest.php" line="133" class="Tests\Unit\Constants\PlatformTest" classname="Tests.Unit.Constants.PlatformTest" assertions="1" time="0.000141"/>
          <testcase name="get_urlが無効なプラットフォーム名でnullを返す with data set &quot;空文字列&quot;" file="/Users/ryu/trends-laravel/tests/Unit/Constants/PlatformTest.php" line="133" class="Tests\Unit\Constants\PlatformTest" classname="Tests.Unit.Constants.PlatformTest" assertions="1" time="0.000107"/>
          <testcase name="get_urlが無効なプラットフォーム名でnullを返す with data set &quot;大文字小文字違い&quot;" file="/Users/ryu/trends-laravel/tests/Unit/Constants/PlatformTest.php" line="133" class="Tests\Unit\Constants\PlatformTest" classname="Tests.Unit.Constants.PlatformTest" assertions="1" time="0.000107"/>
          <testcase name="get_urlが無効なプラットフォーム名でnullを返す with data set &quot;ZENN大文字&quot;" file="/Users/ryu/trends-laravel/tests/Unit/Constants/PlatformTest.php" line="133" class="Tests\Unit\Constants\PlatformTest" classname="Tests.Unit.Constants.PlatformTest" assertions="1" time="0.000107"/>
          <testcase name="get_urlが無効なプラットフォーム名でnullを返す with data set &quot;スペース含み&quot;" file="/Users/ryu/trends-laravel/tests/Unit/Constants/PlatformTest.php" line="133" class="Tests\Unit\Constants\PlatformTest" classname="Tests.Unit.Constants.PlatformTest" assertions="1" time="0.000109"/>
          <testcase name="get_urlが無効なプラットフォーム名でnullを返す with data set &quot;null文字列&quot;" file="/Users/ryu/trends-laravel/tests/Unit/Constants/PlatformTest.php" line="133" class="Tests\Unit\Constants\PlatformTest" classname="Tests.Unit.Constants.PlatformTest" assertions="1" time="0.000106"/>
          <testcase name="get_urlが無効なプラットフォーム名でnullを返す with data set &quot;GitHub&quot;" file="/Users/ryu/trends-laravel/tests/Unit/Constants/PlatformTest.php" line="133" class="Tests\Unit\Constants\PlatformTest" classname="Tests.Unit.Constants.PlatformTest" assertions="1" time="0.000108"/>
          <testcase name="get_urlが無効なプラットフォーム名でnullを返す with data set &quot;はてな&quot;" file="/Users/ryu/trends-laravel/tests/Unit/Constants/PlatformTest.php" line="133" class="Tests\Unit\Constants\PlatformTest" classname="Tests.Unit.Constants.PlatformTest" assertions="1" time="0.000109"/>
        </testsuite>
        <testsuite name="Tests\Unit\Constants\PlatformTest::get_rate_limitが有効なプラットフォームで正しい制限値を返す" tests="3" assertions="3" errors="0" failures="0" skipped="0" time="0.000333">
          <testcase name="get_rate_limitが有効なプラットフォームで正しい制限値を返す with data set &quot;Qiita&quot;" file="/Users/ryu/trends-laravel/tests/Unit/Constants/PlatformTest.php" line="140" class="Tests\Unit\Constants\PlatformTest" classname="Tests.Unit.Constants.PlatformTest" assertions="1" time="0.000113"/>
          <testcase name="get_rate_limitが有効なプラットフォームで正しい制限値を返す with data set &quot;Zenn&quot;" file="/Users/ryu/trends-laravel/tests/Unit/Constants/PlatformTest.php" line="140" class="Tests\Unit\Constants\PlatformTest" classname="Tests.Unit.Constants.PlatformTest" assertions="1" time="0.000109"/>
          <testcase name="get_rate_limitが有効なプラットフォームで正しい制限値を返す with data set &quot;はてなブックマーク&quot;" file="/Users/ryu/trends-laravel/tests/Unit/Constants/PlatformTest.php" line="140" class="Tests\Unit\Constants\PlatformTest" classname="Tests.Unit.Constants.PlatformTest" assertions="1" time="0.000111"/>
        </testsuite>
        <testsuite name="Tests\Unit\Constants\PlatformTest::get_rate_limitが無効なプラットフォーム名でnullを返す" tests="8" assertions="8" errors="0" failures="0" skipped="0" time="0.000876">
          <testcase name="get_rate_limitが無効なプラットフォーム名でnullを返す with data set &quot;存在しないプラットフォーム&quot;" file="/Users/ryu/trends-laravel/tests/Unit/Constants/PlatformTest.php" line="156" class="Tests\Unit\Constants\PlatformTest" classname="Tests.Unit.Constants.PlatformTest" assertions="1" time="0.000127"/>
          <testcase name="get_rate_limitが無効なプラットフォーム名でnullを返す with data set &quot;空文字列&quot;" file="/Users/ryu/trends-laravel/tests/Unit/Constants/PlatformTest.php" line="156" class="Tests\Unit\Constants\PlatformTest" classname="Tests.Unit.Constants.PlatformTest" assertions="1" time="0.000107"/>
          <testcase name="get_rate_limitが無効なプラットフォーム名でnullを返す with data set &quot;大文字小文字違い&quot;" file="/Users/ryu/trends-laravel/tests/Unit/Constants/PlatformTest.php" line="156" class="Tests\Unit\Constants\PlatformTest" classname="Tests.Unit.Constants.PlatformTest" assertions="1" time="0.000106"/>
          <testcase name="get_rate_limitが無効なプラットフォーム名でnullを返す with data set &quot;ZENN大文字&quot;" file="/Users/ryu/trends-laravel/tests/Unit/Constants/PlatformTest.php" line="156" class="Tests\Unit\Constants\PlatformTest" classname="Tests.Unit.Constants.PlatformTest" assertions="1" time="0.000108"/>
          <testcase name="get_rate_limitが無効なプラットフォーム名でnullを返す with data set &quot;スペース含み&quot;" file="/Users/ryu/trends-laravel/tests/Unit/Constants/PlatformTest.php" line="156" class="Tests\Unit\Constants\PlatformTest" classname="Tests.Unit.Constants.PlatformTest" assertions="1" time="0.000106"/>
          <testcase name="get_rate_limitが無効なプラットフォーム名でnullを返す with data set &quot;null文字列&quot;" file="/Users/ryu/trends-laravel/tests/Unit/Constants/PlatformTest.php" line="156" class="Tests\Unit\Constants\PlatformTest" classname="Tests.Unit.Constants.PlatformTest" assertions="1" time="0.000106"/>
          <testcase name="get_rate_limitが無効なプラットフォーム名でnullを返す with data set &quot;GitHub&quot;" file="/Users/ryu/trends-laravel/tests/Unit/Constants/PlatformTest.php" line="156" class="Tests\Unit\Constants\PlatformTest" classname="Tests.Unit.Constants.PlatformTest" assertions="1" time="0.000107"/>
          <testcase name="get_rate_limitが無効なプラットフォーム名でnullを返す with data set &quot;はてな&quot;" file="/Users/ryu/trends-laravel/tests/Unit/Constants/PlatformTest.php" line="156" class="Tests\Unit\Constants\PlatformTest" classname="Tests.Unit.Constants.PlatformTest" assertions="1" time="0.000108"/>
        </testsuite>
        <testcase name="all配列とurls配列のキーが一致する" file="/Users/ryu/trends-laravel/tests/Unit/Constants/PlatformTest.php" line="162" class="Tests\Unit\Constants\PlatformTest" classname="Tests.Unit.Constants.PlatformTest" assertions="1" time="0.000117"/>
        <testcase name="all配列とrate_limits配列のキーが一致する" file="/Users/ryu/trends-laravel/tests/Unit/Constants/PlatformTest.php" line="174" class="Tests\Unit\Constants\PlatformTest" classname="Tests.Unit.Constants.PlatformTest" assertions="1" time="0.000094"/>
        <testcase name="urls配列とrate_limits配列のキーが一致する" file="/Users/ryu/trends-laravel/tests/Unit/Constants/PlatformTest.php" line="186" class="Tests\Unit\Constants\PlatformTest" classname="Tests.Unit.Constants.PlatformTest" assertions="1" time="0.000092"/>
        <testcase name="プラットフォーム定数値に重複がない" file="/Users/ryu/trends-laravel/tests/Unit/Constants/PlatformTest.php" line="198" class="Tests\Unit\Constants\PlatformTest" classname="Tests.Unit.Constants.PlatformTest" assertions="1" time="0.000110"/>
        <testcase name="urlが有効な形式である" file="/Users/ryu/trends-laravel/tests/Unit/Constants/PlatformTest.php" line="210" class="Tests\Unit\Constants\PlatformTest" classname="Tests.Unit.Constants.PlatformTest" assertions="6" time="0.000159"/>
        <testcase name="レート制限が正の整数である" file="/Users/ryu/trends-laravel/tests/Unit/Constants/PlatformTest.php" line="219" class="Tests\Unit\Constants\PlatformTest" classname="Tests.Unit.Constants.PlatformTest" assertions="6" time="0.000109"/>
        <testcase name="レート制限が現実的な範囲内である" file="/Users/ryu/trends-laravel/tests/Unit/Constants/PlatformTest.php" line="228" class="Tests\Unit\Constants\PlatformTest" classname="Tests.Unit.Constants.PlatformTest" assertions="12" time="0.000165"/>
        <testcase name="静的メソッドが正しく動作する" file="/Users/ryu/trends-laravel/tests/Unit/Constants/PlatformTest.php" line="237" class="Tests\Unit\Constants\PlatformTest" classname="Tests.Unit.Constants.PlatformTest" assertions="4" time="0.000120"/>
        <testcase name="エッジケース_空文字列での各メソッド動作" file="/Users/ryu/trends-laravel/tests/Unit/Constants/PlatformTest.php" line="253" class="Tests\Unit\Constants\PlatformTest" classname="Tests.Unit.Constants.PlatformTest" assertions="3" time="0.000102"/>
        <testcase name="エッジケース_null文字列での各メソッド動作" file="/Users/ryu/trends-laravel/tests/Unit/Constants/PlatformTest.php" line="263" class="Tests\Unit\Constants\PlatformTest" classname="Tests.Unit.Constants.PlatformTest" assertions="3" time="0.000099"/>
        <testcase name="エッジケース_大文字小文字の違いは区別される" file="/Users/ryu/trends-laravel/tests/Unit/Constants/PlatformTest.php" line="273" class="Tests\Unit\Constants\PlatformTest" classname="Tests.Unit.Constants.PlatformTest" assertions="4" time="0.000098"/>
        <testcase name="定数の不変性確認" file="/Users/ryu/trends-laravel/tests/Unit/Constants/PlatformTest.php" line="282" class="Tests\Unit\Constants\PlatformTest" classname="Tests.Unit.Constants.PlatformTest" assertions="3" time="0.000099"/>
        <testcase name="パフォーマンステスト_大量呼び出し" file="/Users/ryu/trends-laravel/tests/Unit/Constants/PlatformTest.php" line="295" class="Tests\Unit\Constants\PlatformTest" classname="Tests.Unit.Constants.PlatformTest" assertions="1" time="0.000494"/>
      </testsuite>
      <testsuite name="Tests\Unit\Constants\RankingConstantsTest" file="/Users/ryu/trends-laravel/tests/Unit/Constants/RankingConstantsTest.php" tests="11" assertions="28" errors="0" failures="0" skipped="0" time="0.012287">
        <testcase name="test_全期間開始年定数が正しい値を持つ" file="/Users/ryu/trends-laravel/tests/Unit/Constants/RankingConstantsTest.php" line="14" class="Tests\Unit\Constants\RankingConstantsTest" classname="Tests.Unit.Constants.RankingConstantsTest" assertions="1" time="0.010932"/>
        <testcase name="test_計算乗数定数が正しい値を持つ" file="/Users/ryu/trends-laravel/tests/Unit/Constants/RankingConstantsTest.php" line="20" class="Tests\Unit\Constants\RankingConstantsTest" classname="Tests.Unit.Constants.RankingConstantsTest" assertions="1" time="0.000129"/>
        <testsuite name="Tests\Unit\Constants\RankingConstantsTest::test_定数の型が正しい" tests="2" assertions="4" errors="0" failures="0" skipped="0" time="0.000274">
          <testcase name="test_定数の型が正しい with data set &quot;ALL_TIME_START_YEAR&quot;" file="/Users/ryu/trends-laravel/tests/Unit/Constants/RankingConstantsTest.php" line="27" class="Tests\Unit\Constants\RankingConstantsTest" classname="Tests.Unit.Constants.RankingConstantsTest" assertions="2" time="0.000144"/>
          <testcase name="test_定数の型が正しい with data set &quot;CALCULATION_MULTIPLIER&quot;" file="/Users/ryu/trends-laravel/tests/Unit/Constants/RankingConstantsTest.php" line="27" class="Tests\Unit\Constants\RankingConstantsTest" classname="Tests.Unit.Constants.RankingConstantsTest" assertions="2" time="0.000130"/>
        </testsuite>
        <testcase name="test_全期間開始年の値が現実的である" file="/Users/ryu/trends-laravel/tests/Unit/Constants/RankingConstantsTest.php" line="44" class="Tests\Unit\Constants\RankingConstantsTest" classname="Tests.Unit.Constants.RankingConstantsTest" assertions="4" time="0.000244"/>
        <testcase name="test_計算乗数の値が妥当である" file="/Users/ryu/trends-laravel/tests/Unit/Constants/RankingConstantsTest.php" line="51" class="Tests\Unit\Constants\RankingConstantsTest" classname="Tests.Unit.Constants.RankingConstantsTest" assertions="3" time="0.000122"/>
        <testcase name="test_全定数がアクセス可能である" file="/Users/ryu/trends-laravel/tests/Unit/Constants/RankingConstantsTest.php" line="58" class="Tests\Unit\Constants\RankingConstantsTest" classname="Tests.Unit.Constants.RankingConstantsTest" assertions="3" time="0.000115"/>
        <testcase name="test_定数の不変性確認" file="/Users/ryu/trends-laravel/tests/Unit/Constants/RankingConstantsTest.php" line="76" class="Tests\Unit\Constants\RankingConstantsTest" classname="Tests.Unit.Constants.RankingConstantsTest" assertions="2" time="0.000101"/>
        <testcase name="test_ビジネスロジック要件との整合性" file="/Users/ryu/trends-laravel/tests/Unit/Constants/RankingConstantsTest.php" line="87" class="Tests\Unit\Constants\RankingConstantsTest" classname="Tests.Unit.Constants.RankingConstantsTest" assertions="4" time="0.000126"/>
        <testcase name="test_ランキング計算での数値オーバーフロー回避" file="/Users/ryu/trends-laravel/tests/Unit/Constants/RankingConstantsTest.php" line="101" class="Tests\Unit\Constants\RankingConstantsTest" classname="Tests.Unit.Constants.RankingConstantsTest" assertions="2" time="0.000116"/>
        <testcase name="test_開始年の過去データ収集妥当性" file="/Users/ryu/trends-laravel/tests/Unit/Constants/RankingConstantsTest.php" line="112" class="Tests\Unit\Constants\RankingConstantsTest" classname="Tests.Unit.Constants.RankingConstantsTest" assertions="4" time="0.000128"/>
      </testsuite>
      <testsuite name="Tests\Unit\Constants\RankingPeriodTest" file="/Users/ryu/trends-laravel/tests/Unit/Constants/RankingPeriodTest.php" tests="28" assertions="113" errors="0" failures="0" skipped="0" time="0.165227">
        <testcase name="test_期間タイプ定数が存在する" file="/Users/ryu/trends-laravel/tests/Unit/Constants/RankingPeriodTest.php" line="10" class="Tests\Unit\Constants\RankingPeriodTest" classname="Tests.Unit.Constants.RankingPeriodTest" assertions="2" time="0.008721"/>
        <testcase name="test_期間タイプ定数が期待される期間を含む" file="/Users/ryu/trends-laravel/tests/Unit/Constants/RankingPeriodTest.php" line="16" class="Tests\Unit\Constants\RankingPeriodTest" classname="Tests.Unit.Constants.RankingPeriodTest" assertions="7" time="0.005650"/>
        <testcase name="test_期間タイプ定数が正しい値を持つ" file="/Users/ryu/trends-laravel/tests/Unit/Constants/RankingPeriodTest.php" line="25" class="Tests\Unit\Constants\RankingPeriodTest" classname="Tests.Unit.Constants.RankingPeriodTest" assertions="1" time="0.005566"/>
        <testcase name="test_有効な期間を取得する" file="/Users/ryu/trends-laravel/tests/Unit/Constants/RankingPeriodTest.php" line="40" class="Tests\Unit\Constants\RankingPeriodTest" classname="Tests.Unit.Constants.RankingPeriodTest" assertions="3" time="0.005609"/>
        <testcase name="test_有効な期間で日数を取得する" file="/Users/ryu/trends-laravel/tests/Unit/Constants/RankingPeriodTest.php" line="51" class="Tests\Unit\Constants\RankingPeriodTest" classname="Tests.Unit.Constants.RankingPeriodTest" assertions="7" time="0.005633"/>
        <testcase name="test_無効な期間で日数取得時に例外が発生する" file="/Users/ryu/trends-laravel/tests/Unit/Constants/RankingPeriodTest.php" line="68" class="Tests\Unit\Constants\RankingPeriodTest" classname="Tests.Unit.Constants.RankingPeriodTest" assertions="3" time="0.005644"/>
        <testcase name="test_有効な期間でバリデーションが成功する" file="/Users/ryu/trends-laravel/tests/Unit/Constants/RankingPeriodTest.php" line="75" class="Tests\Unit\Constants\RankingPeriodTest" classname="Tests.Unit.Constants.RankingPeriodTest" assertions="7" time="0.005723"/>
        <testcase name="test_無効な期間でバリデーションが失敗する" file="/Users/ryu/trends-laravel/tests/Unit/Constants/RankingPeriodTest.php" line="84" class="Tests\Unit\Constants\RankingPeriodTest" classname="Tests.Unit.Constants.RankingPeriodTest" assertions="7" time="0.005631"/>
        <testcase name="test_無効なタイプでバリデーションが失敗する" file="/Users/ryu/trends-laravel/tests/Unit/Constants/RankingPeriodTest.php" line="93" class="Tests\Unit\Constants\RankingPeriodTest" classname="Tests.Unit.Constants.RankingPeriodTest" assertions="9" time="0.005703"/>
        <testcase name="test_バリデーションルールを取得する" file="/Users/ryu/trends-laravel/tests/Unit/Constants/RankingPeriodTest.php" line="109" class="Tests\Unit\Constants\RankingPeriodTest" classname="Tests.Unit.Constants.RankingPeriodTest" assertions="3" time="0.005698"/>
        <testcase name="test_エラーメッセージを取得する" file="/Users/ryu/trends-laravel/tests/Unit/Constants/RankingPeriodTest.php" line="120" class="Tests\Unit\Constants\RankingPeriodTest" classname="Tests.Unit.Constants.RankingPeriodTest" assertions="4" time="0.005765"/>
        <testcase name="test_全メソッドが一貫したデータを返す" file="/Users/ryu/trends-laravel/tests/Unit/Constants/RankingPeriodTest.php" line="132" class="Tests\Unit\Constants\RankingPeriodTest" classname="Tests.Unit.Constants.RankingPeriodTest" assertions="15" time="0.005675"/>
        <testcase name="test_バリデーションルールが全有効期間を含む" file="/Users/ryu/trends-laravel/tests/Unit/Constants/RankingPeriodTest.php" line="151" class="Tests\Unit\Constants\RankingPeriodTest" classname="Tests.Unit.Constants.RankingPeriodTest" assertions="1" time="0.005798"/>
        <testcase name="test_エラーメッセージが全有効期間を含む" file="/Users/ryu/trends-laravel/tests/Unit/Constants/RankingPeriodTest.php" line="164" class="Tests\Unit\Constants\RankingPeriodTest" classname="Tests.Unit.Constants.RankingPeriodTest" assertions="7" time="0.005666"/>
        <testcase name="test_期間タイプ定数が不変である" file="/Users/ryu/trends-laravel/tests/Unit/Constants/RankingPeriodTest.php" line="174" class="Tests\Unit\Constants\RankingPeriodTest" classname="Tests.Unit.Constants.RankingPeriodTest" assertions="2" time="0.005731"/>
        <testcase name="test_大文字小文字を区別しない" file="/Users/ryu/trends-laravel/tests/Unit/Constants/RankingPeriodTest.php" line="184" class="Tests\Unit\Constants\RankingPeriodTest" classname="Tests.Unit.Constants.RankingPeriodTest" assertions="6" time="0.005626"/>
        <testsuite name="Tests\Unit\Constants\RankingPeriodTest::test_期間データプロバイダーテスト" tests="10" assertions="20" errors="0" failures="0" skipped="0" time="0.059535">
          <testcase name="test_期間データプロバイダーテスト with data set &quot;one week&quot;" file="/Users/ryu/trends-laravel/tests/Unit/Constants/RankingPeriodTest.php" line="197" class="Tests\Unit\Constants\RankingPeriodTest" classname="Tests.Unit.Constants.RankingPeriodTest" assertions="2" time="0.005708"/>
          <testcase name="test_期間データプロバイダーテスト with data set &quot;one month&quot;" file="/Users/ryu/trends-laravel/tests/Unit/Constants/RankingPeriodTest.php" line="197" class="Tests\Unit\Constants\RankingPeriodTest" classname="Tests.Unit.Constants.RankingPeriodTest" assertions="2" time="0.008050"/>
          <testcase name="test_期間データプロバイダーテスト with data set &quot;three months&quot;" file="/Users/ryu/trends-laravel/tests/Unit/Constants/RankingPeriodTest.php" line="197" class="Tests\Unit\Constants\RankingPeriodTest" classname="Tests.Unit.Constants.RankingPeriodTest" assertions="2" time="0.005905"/>
          <testcase name="test_期間データプロバイダーテスト with data set &quot;six months&quot;" file="/Users/ryu/trends-laravel/tests/Unit/Constants/RankingPeriodTest.php" line="197" class="Tests\Unit\Constants\RankingPeriodTest" classname="Tests.Unit.Constants.RankingPeriodTest" assertions="2" time="0.005720"/>
          <testcase name="test_期間データプロバイダーテスト with data set &quot;one year&quot;" file="/Users/ryu/trends-laravel/tests/Unit/Constants/RankingPeriodTest.php" line="197" class="Tests\Unit\Constants\RankingPeriodTest" classname="Tests.Unit.Constants.RankingPeriodTest" assertions="2" time="0.005764"/>
          <testcase name="test_期間データプロバイダーテスト with data set &quot;three years&quot;" file="/Users/ryu/trends-laravel/tests/Unit/Constants/RankingPeriodTest.php" line="197" class="Tests\Unit\Constants\RankingPeriodTest" classname="Tests.Unit.Constants.RankingPeriodTest" assertions="2" time="0.005661"/>
          <testcase name="test_期間データプロバイダーテスト with data set &quot;all time&quot;" file="/Users/ryu/trends-laravel/tests/Unit/Constants/RankingPeriodTest.php" line="197" class="Tests\Unit\Constants\RankingPeriodTest" classname="Tests.Unit.Constants.RankingPeriodTest" assertions="2" time="0.005707"/>
          <testcase name="test_期間データプロバイダーテスト with data set &quot;invalid period&quot;" file="/Users/ryu/trends-laravel/tests/Unit/Constants/RankingPeriodTest.php" line="197" class="Tests\Unit\Constants\RankingPeriodTest" classname="Tests.Unit.Constants.RankingPeriodTest" assertions="2" time="0.005659"/>
          <testcase name="test_期間データプロバイダーテスト with data set &quot;empty string&quot;" file="/Users/ryu/trends-laravel/tests/Unit/Constants/RankingPeriodTest.php" line="197" class="Tests\Unit\Constants\RankingPeriodTest" classname="Tests.Unit.Constants.RankingPeriodTest" assertions="2" time="0.005680"/>
          <testcase name="test_期間データプロバイダーテスト with data set &quot;two weeks&quot;" file="/Users/ryu/trends-laravel/tests/Unit/Constants/RankingPeriodTest.php" line="197" class="Tests\Unit\Constants\RankingPeriodTest" classname="Tests.Unit.Constants.RankingPeriodTest" assertions="2" time="0.005681"/>
        </testsuite>
        <testcase name="test_特殊文字のエッジケース" file="/Users/ryu/trends-laravel/tests/Unit/Constants/RankingPeriodTest.php" line="219" class="Tests\Unit\Constants\RankingPeriodTest" classname="Tests.Unit.Constants.RankingPeriodTest" assertions="8" time="0.005718"/>
        <testcase name="test_大量データでのパフォーマンス" file="/Users/ryu/trends-laravel/tests/Unit/Constants/RankingPeriodTest.php" line="234" class="Tests\Unit\Constants\RankingPeriodTest" classname="Tests.Unit.Constants.RankingPeriodTest" assertions="1" time="0.006136"/>
      </testsuite>
      <testsuite name="Tests\Unit\Constants\ScorePeriodTest" file="/Users/ryu/trends-laravel/tests/Unit/Constants/ScorePeriodTest.php" tests="10" assertions="25" errors="0" failures="0" skipped="0" time="0.068543">
        <testcase name="test_定数値が正しく設定されている" file="/Users/ryu/trends-laravel/tests/Unit/Constants/ScorePeriodTest.php" line="10" class="Tests\Unit\Constants\ScorePeriodTest" classname="Tests.Unit.Constants.ScorePeriodTest" assertions="3" time="0.015760"/>
        <testcase name="test_all定数が全ての期間タイプを含んでいる" file="/Users/ryu/trends-laravel/tests/Unit/Constants/ScorePeriodTest.php" line="17" class="Tests\Unit\Constants\ScorePeriodTest" classname="Tests.Unit.Constants.ScorePeriodTest" assertions="1" time="0.006403"/>
        <testcase name="test_get_valid_periodsが正しく全期間タイプを返す" file="/Users/ryu/trends-laravel/tests/Unit/Constants/ScorePeriodTest.php" line="23" class="Tests\Unit\Constants\ScorePeriodTest" classname="Tests.Unit.Constants.ScorePeriodTest" assertions="2" time="0.006179"/>
        <testcase name="test_is_validが有効な期間タイプでtrueを返す" file="/Users/ryu/trends-laravel/tests/Unit/Constants/ScorePeriodTest.php" line="32" class="Tests\Unit\Constants\ScorePeriodTest" classname="Tests.Unit.Constants.ScorePeriodTest" assertions="3" time="0.005848"/>
        <testcase name="test_is_validが無効な期間タイプでfalseを返す" file="/Users/ryu/trends-laravel/tests/Unit/Constants/ScorePeriodTest.php" line="39" class="Tests\Unit\Constants\ScorePeriodTest" classname="Tests.Unit.Constants.ScorePeriodTest" assertions="4" time="0.005821"/>
        <testcase name="test_get_validation_ruleが正しいバリデーションルール文字列を返す" file="/Users/ryu/trends-laravel/tests/Unit/Constants/ScorePeriodTest.php" line="47" class="Tests\Unit\Constants\ScorePeriodTest" classname="Tests.Unit.Constants.ScorePeriodTest" assertions="1" time="0.005820"/>
        <testcase name="test_get_display_nameが正しい表示名を返す" file="/Users/ryu/trends-laravel/tests/Unit/Constants/ScorePeriodTest.php" line="55" class="Tests\Unit\Constants\ScorePeriodTest" classname="Tests.Unit.Constants.ScorePeriodTest" assertions="3" time="0.005644"/>
        <testcase name="test_get_display_nameが無効な期間タイプでそのまま返す" file="/Users/ryu/trends-laravel/tests/Unit/Constants/ScorePeriodTest.php" line="62" class="Tests\Unit\Constants\ScorePeriodTest" classname="Tests.Unit.Constants.ScorePeriodTest" assertions="3" time="0.005655"/>
        <testcase name="test_定数を使用したバリデーションルールテスト" file="/Users/ryu/trends-laravel/tests/Unit/Constants/ScorePeriodTest.php" line="69" class="Tests\Unit\Constants\ScorePeriodTest" classname="Tests.Unit.Constants.ScorePeriodTest" assertions="3" time="0.005725"/>
        <testcase name="test_期間タイプの数が期待通りである" file="/Users/ryu/trends-laravel/tests/Unit/Constants/ScorePeriodTest.php" line="76" class="Tests\Unit\Constants\ScorePeriodTest" classname="Tests.Unit.Constants.ScorePeriodTest" assertions="2" time="0.005688"/>
      </testsuite>
      <testsuite name="Tests\Unit\Constants\ScoringConstantsTest" file="/Users/ryu/trends-laravel/tests/Unit/Constants/ScoringConstantsTest.php" tests="33" assertions="161" errors="0" failures="0" skipped="0" time="0.008915">
        <testcase name="test_企業検索重み定数が正しい値を持つ" file="/Users/ryu/trends-laravel/tests/Unit/Constants/ScoringConstantsTest.php" line="14" class="Tests\Unit\Constants\ScoringConstantsTest" classname="Tests.Unit.Constants.ScoringConstantsTest" assertions="5" time="0.004684"/>
        <testcase name="test_記事検索重み定数が正しい値を持つ" file="/Users/ryu/trends-laravel/tests/Unit/Constants/ScoringConstantsTest.php" line="24" class="Tests\Unit\Constants\ScoringConstantsTest" classname="Tests.Unit.Constants.ScoringConstantsTest" assertions="8" time="0.000132"/>
        <testcase name="test_閾値定数が正しい値を持つ" file="/Users/ryu/trends-laravel/tests/Unit/Constants/ScoringConstantsTest.php" line="37" class="Tests\Unit\Constants\ScoringConstantsTest" classname="Tests.Unit.Constants.ScoringConstantsTest" assertions="6" time="0.000117"/>
        <testcase name="test_企業検索重みの優先順位が正しい" file="/Users/ryu/trends-laravel/tests/Unit/Constants/ScoringConstantsTest.php" line="48" class="Tests\Unit\Constants\ScoringConstantsTest" classname="Tests.Unit.Constants.ScoringConstantsTest" assertions="4" time="0.000114"/>
        <testcase name="test_記事検索重みの優先順位が正しい" file="/Users/ryu/trends-laravel/tests/Unit/Constants/ScoringConstantsTest.php" line="76" class="Tests\Unit\Constants\ScoringConstantsTest" classname="Tests.Unit.Constants.ScoringConstantsTest" assertions="4" time="0.000117"/>
        <testcase name="test_ブックマーク閾値の段階的設定が正しい" file="/Users/ryu/trends-laravel/tests/Unit/Constants/ScoringConstantsTest.php" line="104" class="Tests\Unit\Constants\ScoringConstantsTest" classname="Tests.Unit.Constants.ScoringConstantsTest" assertions="3" time="0.000113"/>
        <testcase name="test_日数閾値の論理的順序が正しい" file="/Users/ryu/trends-laravel/tests/Unit/Constants/ScoringConstantsTest.php" line="122" class="Tests\Unit\Constants\ScoringConstantsTest" classname="Tests.Unit.Constants.ScoringConstantsTest" assertions="3" time="0.000110"/>
        <testcase name="test_記事時期ボーナス重みの論理的関係が正しい" file="/Users/ryu/trends-laravel/tests/Unit/Constants/ScoringConstantsTest.php" line="140" class="Tests\Unit\Constants\ScoringConstantsTest" classname="Tests.Unit.Constants.ScoringConstantsTest" assertions="4" time="0.000116"/>
        <testsuite name="Tests\Unit\Constants\ScoringConstantsTest::test_企業検索重み定数の型が正しい" tests="5" assertions="10" errors="0" failures="0" skipped="0" time="0.000643">
          <testcase name="test_企業検索重み定数の型が正しい with data set &quot;COMPANY_EXACT_MATCH_WEIGHT&quot;" file="/Users/ryu/trends-laravel/tests/Unit/Constants/ScoringConstantsTest.php" line="155" class="Tests\Unit\Constants\ScoringConstantsTest" classname="Tests.Unit.Constants.ScoringConstantsTest" assertions="2" time="0.000143"/>
          <testcase name="test_企業検索重み定数の型が正しい with data set &quot;COMPANY_PARTIAL_MATCH_WEIGHT&quot;" file="/Users/ryu/trends-laravel/tests/Unit/Constants/ScoringConstantsTest.php" line="155" class="Tests\Unit\Constants\ScoringConstantsTest" classname="Tests.Unit.Constants.ScoringConstantsTest" assertions="2" time="0.000130"/>
          <testcase name="test_企業検索重み定数の型が正しい with data set &quot;COMPANY_DOMAIN_MATCH_WEIGHT&quot;" file="/Users/ryu/trends-laravel/tests/Unit/Constants/ScoringConstantsTest.php" line="155" class="Tests\Unit\Constants\ScoringConstantsTest" classname="Tests.Unit.Constants.ScoringConstantsTest" assertions="2" time="0.000123"/>
          <testcase name="test_企業検索重み定数の型が正しい with data set &quot;COMPANY_DESCRIPTION_MATCH_WEIGHT&quot;" file="/Users/ryu/trends-laravel/tests/Unit/Constants/ScoringConstantsTest.php" line="155" class="Tests\Unit\Constants\ScoringConstantsTest" classname="Tests.Unit.Constants.ScoringConstantsTest" assertions="2" time="0.000124"/>
          <testcase name="test_企業検索重み定数の型が正しい with data set &quot;COMPANY_RANKING_BONUS_WEIGHT&quot;" file="/Users/ryu/trends-laravel/tests/Unit/Constants/ScoringConstantsTest.php" line="155" class="Tests\Unit\Constants\ScoringConstantsTest" classname="Tests.Unit.Constants.ScoringConstantsTest" assertions="2" time="0.000124"/>
        </testsuite>
        <testsuite name="Tests\Unit\Constants\ScoringConstantsTest::test_記事検索重み定数の型が正しい" tests="8" assertions="16" errors="0" failures="0" skipped="0" time="0.001027">
          <testcase name="test_記事検索重み定数の型が正しい with data set &quot;ARTICLE_TITLE_MATCH_WEIGHT&quot;" file="/Users/ryu/trends-laravel/tests/Unit/Constants/ScoringConstantsTest.php" line="176" class="Tests\Unit\Constants\ScoringConstantsTest" classname="Tests.Unit.Constants.ScoringConstantsTest" assertions="2" time="0.000128"/>
          <testcase name="test_記事検索重み定数の型が正しい with data set &quot;ARTICLE_AUTHOR_MATCH_WEIGHT&quot;" file="/Users/ryu/trends-laravel/tests/Unit/Constants/ScoringConstantsTest.php" line="176" class="Tests\Unit\Constants\ScoringConstantsTest" classname="Tests.Unit.Constants.ScoringConstantsTest" assertions="2" time="0.000130"/>
          <testcase name="test_記事検索重み定数の型が正しい with data set &quot;ARTICLE_HIGH_BOOKMARK_WEIGHT&quot;" file="/Users/ryu/trends-laravel/tests/Unit/Constants/ScoringConstantsTest.php" line="176" class="Tests\Unit\Constants\ScoringConstantsTest" classname="Tests.Unit.Constants.ScoringConstantsTest" assertions="2" time="0.000121"/>
          <testcase name="test_記事検索重み定数の型が正しい with data set &quot;ARTICLE_MEDIUM_BOOKMARK_WEIGHT&quot;" file="/Users/ryu/trends-laravel/tests/Unit/Constants/ScoringConstantsTest.php" line="176" class="Tests\Unit\Constants\ScoringConstantsTest" classname="Tests.Unit.Constants.ScoringConstantsTest" assertions="2" time="0.000125"/>
          <testcase name="test_記事検索重み定数の型が正しい with data set &quot;ARTICLE_LOW_BOOKMARK_WEIGHT&quot;" file="/Users/ryu/trends-laravel/tests/Unit/Constants/ScoringConstantsTest.php" line="176" class="Tests\Unit\Constants\ScoringConstantsTest" classname="Tests.Unit.Constants.ScoringConstantsTest" assertions="2" time="0.000130"/>
          <testcase name="test_記事検索重み定数の型が正しい with data set &quot;ARTICLE_RECENT_BONUS_WEIGHT&quot;" file="/Users/ryu/trends-laravel/tests/Unit/Constants/ScoringConstantsTest.php" line="176" class="Tests\Unit\Constants\ScoringConstantsTest" classname="Tests.Unit.Constants.ScoringConstantsTest" assertions="2" time="0.000131"/>
          <testcase name="test_記事検索重み定数の型が正しい with data set &quot;ARTICLE_SOMEWHAT_RECENT_BONUS_WEIGHT&quot;" file="/Users/ryu/trends-laravel/tests/Unit/Constants/ScoringConstantsTest.php" line="176" class="Tests\Unit\Constants\ScoringConstantsTest" classname="Tests.Unit.Constants.ScoringConstantsTest" assertions="2" time="0.000131"/>
          <testcase name="test_記事検索重み定数の型が正しい with data set &quot;ARTICLE_OLD_PENALTY_WEIGHT&quot;" file="/Users/ryu/trends-laravel/tests/Unit/Constants/ScoringConstantsTest.php" line="176" class="Tests\Unit\Constants\ScoringConstantsTest" classname="Tests.Unit.Constants.ScoringConstantsTest" assertions="2" time="0.000131"/>
        </testsuite>
        <testsuite name="Tests\Unit\Constants\ScoringConstantsTest::test_閾値定数の型が正しい" tests="6" assertions="12" errors="0" failures="0" skipped="0" time="0.000761">
          <testcase name="test_閾値定数の型が正しい with data set &quot;HIGH_BOOKMARKS_THRESHOLD&quot;" file="/Users/ryu/trends-laravel/tests/Unit/Constants/ScoringConstantsTest.php" line="200" class="Tests\Unit\Constants\ScoringConstantsTest" classname="Tests.Unit.Constants.ScoringConstantsTest" assertions="2" time="0.000133"/>
          <testcase name="test_閾値定数の型が正しい with data set &quot;MEDIUM_BOOKMARKS_THRESHOLD&quot;" file="/Users/ryu/trends-laravel/tests/Unit/Constants/ScoringConstantsTest.php" line="200" class="Tests\Unit\Constants\ScoringConstantsTest" classname="Tests.Unit.Constants.ScoringConstantsTest" assertions="2" time="0.000125"/>
          <testcase name="test_閾値定数の型が正しい with data set &quot;LOW_BOOKMARKS_THRESHOLD&quot;" file="/Users/ryu/trends-laravel/tests/Unit/Constants/ScoringConstantsTest.php" line="200" class="Tests\Unit\Constants\ScoringConstantsTest" classname="Tests.Unit.Constants.ScoringConstantsTest" assertions="2" time="0.000127"/>
          <testcase name="test_閾値定数の型が正しい with data set &quot;RECENT_DAYS_THRESHOLD&quot;" file="/Users/ryu/trends-laravel/tests/Unit/Constants/ScoringConstantsTest.php" line="200" class="Tests\Unit\Constants\ScoringConstantsTest" classname="Tests.Unit.Constants.ScoringConstantsTest" assertions="2" time="0.000125"/>
          <testcase name="test_閾値定数の型が正しい with data set &quot;SOMEWHAT_RECENT_DAYS_THRESHOLD&quot;" file="/Users/ryu/trends-laravel/tests/Unit/Constants/ScoringConstantsTest.php" line="200" class="Tests\Unit\Constants\ScoringConstantsTest" classname="Tests.Unit.Constants.ScoringConstantsTest" assertions="2" time="0.000126"/>
          <testcase name="test_閾値定数の型が正しい with data set &quot;OLD_DAYS_THRESHOLD&quot;" file="/Users/ryu/trends-laravel/tests/Unit/Constants/ScoringConstantsTest.php" line="200" class="Tests\Unit\Constants\ScoringConstantsTest" classname="Tests.Unit.Constants.ScoringConstantsTest" assertions="2" time="0.000126"/>
        </testsuite>
        <testcase name="test_重み定数値の範囲が適切である" file="/Users/ryu/trends-laravel/tests/Unit/Constants/ScoringConstantsTest.php" line="221" class="Tests\Unit\Constants\ScoringConstantsTest" classname="Tests.Unit.Constants.ScoringConstantsTest" assertions="51" time="0.000352"/>
        <testcase name="test_閾値定数値の範囲が現実的である" file="/Users/ryu/trends-laravel/tests/Unit/Constants/ScoringConstantsTest.php" line="249" class="Tests\Unit\Constants\ScoringConstantsTest" classname="Tests.Unit.Constants.ScoringConstantsTest" assertions="6" time="0.000158"/>
        <testcase name="test_全定数がアクセス可能である" file="/Users/ryu/trends-laravel/tests/Unit/Constants/ScoringConstantsTest.php" line="261" class="Tests\Unit\Constants\ScoringConstantsTest" classname="Tests.Unit.Constants.ScoringConstantsTest" assertions="20" time="0.000133"/>
        <testcase name="test_定数の不変性確認" file="/Users/ryu/trends-laravel/tests/Unit/Constants/ScoringConstantsTest.php" line="296" class="Tests\Unit\Constants\ScoringConstantsTest" classname="Tests.Unit.Constants.ScoringConstantsTest" assertions="3" time="0.000112"/>
        <testcase name="test_スコア計算ロジックの妥当性" file="/Users/ryu/trends-laravel/tests/Unit/Constants/ScoringConstantsTest.php" line="309" class="Tests\Unit\Constants\ScoringConstantsTest" classname="Tests.Unit.Constants.ScoringConstantsTest" assertions="4" time="0.000112"/>
        <testcase name="test_ビジネスロジック要件との整合性" file="/Users/ryu/trends-laravel/tests/Unit/Constants/ScoringConstantsTest.php" line="354" class="Tests\Unit\Constants\ScoringConstantsTest" classname="Tests.Unit.Constants.ScoringConstantsTest" assertions="2" time="0.000113"/>
      </testsuite>
      <testsuite name="Tests\Unit\Constants\SearchConstantsTest" file="/Users/ryu/trends-laravel/tests/Unit/Constants/SearchConstantsTest.php" tests="16" assertions="48" errors="0" failures="0" skipped="0" time="0.009091">
        <testcase name="test_最大クエリ長定数が正しい値を持つ" file="/Users/ryu/trends-laravel/tests/Unit/Constants/SearchConstantsTest.php" line="14" class="Tests\Unit\Constants\SearchConstantsTest" classname="Tests.Unit.Constants.SearchConstantsTest" assertions="1" time="0.007193"/>
        <testcase name="test_最小ランキング表示定数が正しい値を持つ" file="/Users/ryu/trends-laravel/tests/Unit/Constants/SearchConstantsTest.php" line="20" class="Tests\Unit\Constants\SearchConstantsTest" classname="Tests.Unit.Constants.SearchConstantsTest" assertions="1" time="0.000127"/>
        <testsuite name="Tests\Unit\Constants\SearchConstantsTest::test_定数の型が正しい" tests="2" assertions="4" errors="0" failures="0" skipped="0" time="0.000266">
          <testcase name="test_定数の型が正しい with data set &quot;MAX_QUERY_LENGTH&quot;" file="/Users/ryu/trends-laravel/tests/Unit/Constants/SearchConstantsTest.php" line="27" class="Tests\Unit\Constants\SearchConstantsTest" classname="Tests.Unit.Constants.SearchConstantsTest" assertions="2" time="0.000124"/>
[...]
        <testcase name="test_企業スコア履歴取得_apiで存在しない企業idの場合に400が返される" file="/Users/ryu/trends-laravel/tests/Feature/CompanyControllerFeatureTest.php" line="152" class="Tests\Feature\CompanyControllerFeatureTest" classname="Tests.Feature.CompanyControllerFeatureTest" assertions="2" time="0.008028"/>
        <testcase name="test_企業ランキング取得_apiで有効な企業idの場合に正常なレスポンスが返される" file="/Users/ryu/trends-laravel/tests/Feature/CompanyControllerFeatureTest.php" line="162" class="Tests\Feature\CompanyControllerFeatureTest" classname="Tests.Feature.CompanyControllerFeatureTest" assertions="4" time="0.010158"/>
        <testcase name="test_企業ランキング取得_apiで存在しない企業idの場合に400が返される" file="/Users/ryu/trends-laravel/tests/Feature/CompanyControllerFeatureTest.php" line="183" class="Tests\Feature\CompanyControllerFeatureTest" classname="Tests.Feature.CompanyControllerFeatureTest" assertions="2" time="0.007715"/>
        <testcase name="test_企業ランキング取得_apiで履歴を含む場合に履歴データも返される" file="/Users/ryu/trends-laravel/tests/Feature/CompanyControllerFeatureTest.php" line="193" class="Tests\Feature\CompanyControllerFeatureTest" classname="Tests.Feature.CompanyControllerFeatureTest" assertions="5" time="0.011621"/>
        <testcase name="test_企業記事一覧取得_apiでmin_bookmarksフィルタが正しく動作する" file="/Users/ryu/trends-laravel/tests/Feature/CompanyControllerFeatureTest.php" line="213" class="Tests\Feature\CompanyControllerFeatureTest" classname="Tests.Feature.CompanyControllerFeatureTest" assertions="2" time="0.010147"/>
        <testcase name="test_企業記事一覧取得_apiでdaysフィルタが正しく動作する" file="/Users/ryu/trends-laravel/tests/Feature/CompanyControllerFeatureTest.php" line="239" class="Tests\Feature\CompanyControllerFeatureTest" classname="Tests.Feature.CompanyControllerFeatureTest" assertions="2" time="0.010423"/>
      </testsuite>
      <testsuite name="Tests\Feature\CompanyListApiTest" file="/Users/ryu/trends-laravel/tests/Feature/CompanyListApiTest.php" tests="11" assertions="64" errors="0" failures="0" skipped="0" time="0.114128">
        <testcase name="test_企業一覧が正常に取得できる" file="/Users/ryu/trends-laravel/tests/Feature/CompanyListApiTest.php" line="40" class="Tests\Feature\CompanyListApiTest" classname="Tests.Feature.CompanyListApiTest" assertions="30" time="0.014024"/>
        <testcase name="test_企業名での検索ができる" file="/Users/ryu/trends-laravel/tests/Feature/CompanyListApiTest.php" line="75" class="Tests\Feature\CompanyListApiTest" classname="Tests.Feature.CompanyListApiTest" assertions="3" time="0.008939"/>
        <testcase name="test_ドメインでの検索ができる" file="/Users/ryu/trends-laravel/tests/Feature/CompanyListApiTest.php" line="85" class="Tests\Feature\CompanyListApiTest" classname="Tests.Feature.CompanyListApiTest" assertions="3" time="0.008754"/>
        <testcase name="test_アクティブ状態でのフィルタリングができる" file="/Users/ryu/trends-laravel/tests/Feature/CompanyListApiTest.php" line="95" class="Tests\Feature\CompanyListApiTest" classname="Tests.Feature.CompanyListApiTest" assertions="4" time="0.008754"/>
        <testcase name="test_ソート機能が正常に動作する" file="/Users/ryu/trends-laravel/tests/Feature/CompanyListApiTest.php" line="107" class="Tests\Feature\CompanyListApiTest" classname="Tests.Feature.CompanyListApiTest" assertions="3" time="0.009104"/>
        <testcase name="test_ページネーションが正常に動作する" file="/Users/ryu/trends-laravel/tests/Feature/CompanyListApiTest.php" line="118" class="Tests\Feature\CompanyListApiTest" classname="Tests.Feature.CompanyListApiTest" assertions="6" time="0.009532"/>
        <testcase name="test_per_pageの上限が適用される" file="/Users/ryu/trends-laravel/tests/Feature/CompanyListApiTest.php" line="134" class="Tests\Feature\CompanyListApiTest" classname="Tests.Feature.CompanyListApiTest" assertions="2" time="0.009491"/>
        <testcase name="test_不正なパラメータでバリデーションエラーが返される" file="/Users/ryu/trends-laravel/tests/Feature/CompanyListApiTest.php" line="143" class="Tests\Feature\CompanyListApiTest" classname="Tests.Feature.CompanyListApiTest" assertions="3" time="0.017802"/>
        <testcase name="test_複数条件での検索ができる" file="/Users/ryu/trends-laravel/tests/Feature/CompanyListApiTest.php" line="154" class="Tests\Feature\CompanyListApiTest" classname="Tests.Feature.CompanyListApiTest" assertions="4" time="0.009556"/>
        <testcase name="test_キャッシュが正常に動作する" file="/Users/ryu/trends-laravel/tests/Feature/CompanyListApiTest.php" line="166" class="Tests\Feature\CompanyListApiTest" classname="Tests.Feature.CompanyListApiTest" assertions="3" time="0.009724"/>
        <testcase name="test_空の結果が適切に処理される" file="/Users/ryu/trends-laravel/tests/Feature/CompanyListApiTest.php" line="180" class="Tests\Feature\CompanyListApiTest" classname="Tests.Feature.CompanyListApiTest" assertions="3" time="0.008451"/>
      </testsuite>
      <testsuite name="Tests\Feature\CompanyRankingApiTest" file="/Users/ryu/trends-laravel/tests/Feature/CompanyRankingApiTest.php" tests="21" assertions="454" errors="0" failures="0" skipped="0" time="0.342789">
        <testcase name="test_期間タイプ一覧を取得する" file="/Users/ryu/trends-laravel/tests/Feature/CompanyRankingApiTest.php" line="40" class="Tests\Feature\CompanyRankingApiTest" classname="Tests.Feature.CompanyRankingApiTest" assertions="2" time="0.016896"/>
        <testcase name="test_期間別でランキングを取得する" file="/Users/ryu/trends-laravel/tests/Feature/CompanyRankingApiTest.php" line="50" class="Tests\Feature\CompanyRankingApiTest" classname="Tests.Feature.CompanyRankingApiTest" assertions="158" time="0.013962"/>
        <testcase name="test_期間別ランキングでページングが動作する" file="/Users/ryu/trends-laravel/tests/Feature/CompanyRankingApiTest.php" line="86" class="Tests\Feature\CompanyRankingApiTest" classname="Tests.Feature.CompanyRankingApiTest" assertions="3" time="0.013700"/>
        <testcase name="test_期間別ランキングでソートが動作する" file="/Users/ryu/trends-laravel/tests/Feature/CompanyRankingApiTest.php" line="95" class="Tests\Feature\CompanyRankingApiTest" classname="Tests.Feature.CompanyRankingApiTest" assertions="2" time="0.014210"/>
        <testcase name="test_無効な期間でランキング取得するとエラーが返る" file="/Users/ryu/trends-laravel/tests/Feature/CompanyRankingApiTest.php" line="105" class="Tests\Feature\CompanyRankingApiTest" classname="Tests.Feature.CompanyRankingApiTest" assertions="2" time="0.014312"/>
        <testcase name="test_トップランキングを取得する" file="/Users/ryu/trends-laravel/tests/Feature/CompanyRankingApiTest.php" line="115" class="Tests\Feature\CompanyRankingApiTest" classname="Tests.Feature.CompanyRankingApiTest" assertions="83" time="0.014129"/>
        <testcase name="test_無効なリミットでトップランキング取得するとエラーが返る" file="/Users/ryu/trends-laravel/tests/Feature/CompanyRankingApiTest.php" line="151" class="Tests\Feature\CompanyRankingApiTest" classname="Tests.Feature.CompanyRankingApiTest" assertions="3" time="0.013739"/>
        <testcase name="test_企業別ランキングを取得する" file="/Users/ryu/trends-laravel/tests/Feature/CompanyRankingApiTest.php" line="162" class="Tests\Feature\CompanyRankingApiTest" classname="Tests.Feature.CompanyRankingApiTest" assertions="13" time="0.015626"/>
        <testcase name="test_履歴付きで企業別ランキングを取得する" file="/Users/ryu/trends-laravel/tests/Feature/CompanyRankingApiTest.php" line="187" class="Tests\Feature\CompanyRankingApiTest" classname="Tests.Feature.CompanyRankingApiTest" assertions="5" time="0.016506"/>
        <testcase name="test_無効な企業idでランキング取得するとエラーが返る" file="/Users/ryu/trends-laravel/tests/Feature/CompanyRankingApiTest.php" line="202" class="Tests\Feature\CompanyRankingApiTest" classname="Tests.Feature.CompanyRankingApiTest" assertions="3" time="0.013755"/>
        <testcase name="test_統計情報を取得する" file="/Users/ryu/trends-laravel/tests/Feature/CompanyRankingApiTest.php" line="213" class="Tests\Feature\CompanyRankingApiTest" classname="Tests.Feature.CompanyRankingApiTest" assertions="2" time="0.013783"/>
        <testcase name="test_ランキング上昇企業を取得する" file="/Users/ryu/trends-laravel/tests/Feature/CompanyRankingApiTest.php" line="223" class="Tests\Feature\CompanyRankingApiTest" classname="Tests.Feature.CompanyRankingApiTest" assertions="6" time="0.013668"/>
        <testcase name="test_リミット付きでランキング上昇企業を取得する" file="/Users/ryu/trends-laravel/tests/Feature/CompanyRankingApiTest.php" line="238" class="Tests\Feature\CompanyRankingApiTest" classname="Tests.Feature.CompanyRankingApiTest" assertions="2" time="0.013725"/>
        <testcase name="test_ランキング下降企業を取得する" file="/Users/ryu/trends-laravel/tests/Feature/CompanyRankingApiTest.php" line="246" class="Tests\Feature\CompanyRankingApiTest" classname="Tests.Feature.CompanyRankingApiTest" assertions="6" time="0.013574"/>
        <testcase name="test_ランキング変動統計を取得する" file="/Users/ryu/trends-laravel/tests/Feature/CompanyRankingApiTest.php" line="261" class="Tests\Feature\CompanyRankingApiTest" classname="Tests.Feature.CompanyRankingApiTest" assertions="2" time="0.013506"/>
        <testcase name="test_apiレート制限が動作する" file="/Users/ryu/trends-laravel/tests/Feature/CompanyRankingApiTest.php" line="271" class="Tests\Feature\CompanyRankingApiTest" classname="Tests.Feature.CompanyRankingApiTest" assertions="61" time="0.053830"/>
        <testcase name="test_apiキャッシュが動作する" file="/Users/ryu/trends-laravel/tests/Feature/CompanyRankingApiTest.php" line="285" class="Tests\Feature\CompanyRankingApiTest" classname="Tests.Feature.CompanyRankingApiTest" assertions="3" time="0.014804"/>
        <testcase name="test_apiページングメタデータが正常に返される" file="/Users/ryu/trends-laravel/tests/Feature/CompanyRankingApiTest.php" line="296" class="Tests\Feature\CompanyRankingApiTest" classname="Tests.Feature.CompanyRankingApiTest" assertions="4" time="0.013952"/>
        <testcase name="test_apiレスポンス構造が正常である" file="/Users/ryu/trends-laravel/tests/Feature/CompanyRankingApiTest.php" line="306" class="Tests\Feature\CompanyRankingApiTest" classname="Tests.Feature.CompanyRankingApiTest" assertions="72" time="0.014676"/>
        <testcase name="test_週次ランキング_apiが正常に動作する" file="/Users/ryu/trends-laravel/tests/Feature/CompanyRankingApiTest.php" line="326" class="Tests\Feature\CompanyRankingApiTest" classname="Tests.Feature.CompanyRankingApiTest" assertions="8" time="0.014045"/>
        <testcase name="test_企業詳細_apiとの統合が正常に動作する" file="/Users/ryu/trends-laravel/tests/Feature/CompanyRankingApiTest.php" line="372" class="Tests\Feature\CompanyRankingApiTest" classname="Tests.Feature.CompanyRankingApiTest" assertions="14" time="0.016393"/>
      </testsuite>
      <testsuite name="Tests\Feature\CompanyRankingHistoryServiceTest" file="/Users/ryu/trends-laravel/tests/Feature/CompanyRankingHistoryServiceTest.php" tests="11" assertions="51" errors="0" failures="0" skipped="0" time="0.087100">
        <testcase name="test_前回ランキングがない場合の履歴記録" file="/Users/ryu/trends-laravel/tests/Feature/CompanyRankingHistoryServiceTest.php" line="25" class="Tests\Feature\CompanyRankingHistoryServiceTest" classname="Tests.Feature.CompanyRankingHistoryServiceTest" assertions="1" time="0.013766"/>
        <testcase name="test_ランキング上昇時の履歴記録" file="/Users/ryu/trends-laravel/tests/Feature/CompanyRankingHistoryServiceTest.php" line="48" class="Tests\Feature\CompanyRankingHistoryServiceTest" classname="Tests.Feature.CompanyRankingHistoryServiceTest" assertions="6" time="0.007630"/>
        <testcase name="test_ランキング下降時の履歴記録" file="/Users/ryu/trends-laravel/tests/Feature/CompanyRankingHistoryServiceTest.php" line="90" class="Tests\Feature\CompanyRankingHistoryServiceTest" classname="Tests.Feature.CompanyRankingHistoryServiceTest" assertions="6" time="0.007599"/>
        <testcase name="test_ランキング変動なし時の履歴記録" file="/Users/ryu/trends-laravel/tests/Feature/CompanyRankingHistoryServiceTest.php" line="132" class="Tests\Feature\CompanyRankingHistoryServiceTest" classname="Tests.Feature.CompanyRankingHistoryServiceTest" assertions="6" time="0.007535"/>
        <testcase name="test_複数企業のランキング履歴記録" file="/Users/ryu/trends-laravel/tests/Feature/CompanyRankingHistoryServiceTest.php" line="174" class="Tests\Feature\CompanyRankingHistoryServiceTest" classname="Tests.Feature.CompanyRankingHistoryServiceTest" assertions="7" time="0.009380"/>
        <testcase name="test_企業ランキング履歴を取得する" file="/Users/ryu/trends-laravel/tests/Feature/CompanyRankingHistoryServiceTest.php" line="248" class="Tests\Feature\CompanyRankingHistoryServiceTest" classname="Tests.Feature.CompanyRankingHistoryServiceTest" assertions="3" time="0.007383"/>
        <testcase name="test_トップランキング上昇企業を取得する" file="/Users/ryu/trends-laravel/tests/Feature/CompanyRankingHistoryServiceTest.php" line="283" class="Tests\Feature\CompanyRankingHistoryServiceTest" classname="Tests.Feature.CompanyRankingHistoryServiceTest" assertions="5" time="0.006986"/>
        <testcase name="test_トップランキング下降企業を取得する" file="/Users/ryu/trends-laravel/tests/Feature/CompanyRankingHistoryServiceTest.php" line="322" class="Tests\Feature\CompanyRankingHistoryServiceTest" classname="Tests.Feature.CompanyRankingHistoryServiceTest" assertions="5" time="0.006769"/>
        <testcase name="test_ランキング変動統計を取得する" file="/Users/ryu/trends-laravel/tests/Feature/CompanyRankingHistoryServiceTest.php" line="361" class="Tests\Feature\CompanyRankingHistoryServiceTest" classname="Tests.Feature.CompanyRankingHistoryServiceTest" assertions="6" time="0.007053"/>
        <testcase name="test_古い履歴データをクリーンアップする" file="/Users/ryu/trends-laravel/tests/Feature/CompanyRankingHistoryServiceTest.php" line="412" class="Tests\Feature\CompanyRankingHistoryServiceTest" classname="Tests.Feature.CompanyRankingHistoryServiceTest" assertions="2" time="0.006677"/>
        <testcase name="test_履歴ストレージ統計を取得する" file="/Users/ryu/trends-laravel/tests/Feature/CompanyRankingHistoryServiceTest.php" line="448" class="Tests\Feature\CompanyRankingHistoryServiceTest" classname="Tests.Feature.CompanyRankingHistoryServiceTest" assertions="4" time="0.006323"/>
      </testsuite>
      <testsuite name="Tests\Feature\Console\Commands\ScrapeCommandsTest" file="/Users/ryu/trends-laravel/tests/Feature/Console/Commands/ScrapeCommandsTest.php" tests="7" assertions="9" errors="0" failures="0" skipped="0" time="0.062584">
        <testcase name="test_scrape_all_command_with_dry_run" file="/Users/ryu/trends-laravel/tests/Feature/Console/Commands/ScrapeCommandsTest.php" line="57" class="Tests\Feature\Console\Commands\ScrapeCommandsTest" classname="Tests.Feature.Console.Commands.ScrapeCommandsTest" assertions="1" time="0.010460"/>
        <testcase name="test_scrape_platform_command_with_valid_platform" file="/Users/ryu/trends-laravel/tests/Feature/Console/Commands/ScrapeCommandsTest.php" line="71" class="Tests\Feature\Console\Commands\ScrapeCommandsTest" classname="Tests.Feature.Console.Commands.ScrapeCommandsTest" assertions="1" time="0.006836"/>
        <testcase name="test_scrape_platform_command_with_invalid_platform" file="/Users/ryu/trends-laravel/tests/Feature/Console/Commands/ScrapeCommandsTest.php" line="80" class="Tests\Feature\Console\Commands\ScrapeCommandsTest" classname="Tests.Feature.Console.Commands.ScrapeCommandsTest" assertions="1" time="0.007239"/>
        <testcase name="test_scrape_schedule_command_with_platform" file="/Users/ryu/trends-laravel/tests/Feature/Console/Commands/ScrapeCommandsTest.php" line="89" class="Tests\Feature\Console\Commands\ScrapeCommandsTest" classname="Tests.Feature.Console.Commands.ScrapeCommandsTest" assertions="1" time="0.007403"/>
        <testcase name="test_scrape_schedule_command_with_invalid_platform" file="/Users/ryu/trends-laravel/tests/Feature/Console/Commands/ScrapeCommandsTest.php" line="98" class="Tests\Feature\Console\Commands\ScrapeCommandsTest" classname="Tests.Feature.Console.Commands.ScrapeCommandsTest" assertions="1" time="0.006995"/>
        <testcase name="test_scrape_schedule_command_silent_mode" file="/Users/ryu/trends-laravel/tests/Feature/Console/Commands/ScrapeCommandsTest.php" line="107" class="Tests\Feature\Console\Commands\ScrapeCommandsTest" classname="Tests.Feature.Console.Commands.ScrapeCommandsTest" assertions="1" time="0.015620"/>
        <testcase name="test_all_platforms_are_available" file="/Users/ryu/trends-laravel/tests/Feature/Console/Commands/ScrapeCommandsTest.php" line="116" class="Tests\Feature\Console\Commands\ScrapeCommandsTest" classname="Tests.Feature.Console.Commands.ScrapeCommandsTest" assertions="3" time="0.008031"/>
      </testsuite>
      <testsuite name="Tests\Feature\SearchApiTest" file="/Users/ryu/trends-laravel/tests/Feature/SearchApiTest.php" tests="14" assertions="170" errors="0" failures="0" skipped="0" time="0.205867">
        <testcase name="test_企業名での検索が正常に動作する" file="/Users/ryu/trends-laravel/tests/Feature/SearchApiTest.php" line="51" class="Tests\Feature\SearchApiTest" classname="Tests.Feature.SearchApiTest" assertions="17" time="0.013199"/>
        <testcase name="test_記事タイトルでの検索が正常に動作する" file="/Users/ryu/trends-laravel/tests/Feature/SearchApiTest.php" line="82" class="Tests\Feature\SearchApiTest" classname="Tests.Feature.SearchApiTest" assertions="19" time="0.010639"/>
        <testcase name="test_統合検索が正常に動作する" file="/Users/ryu/trends-laravel/tests/Feature/SearchApiTest.php" line="115" class="Tests\Feature\SearchApiTest" classname="Tests.Feature.SearchApiTest" assertions="19" time="0.011125"/>
        <testcase name="test_検索タイプを指定した統合検索が正常に動作する" file="/Users/ryu/trends-laravel/tests/Feature/SearchApiTest.php" line="149" class="Tests\Feature\SearchApiTest" classname="Tests.Feature.SearchApiTest" assertions="14" time="0.011337"/>
        <testcase name="test_検索クエリが空の場合はバリデーションエラーが返される" file="/Users/ryu/trends-laravel/tests/Feature/SearchApiTest.php" line="177" class="Tests\Feature\SearchApiTest" classname="Tests.Feature.SearchApiTest" assertions="3" time="0.009755"/>
        <testcase name="test_検索クエリが長すぎる場合はバリデーションエラーが返される" file="/Users/ryu/trends-laravel/tests/Feature/SearchApiTest.php" line="189" class="Tests\Feature\SearchApiTest" classname="Tests.Feature.SearchApiTest" assertions="3" time="0.009394"/>
        <testcase name="test_記事検索でフィルタリングが正常に動作する" file="/Users/ryu/trends-laravel/tests/Feature/SearchApiTest.php" line="202" class="Tests\Feature\SearchApiTest" classname="Tests.Feature.SearchApiTest" assertions="3" time="0.010685"/>
        <testcase name="test_検索結果の関連度スコアが正常に計算される" file="/Users/ryu/trends-laravel/tests/Feature/SearchApiTest.php" line="226" class="Tests\Feature\SearchApiTest" classname="Tests.Feature.SearchApiTest" assertions="3" time="0.010031"/>
        <testcase name="test_レート制限が正常に動作する" file="/Users/ryu/trends-laravel/tests/Feature/SearchApiTest.php" line="246" class="Tests\Feature\SearchApiTest" classname="Tests.Feature.SearchApiTest" assertions="61" time="0.066568"/>
        <testcase name="test_無効な検索タイプを指定した場合バリデーションエラーが返される" file="/Users/ryu/trends-laravel/tests/Feature/SearchApiTest.php" line="261" class="Tests\Feature\SearchApiTest" classname="Tests.Feature.SearchApiTest" assertions="3" time="0.009740"/>
        <testcase name="test_企業検索でlimitパラメータが正常に動作する" file="/Users/ryu/trends-laravel/tests/Feature/SearchApiTest.php" line="273" class="Tests\Feature\SearchApiTest" classname="Tests.Feature.SearchApiTest" assertions="3" time="0.014125"/>
        <testcase name="test_著者名での記事検索が正常に動作する" file="/Users/ryu/trends-laravel/tests/Feature/SearchApiTest.php" line="288" class="Tests\Feature\SearchApiTest" classname="Tests.Feature.SearchApiTest" assertions="3" time="0.009990"/>
        <testcase name="test_統合検索_apiの詳細レスポンス構造が正しい" file="/Users/ryu/trends-laravel/tests/Feature/SearchApiTest.php" line="300" class="Tests\Feature\SearchApiTest" classname="Tests.Feature.SearchApiTest" assertions="14" time="0.010470"/>
        <testcase name="test_apiエラーハンドリングが適切に動作する" file="/Users/ryu/trends-laravel/tests/Feature/SearchApiTest.php" line="333" class="Tests\Feature\SearchApiTest" classname="Tests.Feature.SearchApiTest" assertions="5" time="0.008808"/>
      </testsuite>
    </testsuite>
  </testsuite>
</testsuites>
