<?xml version="1.0" encoding="UTF-8"?>
<testsuites>
  <testsuite name="/Users/ryu/trends-laravel/phpunit.xml" tests="1228" assertions="4846" errors="0" failures="0" skipped="7" time="30.715354">
    <testsuite name="Unit" tests="988" assertions="3026" errors="0" failures="0" skipped="1" time="27.941300">
      <testsuite name="Tests\Unit\CompanyServiceTest" file="/Users/ryu/trends-laravel/tests/Unit/CompanyServiceTest.php" tests="16" assertions="59" errors="0" failures="0" skipped="0" time="0.503977">
        <testcase name="test_企業が記事とのリレーションを持つ" file="/Users/ryu/trends-laravel/tests/Unit/CompanyServiceTest.php" line="53" class="Tests\Unit\CompanyServiceTest" classname="Tests.Unit.CompanyServiceTest" assertions="2" time="0.358359"/>
        <testcase name="test_企業がランキングとのリレーションを持つ" file="/Users/ryu/trends-laravel/tests/Unit/CompanyServiceTest.php" line="59" class="Tests\Unit\CompanyServiceTest" classname="Tests.Unit.CompanyServiceTest" assertions="2" time="0.010484"/>
        <testcase name="test_企業リソースの構造が正しい" file="/Users/ryu/trends-laravel/tests/Unit/CompanyServiceTest.php" line="65" class="Tests\Unit\CompanyServiceTest" classname="Tests.Unit.CompanyServiceTest" assertions="9" time="0.016435"/>
        <testcase name="test_企業リソースの現在ランキングフォーマットが正しい" file="/Users/ryu/trends-laravel/tests/Unit/CompanyServiceTest.php" line="83" class="Tests\Unit\CompanyServiceTest" classname="Tests.Unit.CompanyServiceTest" assertions="6" time="0.009382"/>
        <testcase name="test_記事リソースの構造が正しい" file="/Users/ryu/trends-laravel/tests/Unit/CompanyServiceTest.php" line="101" class="Tests\Unit\CompanyServiceTest" classname="Tests.Unit.CompanyServiceTest" assertions="11" time="0.008867"/>
        <testcase name="test_記事リソースの企業データが正しい" file="/Users/ryu/trends-laravel/tests/Unit/CompanyServiceTest.php" line="121" class="Tests\Unit\CompanyServiceTest" classname="Tests.Unit.CompanyServiceTest" assertions="3" time="0.008894"/>
        <testcase name="test_企業のアクティブスコープが正しく動作する" file="/Users/ryu/trends-laravel/tests/Unit/CompanyServiceTest.php" line="132" class="Tests\Unit\CompanyServiceTest" classname="Tests.Unit.CompanyServiceTest" assertions="2" time="0.009507"/>
        <testcase name="test_記事の最近スコープが正しく動作する" file="/Users/ryu/trends-laravel/tests/Unit/CompanyServiceTest.php" line="144" class="Tests\Unit\CompanyServiceTest" classname="Tests.Unit.CompanyServiceTest" assertions="6" time="0.009643"/>
        <testcase name="test_記事の人気スコープが正しく動作する" file="/Users/ryu/trends-laravel/tests/Unit/CompanyServiceTest.php" line="162" class="Tests\Unit\CompanyServiceTest" classname="Tests.Unit.CompanyServiceTest" assertions="6" time="0.009255"/>
        <testcase name="test_企業と記事のリレーションが正しい" file="/Users/ryu/trends-laravel/tests/Unit/CompanyServiceTest.php" line="177" class="Tests\Unit\CompanyServiceTest" classname="Tests.Unit.CompanyServiceTest" assertions="2" time="0.009269"/>
        <testcase name="test_記事とプラットフォームのリレーションが正しい" file="/Users/ryu/trends-laravel/tests/Unit/CompanyServiceTest.php" line="185" class="Tests\Unit\CompanyServiceTest" classname="Tests.Unit.CompanyServiceTest" assertions="2" time="0.009774"/>
        <testcase name="test_記事を読み込んだ企業リソースが正しい" file="/Users/ryu/trends-laravel/tests/Unit/CompanyServiceTest.php" line="193" class="Tests\Unit\CompanyServiceTest" classname="Tests.Unit.CompanyServiceTest" assertions="3" time="0.009547"/>
        <testcase name="test_ランキングなしの企業リソースが正しい" file="/Users/ryu/trends-laravel/tests/Unit/CompanyServiceTest.php" line="204" class="Tests\Unit\CompanyServiceTest" classname="Tests.Unit.CompanyServiceTest" assertions="2" time="0.008836"/>
        <testcase name="test_企業モデルの入力可能属性が正しい" file="/Users/ryu/trends-laravel/tests/Unit/CompanyServiceTest.php" line="213" class="Tests\Unit\CompanyServiceTest" classname="Tests.Unit.CompanyServiceTest" assertions="1" time="0.008427"/>
        <testcase name="test_企業モデルの型変換が正しい" file="/Users/ryu/trends-laravel/tests/Unit/CompanyServiceTest.php" line="233" class="Tests\Unit\CompanyServiceTest" classname="Tests.Unit.CompanyServiceTest" assertions="1" time="0.008439"/>
        <testcase name="test_企業モデルのデフォルト属性が正しい" file="/Users/ryu/trends-laravel/tests/Unit/CompanyServiceTest.php" line="247" class="Tests\Unit\CompanyServiceTest" classname="Tests.Unit.CompanyServiceTest" assertions="1" time="0.008860"/>
      </testsuite>
      <testsuite name="Tests\Unit\Config\ScrapingConfigTest" file="/Users/ryu/trends-laravel/tests/Unit/Config/ScrapingConfigTest.php" tests="13" assertions="64" errors="0" failures="0" skipped="0" time="0.076886">
        <testcase name="test_デフォルト設定が正しく読み込まれる" file="/Users/ryu/trends-laravel/tests/Unit/Config/ScrapingConfigTest.php" line="9" class="Tests\Unit\Config\ScrapingConfigTest" classname="Tests.Unit.Config.ScrapingConfigTest" assertions="6" time="0.006111"/>
        <testcase name="test_デフォルトタイムアウト値が設定されている" file="/Users/ryu/trends-laravel/tests/Unit/Config/ScrapingConfigTest.php" line="21" class="Tests\Unit\Config\ScrapingConfigTest" classname="Tests.Unit.Config.ScrapingConfigTest" assertions="1" time="0.006055"/>
        <testcase name="test_デフォルトレート制限値が設定されている" file="/Users/ryu/trends-laravel/tests/Unit/Config/ScrapingConfigTest.php" line="28" class="Tests\Unit\Config\ScrapingConfigTest" classname="Tests.Unit.Config.ScrapingConfigTest" assertions="1" time="0.005682"/>
        <testcase name="test_リトライ設定が正しく設定されている" file="/Users/ryu/trends-laravel/tests/Unit/Config/ScrapingConfigTest.php" line="35" class="Tests\Unit\Config\ScrapingConfigTest" classname="Tests.Unit.Config.ScrapingConfigTest" assertions="5" time="0.005661"/>
        <testcase name="test_ユーザーエージェントが設定されている" file="/Users/ryu/trends-laravel/tests/Unit/Config/ScrapingConfigTest.php" line="46" class="Tests\Unit\Config\ScrapingConfigTest" classname="Tests.Unit.Config.ScrapingConfigTest" assertions="1" time="0.005473"/>
        <testcase name="test_デフォルトヘッダーが設定されている" file="/Users/ryu/trends-laravel/tests/Unit/Config/ScrapingConfigTest.php" line="53" class="Tests\Unit\Config\ScrapingConfigTest" classname="Tests.Unit.Config.ScrapingConfigTest" assertions="6" time="0.005788"/>
        <testcase name="test_プラットフォーム別設定が正しく読み込まれる" file="/Users/ryu/trends-laravel/tests/Unit/Config/ScrapingConfigTest.php" line="65" class="Tests\Unit\Config\ScrapingConfigTest" classname="Tests.Unit.Config.ScrapingConfigTest" assertions="4" time="0.005752"/>
        <testcase name="test_はてなブックマーク設定が正しく設定されている" file="/Users/ryu/trends-laravel/tests/Unit/Config/ScrapingConfigTest.php" line="75" class="Tests\Unit\Config\ScrapingConfigTest" classname="Tests.Unit.Config.ScrapingConfigTest" assertions="8" time="0.005775"/>
        <testcase name="test_qiita設定が正しく設定されている" file="/Users/ryu/trends-laravel/tests/Unit/Config/ScrapingConfigTest.php" line="89" class="Tests\Unit\Config\ScrapingConfigTest" classname="Tests.Unit.Config.ScrapingConfigTest" assertions="8" time="0.005759"/>
        <testcase name="test_zenn設定が正しく設定されている" file="/Users/ryu/trends-laravel/tests/Unit/Config/ScrapingConfigTest.php" line="103" class="Tests\Unit\Config\ScrapingConfigTest" classname="Tests.Unit.Config.ScrapingConfigTest" assertions="9" time="0.005782"/>
        <testcase name="test_キャッシュ設定が正しく設定されている" file="/Users/ryu/trends-laravel/tests/Unit/Config/ScrapingConfigTest.php" line="118" class="Tests\Unit\Config\ScrapingConfigTest" classname="Tests.Unit.Config.ScrapingConfigTest" assertions="7" time="0.005820"/>
        <testcase name="test_ログ設定が正しく設定されている" file="/Users/ryu/trends-laravel/tests/Unit/Config/ScrapingConfigTest.php" line="131" class="Tests\Unit\Config\ScrapingConfigTest" classname="Tests.Unit.Config.ScrapingConfigTest" assertions="7" time="0.007262"/>
        <testcase name="test_環境変数での設定上書きが可能" file="/Users/ryu/trends-laravel/tests/Unit/Config/ScrapingConfigTest.php" line="144" class="Tests\Unit\Config\ScrapingConfigTest" classname="Tests.Unit.Config.ScrapingConfigTest" assertions="1" time="0.005965"/>
      </testsuite>
      <testsuite name="Tests\Unit\Console\Commands\BaseCommandTest" file="/Users/ryu/trends-laravel/tests/Unit/Console/Commands/BaseCommandTest.php" tests="13" assertions="27" errors="0" failures="0" skipped="0" time="2.804042">
        <testcase name="test_コマンドが正しく登録されていること" file="/Users/ryu/trends-laravel/tests/Unit/Console/Commands/BaseCommandTest.php" line="14" class="Tests\Unit\Console\Commands\BaseCommandTest" classname="Tests.Unit.Console.Commands.BaseCommandTest" assertions="3" time="0.011376"/>
        <testcase name="test_コマンドヘルプが表示されること" file="/Users/ryu/trends-laravel/tests/Unit/Console/Commands/BaseCommandTest.php" line="39" class="Tests\Unit\Console\Commands\BaseCommandTest" classname="Tests.Unit.Console.Commands.BaseCommandTest" assertions="2" time="0.010162"/>
        <testcase name="test_存在しないコマンドはエラーになること" file="/Users/ryu/trends-laravel/tests/Unit/Console/Commands/BaseCommandTest.php" line="52" class="Tests\Unit\Console\Commands\BaseCommandTest" classname="Tests.Unit.Console.Commands.BaseCommandTest" assertions="1" time="0.007156"/>
        <testcase name="test_コマンドが適切な構造を持つこと" file="/Users/ryu/trends-laravel/tests/Unit/Console/Commands/BaseCommandTest.php" line="62" class="Tests\Unit\Console\Commands\BaseCommandTest" classname="Tests.Unit.Console.Commands.BaseCommandTest" assertions="6" time="0.009486"/>
        <testcase name="test_dry_runオプションが利用可能なこと" file="/Users/ryu/trends-laravel/tests/Unit/Console/Commands/BaseCommandTest.php" line="84" class="Tests\Unit\Console\Commands\BaseCommandTest" classname="Tests.Unit.Console.Commands.BaseCommandTest" assertions="1" time="0.009397"/>
        <testcase name="test_dry_runモードでコマンドが実行されること" file="/Users/ryu/trends-laravel/tests/Unit/Console/Commands/BaseCommandTest.php" line="103" class="Tests\Unit\Console\Commands\BaseCommandTest" classname="Tests.Unit.Console.Commands.BaseCommandTest" assertions="2" time="0.921946"/>
        <testcase name="test_プラットフォーム指定コマンドが実行されること" file="/Users/ryu/trends-laravel/tests/Unit/Console/Commands/BaseCommandTest.php" line="118" class="Tests\Unit\Console\Commands\BaseCommandTest" classname="Tests.Unit.Console.Commands.BaseCommandTest" assertions="2" time="0.391242"/>
        <testcase name="test_無効なプラットフォーム指定でエラーになること" file="/Users/ryu/trends-laravel/tests/Unit/Console/Commands/BaseCommandTest.php" line="135" class="Tests\Unit\Console\Commands\BaseCommandTest" classname="Tests.Unit.Console.Commands.BaseCommandTest" assertions="2" time="0.007000"/>
        <testcase name="test_ランキング生成コマンドが実行されること" file="/Users/ryu/trends-laravel/tests/Unit/Console/Commands/BaseCommandTest.php" line="151" class="Tests\Unit\Console\Commands\BaseCommandTest" classname="Tests.Unit.Console.Commands.BaseCommandTest" assertions="2" time="0.024036"/>
        <testcase name="test_スコア計算コマンドが実行されること" file="/Users/ryu/trends-laravel/tests/Unit/Console/Commands/BaseCommandTest.php" line="166" class="Tests\Unit\Console\Commands\BaseCommandTest" classname="Tests.Unit.Console.Commands.BaseCommandTest" assertions="1" time="0.009360"/>
        <testcase name="test_スケジュールコマンドが実行されること" file="/Users/ryu/trends-laravel/tests/Unit/Console/Commands/BaseCommandTest.php" line="187" class="Tests\Unit\Console\Commands\BaseCommandTest" classname="Tests.Unit.Console.Commands.BaseCommandTest" assertions="1" time="0.439521"/>
        <testcase name="test_コマンドがタイムアウト内で実行されること" file="/Users/ryu/trends-laravel/tests/Unit/Console/Commands/BaseCommandTest.php" line="200" class="Tests\Unit\Console\Commands\BaseCommandTest" classname="Tests.Unit.Console.Commands.BaseCommandTest" assertions="1" time="0.378743"/>
        <testcase name="test_複数コマンドが並行実行できること" file="/Users/ryu/trends-laravel/tests/Unit/Console/Commands/BaseCommandTest.php" line="219" class="Tests\Unit\Console\Commands\BaseCommandTest" classname="Tests.Unit.Console.Commands.BaseCommandTest" assertions="3" time="0.584617"/>
      </testsuite>
      <testsuite name="Tests\Unit\Console\Commands\ComprehensiveCommandTest" file="/Users/ryu/trends-laravel/tests/Unit/Console/Commands/ComprehensiveCommandTest.php" tests="15" assertions="39" errors="0" failures="0" skipped="0" time="0.095106">
        <testcase name="test_generate_company_rankings_command_が登録されていること" file="/Users/ryu/trends-laravel/tests/Unit/Console/Commands/ComprehensiveCommandTest.php" line="18" class="Tests\Unit\Console\Commands\ComprehensiveCommandTest" classname="Tests.Unit.Console.Commands.ComprehensiveCommandTest" assertions="1" time="0.006549"/>
        <testcase name="test_scrape_all_command_が登録されていること" file="/Users/ryu/trends-laravel/tests/Unit/Console/Commands/ComprehensiveCommandTest.php" line="26" class="Tests\Unit\Console\Commands\ComprehensiveCommandTest" classname="Tests.Unit.Console.Commands.ComprehensiveCommandTest" assertions="1" time="0.005678"/>
        <testcase name="test_scrape_platform_command_が登録されていること" file="/Users/ryu/trends-laravel/tests/Unit/Console/Commands/ComprehensiveCommandTest.php" line="34" class="Tests\Unit\Console\Commands\ComprehensiveCommandTest" classname="Tests.Unit.Console.Commands.ComprehensiveCommandTest" assertions="1" time="0.005539"/>
        <testcase name="test_scrape_schedule_command_が登録されていること" file="/Users/ryu/trends-laravel/tests/Unit/Console/Commands/ComprehensiveCommandTest.php" line="42" class="Tests\Unit\Console\Commands\ComprehensiveCommandTest" classname="Tests.Unit.Console.Commands.ComprehensiveCommandTest" assertions="1" time="0.005571"/>
        <testcase name="test_artisan_コマンドリストにカスタムコマンドが含まれていること" file="/Users/ryu/trends-laravel/tests/Unit/Console/Commands/ComprehensiveCommandTest.php" line="50" class="Tests\Unit\Console\Commands\ComprehensiveCommandTest" classname="Tests.Unit.Console.Commands.ComprehensiveCommandTest" assertions="2" time="0.012583"/>
        <testcase name="test_generate_company_rankings_command_基本実行" file="/Users/ryu/trends-laravel/tests/Unit/Console/Commands/ComprehensiveCommandTest.php" line="63" class="Tests\Unit\Console\Commands\ComprehensiveCommandTest" classname="Tests.Unit.Console.Commands.ComprehensiveCommandTest" assertions="2" time="0.005669"/>
        <testcase name="test_scrape_all_command_基本実行" file="/Users/ryu/trends-laravel/tests/Unit/Console/Commands/ComprehensiveCommandTest.php" line="75" class="Tests\Unit\Console\Commands\ComprehensiveCommandTest" classname="Tests.Unit.Console.Commands.ComprehensiveCommandTest" assertions="2" time="0.005556"/>
        <testcase name="test_scrape_platform_command_基本実行" file="/Users/ryu/trends-laravel/tests/Unit/Console/Commands/ComprehensiveCommandTest.php" line="86" class="Tests\Unit\Console\Commands\ComprehensiveCommandTest" classname="Tests.Unit.Console.Commands.ComprehensiveCommandTest" assertions="2" time="0.007400"/>
        <testcase name="test_scrape_schedule_command_基本実行" file="/Users/ryu/trends-laravel/tests/Unit/Console/Commands/ComprehensiveCommandTest.php" line="97" class="Tests\Unit\Console\Commands\ComprehensiveCommandTest" classname="Tests.Unit.Console.Commands.ComprehensiveCommandTest" assertions="2" time="0.005645"/>
        <testcase name="test_コマンドオプションが正しく定義されていること" file="/Users/ryu/trends-laravel/tests/Unit/Console/Commands/ComprehensiveCommandTest.php" line="108" class="Tests\Unit\Console\Commands\ComprehensiveCommandTest" classname="Tests.Unit.Console.Commands.ComprehensiveCommandTest" assertions="2" time="0.005674"/>
        <testcase name="test_コマンドのシグネチャが正しく設定されていること" file="/Users/ryu/trends-laravel/tests/Unit/Console/Commands/ComprehensiveCommandTest.php" line="124" class="Tests\Unit\Console\Commands\ComprehensiveCommandTest" classname="Tests.Unit.Console.Commands.ComprehensiveCommandTest" assertions="8" time="0.005555"/>
        <testcase name="test_コマンドの説明が設定されていること" file="/Users/ryu/trends-laravel/tests/Unit/Console/Commands/ComprehensiveCommandTest.php" line="145" class="Tests\Unit\Console\Commands\ComprehensiveCommandTest" classname="Tests.Unit.Console.Commands.ComprehensiveCommandTest" assertions="4" time="0.005591"/>
        <testcase name="test_全コマンドが正常にインスタンス化されること" file="/Users/ryu/trends-laravel/tests/Unit/Console/Commands/ComprehensiveCommandTest.php" line="165" class="Tests\Unit\Console\Commands\ComprehensiveCommandTest" classname="Tests.Unit.Console.Commands.ComprehensiveCommandTest" assertions="8" time="0.005597"/>
        <testcase name="test_コマンドヘルプが表示されること" file="/Users/ryu/trends-laravel/tests/Unit/Console/Commands/ComprehensiveCommandTest.php" line="185" class="Tests\Unit\Console\Commands\ComprehensiveCommandTest" classname="Tests.Unit.Console.Commands.ComprehensiveCommandTest" assertions="2" time="0.006386"/>
        <testcase name="test_無効なコマンド実行時のエラーハンドリング" file="/Users/ryu/trends-laravel/tests/Unit/Console/Commands/ComprehensiveCommandTest.php" line="198" class="Tests\Unit\Console\Commands\ComprehensiveCommandTest" classname="Tests.Unit.Console.Commands.ComprehensiveCommandTest" assertions="1" time="0.006111"/>
      </testsuite>
      <testsuite name="Tests\Unit\Console\GenerateCompanyRankingsCommandTest" file="/Users/ryu/trends-laravel/tests/Unit/Console/GenerateCompanyRankingsCommandTest.php" tests="18" assertions="38" errors="0" failures="0" skipped="0" time="0.114998">
        <testcase name="test_コマンドの基本情報が正しく設定されている" file="/Users/ryu/trends-laravel/tests/Unit/Console/GenerateCompanyRankingsCommandTest.php" line="22" class="Tests\Unit\Console\GenerateCompanyRankingsCommandTest" classname="Tests.Unit.Console.GenerateCompanyRankingsCommandTest" assertions="2" time="0.005531"/>
        <testcase name="test_期間オプションが定義されている" file="/Users/ryu/trends-laravel/tests/Unit/Console/GenerateCompanyRankingsCommandTest.php" line="30" class="Tests\Unit\Console\GenerateCompanyRankingsCommandTest" classname="Tests.Unit.Console.GenerateCompanyRankingsCommandTest" assertions="2" time="0.005421"/>
        <testcase name="test_日付オプションが定義されている" file="/Users/ryu/trends-laravel/tests/Unit/Console/GenerateCompanyRankingsCommandTest.php" line="39" class="Tests\Unit\Console\GenerateCompanyRankingsCommandTest" classname="Tests.Unit.Console.GenerateCompanyRankingsCommandTest" assertions="2" time="0.005430"/>
        <testcase name="test_キューオプションが定義されている" file="/Users/ryu/trends-laravel/tests/Unit/Console/GenerateCompanyRankingsCommandTest.php" line="48" class="Tests\Unit\Console\GenerateCompanyRankingsCommandTest" classname="Tests.Unit.Console.GenerateCompanyRankingsCommandTest" assertions="2" time="0.005399"/>
        <testcase name="test_handleメソッドが実装されている" file="/Users/ryu/trends-laravel/tests/Unit/Console/GenerateCompanyRankingsCommandTest.php" line="57" class="Tests\Unit\Console\GenerateCompanyRankingsCommandTest" classname="Tests.Unit.Console.GenerateCompanyRankingsCommandTest" assertions="2" time="0.005400"/>
        <testcase name="test_デフォルト実行での正常終了" file="/Users/ryu/trends-laravel/tests/Unit/Console/GenerateCompanyRankingsCommandTest.php" line="66" class="Tests\Unit\Console\GenerateCompanyRankingsCommandTest" classname="Tests.Unit.Console.GenerateCompanyRankingsCommandTest" assertions="1" time="0.011048"/>
        <testcase name="test_期間指定オプションでの実行" file="/Users/ryu/trends-laravel/tests/Unit/Console/GenerateCompanyRankingsCommandTest.php" line="101" class="Tests\Unit\Console\GenerateCompanyRankingsCommandTest" classname="Tests.Unit.Console.GenerateCompanyRankingsCommandTest" assertions="1" time="0.006938"/>
        <testcase name="test_基準日指定オプションでの実行" file="/Users/ryu/trends-laravel/tests/Unit/Console/GenerateCompanyRankingsCommandTest.php" line="118" class="Tests\Unit\Console\GenerateCompanyRankingsCommandTest" classname="Tests.Unit.Console.GenerateCompanyRankingsCommandTest" assertions="1" time="0.006785"/>
        <testcase name="test_キューオプションでの単一期間実行" file="/Users/ryu/trends-laravel/tests/Unit/Console/GenerateCompanyRankingsCommandTest.php" line="138" class="Tests\Unit\Console\GenerateCompanyRankingsCommandTest" classname="Tests.Unit.Console.GenerateCompanyRankingsCommandTest" assertions="2" time="0.009688"/>
        <testcase name="test_キューオプションでの全期間実行" file="/Users/ryu/trends-laravel/tests/Unit/Console/GenerateCompanyRankingsCommandTest.php" line="151" class="Tests\Unit\Console\GenerateCompanyRankingsCommandTest" classname="Tests.Unit.Console.GenerateCompanyRankingsCommandTest" assertions="2" time="0.006435"/>
        <testcase name="test_無効な日付指定時のエラー" file="/Users/ryu/trends-laravel/tests/Unit/Console/GenerateCompanyRankingsCommandTest.php" line="162" class="Tests\Unit\Console\GenerateCompanyRankingsCommandTest" classname="Tests.Unit.Console.GenerateCompanyRankingsCommandTest" assertions="3" time="0.005448"/>
        <testcase name="test_サービス例外時の処理" file="/Users/ryu/trends-laravel/tests/Unit/Console/GenerateCompanyRankingsCommandTest.php" line="174" class="Tests\Unit\Console\GenerateCompanyRankingsCommandTest" classname="Tests.Unit.Console.GenerateCompanyRankingsCommandTest" assertions="1" time="0.006561"/>
        <testcase name="test_統計情報表示機能" file="/Users/ryu/trends-laravel/tests/Unit/Console/GenerateCompanyRankingsCommandTest.php" line="187" class="Tests\Unit\Console\GenerateCompanyRankingsCommandTest" classname="Tests.Unit.Console.GenerateCompanyRankingsCommandTest" assertions="1" time="0.007184"/>
        <testcase name="test_実行時間測定とログ出力" file="/Users/ryu/trends-laravel/tests/Unit/Console/GenerateCompanyRankingsCommandTest.php" line="221" class="Tests\Unit\Console\GenerateCompanyRankingsCommandTest" classname="Tests.Unit.Console.GenerateCompanyRankingsCommandTest" assertions="3" time="0.005443"/>
        <testcase name="test_プログレスバー機能の実装" file="/Users/ryu/trends-laravel/tests/Unit/Console/GenerateCompanyRankingsCommandTest.php" line="231" class="Tests\Unit\Console\GenerateCompanyRankingsCommandTest" classname="Tests.Unit.Console.GenerateCompanyRankingsCommandTest" assertions="4" time="0.005444"/>
        <testcase name="test_コマンド成功時の終了コード" file="/Users/ryu/trends-laravel/tests/Unit/Console/GenerateCompanyRankingsCommandTest.php" line="242" class="Tests\Unit\Console\GenerateCompanyRankingsCommandTest" classname="Tests.Unit.Console.GenerateCompanyRankingsCommandTest" assertions="2" time="0.005749"/>
        <testcase name="test_期間処理の分離実装" file="/Users/ryu/trends-laravel/tests/Unit/Console/GenerateCompanyRankingsCommandTest.php" line="248" class="Tests\Unit\Console\GenerateCompanyRankingsCommandTest" classname="Tests.Unit.Console.GenerateCompanyRankingsCommandTest" assertions="3" time="0.005539"/>
        <testcase name="test_サービスクラス連携の確認" file="/Users/ryu/trends-laravel/tests/Unit/Console/GenerateCompanyRankingsCommandTest.php" line="258" class="Tests\Unit\Console\GenerateCompanyRankingsCommandTest" classname="Tests.Unit.Console.GenerateCompanyRankingsCommandTest" assertions="4" time="0.005555"/>
      </testsuite>
      <testsuite name="Tests\Unit\Console\ScrapeAllCommandHandleTest" file="/Users/ryu/trends-laravel/tests/Unit/Console/ScrapeAllCommandHandleTest.php" tests="5" assertions="5" errors="0" failures="0" skipped="0" time="0.039782">
        <testcase name="test_handle実行_正常系" file="/Users/ryu/trends-laravel/tests/Unit/Console/ScrapeAllCommandHandleTest.php" line="23" class="Tests\Unit\Console\ScrapeAllCommandHandleTest" classname="Tests.Unit.Console.ScrapeAllCommandHandleTest" assertions="1" time="0.012140"/>
        <testcase name="test_handle実行_dry_runモード" file="/Users/ryu/trends-laravel/tests/Unit/Console/ScrapeAllCommandHandleTest.php" line="32" class="Tests\Unit\Console\ScrapeAllCommandHandleTest" classname="Tests.Unit.Console.ScrapeAllCommandHandleTest" assertions="1" time="0.007118"/>
        <testcase name="test_handle実行_エラー発生時" file="/Users/ryu/trends-laravel/tests/Unit/Console/ScrapeAllCommandHandleTest.php" line="69" class="Tests\Unit\Console\ScrapeAllCommandHandleTest" classname="Tests.Unit.Console.ScrapeAllCommandHandleTest" assertions="1" time="0.006840"/>
        <testcase name="test_handle実行_全スクレイパーエラー時" file="/Users/ryu/trends-laravel/tests/Unit/Console/ScrapeAllCommandHandleTest.php" line="105" class="Tests\Unit\Console\ScrapeAllCommandHandleTest" classname="Tests.Unit.Console.ScrapeAllCommandHandleTest" assertions="1" time="0.006803"/>
        <testcase name="test_handle実行_統計情報表示" file="/Users/ryu/trends-laravel/tests/Unit/Console/ScrapeAllCommandHandleTest.php" line="136" class="Tests\Unit\Console\ScrapeAllCommandHandleTest" classname="Tests.Unit.Console.ScrapeAllCommandHandleTest" assertions="1" time="0.006881"/>
      </testsuite>
      <testsuite name="Tests\Unit\Console\ScrapePlatformCommandHandleTest" file="/Users/ryu/trends-laravel/tests/Unit/Console/ScrapePlatformCommandHandleTest.php" tests="12" assertions="12" errors="0" failures="0" skipped="0" time="0.080825">
        <testcase name="test_handle実行_qiita正常系" file="/Users/ryu/trends-laravel/tests/Unit/Console/ScrapePlatformCommandHandleTest.php" line="23" class="Tests\Unit\Console\ScrapePlatformCommandHandleTest" classname="Tests.Unit.Console.ScrapePlatformCommandHandleTest" assertions="1" time="0.006722"/>
        <testcase name="test_handle実行_zenn正常系" file="/Users/ryu/trends-laravel/tests/Unit/Console/ScrapePlatformCommandHandleTest.php" line="40" class="Tests\Unit\Console\ScrapePlatformCommandHandleTest" classname="Tests.Unit.Console.ScrapePlatformCommandHandleTest" assertions="1" time="0.006569"/>
        <testcase name="test_handle実行_hatena正常系" file="/Users/ryu/trends-laravel/tests/Unit/Console/ScrapePlatformCommandHandleTest.php" line="57" class="Tests\Unit\Console\ScrapePlatformCommandHandleTest" classname="Tests.Unit.Console.ScrapePlatformCommandHandleTest" assertions="1" time="0.006621"/>
        <testcase name="test_handle実行_qiita_dry_runモード" file="/Users/ryu/trends-laravel/tests/Unit/Console/ScrapePlatformCommandHandleTest.php" line="74" class="Tests\Unit\Console\ScrapePlatformCommandHandleTest" classname="Tests.Unit.Console.ScrapePlatformCommandHandleTest" assertions="1" time="0.006607"/>
        <testcase name="test_handle実行_zenn_dry_runモード" file="/Users/ryu/trends-laravel/tests/Unit/Console/ScrapePlatformCommandHandleTest.php" line="91" class="Tests\Unit\Console\ScrapePlatformCommandHandleTest" classname="Tests.Unit.Console.ScrapePlatformCommandHandleTest" assertions="1" time="0.006599"/>
        <testcase name="test_handle実行_hatena_dry_runモード" file="/Users/ryu/trends-laravel/tests/Unit/Console/ScrapePlatformCommandHandleTest.php" line="108" class="Tests\Unit\Console\ScrapePlatformCommandHandleTest" classname="Tests.Unit.Console.ScrapePlatformCommandHandleTest" assertions="1" time="0.006630"/>
        <testcase name="test_handle実行_無効なプラットフォーム" file="/Users/ryu/trends-laravel/tests/Unit/Console/ScrapePlatformCommandHandleTest.php" line="125" class="Tests\Unit\Console\ScrapePlatformCommandHandleTest" classname="Tests.Unit.Console.ScrapePlatformCommandHandleTest" assertions="1" time="0.006495"/>
        <testcase name="test_handle実行_qiitaエラー時" file="/Users/ryu/trends-laravel/tests/Unit/Console/ScrapePlatformCommandHandleTest.php" line="131" class="Tests\Unit\Console\ScrapePlatformCommandHandleTest" classname="Tests.Unit.Console.ScrapePlatformCommandHandleTest" assertions="1" time="0.006580"/>
        <testcase name="test_handle実行_zennエラー時" file="/Users/ryu/trends-laravel/tests/Unit/Console/ScrapePlatformCommandHandleTest.php" line="147" class="Tests\Unit\Console\ScrapePlatformCommandHandleTest" classname="Tests.Unit.Console.ScrapePlatformCommandHandleTest" assertions="1" time="0.006562"/>
        <testcase name="test_handle実行_hatenaエラー時" file="/Users/ryu/trends-laravel/tests/Unit/Console/ScrapePlatformCommandHandleTest.php" line="163" class="Tests\Unit\Console\ScrapePlatformCommandHandleTest" classname="Tests.Unit.Console.ScrapePlatformCommandHandleTest" assertions="1" time="0.006728"/>
        <testcase name="test_handle実行_プラットフォーム名大文字小文字" file="/Users/ryu/trends-laravel/tests/Unit/Console/ScrapePlatformCommandHandleTest.php" line="179" class="Tests\Unit\Console\ScrapePlatformCommandHandleTest" classname="Tests.Unit.Console.ScrapePlatformCommandHandleTest" assertions="1" time="0.007610"/>
        <testcase name="test_handle実行_統計情報表示" file="/Users/ryu/trends-laravel/tests/Unit/Console/ScrapePlatformCommandHandleTest.php" line="196" class="Tests\Unit\Console\ScrapePlatformCommandHandleTest" classname="Tests.Unit.Console.ScrapePlatformCommandHandleTest" assertions="1" time="0.007103"/>
      </testsuite>
      <testsuite name="Tests\Unit\Console\ScrapeScheduleCommandHandleTest" file="/Users/ryu/trends-laravel/tests/Unit/Console/ScrapeScheduleCommandHandleTest.php" tests="8" assertions="8" errors="0" failures="0" skipped="0" time="0.059917">
        <testcase name="test_handle実行_正常系" file="/Users/ryu/trends-laravel/tests/Unit/Console/ScrapeScheduleCommandHandleTest.php" line="23" class="Tests\Unit\Console\ScrapeScheduleCommandHandleTest" classname="Tests.Unit.Console.ScrapeScheduleCommandHandleTest" assertions="1" time="0.007315"/>
        <testcase name="test_handle実行_silentモード" file="/Users/ryu/trends-laravel/tests/Unit/Console/ScrapeScheduleCommandHandleTest.php" line="32" class="Tests\Unit\Console\ScrapeScheduleCommandHandleTest" classname="Tests.Unit.Console.ScrapeScheduleCommandHandleTest" assertions="1" time="0.007115"/>
        <testcase name="test_handle実行_エラー発生時" file="/Users/ryu/trends-laravel/tests/Unit/Console/ScrapeScheduleCommandHandleTest.php" line="72" class="Tests\Unit\Console\ScrapeScheduleCommandHandleTest" classname="Tests.Unit.Console.ScrapeScheduleCommandHandleTest" assertions="1" time="0.007338"/>
        <testcase name="test_handle実行_全スクレイパーエラー時" file="/Users/ryu/trends-laravel/tests/Unit/Console/ScrapeScheduleCommandHandleTest.php" line="108" class="Tests\Unit\Console\ScrapeScheduleCommandHandleTest" classname="Tests.Unit.Console.ScrapeScheduleCommandHandleTest" assertions="1" time="0.007360"/>
        <testcase name="test_handle実行_部分的成功" file="/Users/ryu/trends-laravel/tests/Unit/Console/ScrapeScheduleCommandHandleTest.php" line="139" class="Tests\Unit\Console\ScrapeScheduleCommandHandleTest" classname="Tests.Unit.Console.ScrapeScheduleCommandHandleTest" assertions="1" time="0.009757"/>
        <testcase name="test_handle実行_統計情報表示" file="/Users/ryu/trends-laravel/tests/Unit/Console/ScrapeScheduleCommandHandleTest.php" line="176" class="Tests\Unit\Console\ScrapeScheduleCommandHandleTest" classname="Tests.Unit.Console.ScrapeScheduleCommandHandleTest" assertions="1" time="0.007422"/>
        <testcase name="test_handle実行_特定プラットフォーム" file="/Users/ryu/trends-laravel/tests/Unit/Console/ScrapeScheduleCommandHandleTest.php" line="225" class="Tests\Unit\Console\ScrapeScheduleCommandHandleTest" classname="Tests.Unit.Console.ScrapeScheduleCommandHandleTest" assertions="1" time="0.006910"/>
        <testcase name="test_handle実行_無効なプラットフォーム" file="/Users/ryu/trends-laravel/tests/Unit/Console/ScrapeScheduleCommandHandleTest.php" line="243" class="Tests\Unit\Console\ScrapeScheduleCommandHandleTest" classname="Tests.Unit.Console.ScrapeScheduleCommandHandleTest" assertions="1" time="0.006700"/>
      </testsuite>
      <testsuite name="Tests\Unit\Constants\ArticleEngagementTest" file="/Users/ryu/trends-laravel/tests/Unit/Constants/ArticleEngagementTest.php" tests="8" assertions="32" errors="0" failures="0" skipped="0" time="0.000857">
        <testcase name="test_get_normal_bookmark_range_正常に範囲を取得できること" file="/Users/ryu/trends-laravel/tests/Unit/Constants/ArticleEngagementTest.php" line="13" class="Tests\Unit\Constants\ArticleEngagementTest" classname="Tests.Unit.Constants.ArticleEngagementTest" assertions="4" time="0.000125"/>
        <testcase name="test_get_normal_likes_range_正常に範囲を取得できること" file="/Users/ryu/trends-laravel/tests/Unit/Constants/ArticleEngagementTest.php" line="25" class="Tests\Unit\Constants\ArticleEngagementTest" classname="Tests.Unit.Constants.ArticleEngagementTest" assertions="4" time="0.000110"/>
        <testcase name="test_get_popular_bookmark_range_正常に範囲を取得できること" file="/Users/ryu/trends-laravel/tests/Unit/Constants/ArticleEngagementTest.php" line="37" class="Tests\Unit\Constants\ArticleEngagementTest" classname="Tests.Unit.Constants.ArticleEngagementTest" assertions="4" time="0.000105"/>
        <testcase name="test_get_popular_likes_range_正常に範囲を取得できること" file="/Users/ryu/trends-laravel/tests/Unit/Constants/ArticleEngagementTest.php" line="49" class="Tests\Unit\Constants\ArticleEngagementTest" classname="Tests.Unit.Constants.ArticleEngagementTest" assertions="4" time="0.000111"/>
        <testcase name="test_get_low_bookmark_range_正常に範囲を取得できること" file="/Users/ryu/trends-laravel/tests/Unit/Constants/ArticleEngagementTest.php" line="61" class="Tests\Unit\Constants\ArticleEngagementTest" classname="Tests.Unit.Constants.ArticleEngagementTest" assertions="4" time="0.000102"/>
        <testcase name="test_get_low_likes_range_正常に範囲を取得できること" file="/Users/ryu/trends-laravel/tests/Unit/Constants/ArticleEngagementTest.php" line="73" class="Tests\Unit\Constants\ArticleEngagementTest" classname="Tests.Unit.Constants.ArticleEngagementTest" assertions="4" time="0.000101"/>
        <testcase name="test_get_high_bookmark_range_正常に範囲を取得できること" file="/Users/ryu/trends-laravel/tests/Unit/Constants/ArticleEngagementTest.php" line="85" class="Tests\Unit\Constants\ArticleEngagementTest" classname="Tests.Unit.Constants.ArticleEngagementTest" assertions="4" time="0.000100"/>
        <testcase name="test_get_high_likes_range_正常に範囲を取得できること" file="/Users/ryu/trends-laravel/tests/Unit/Constants/ArticleEngagementTest.php" line="97" class="Tests\Unit\Constants\ArticleEngagementTest" classname="Tests.Unit.Constants.ArticleEngagementTest" assertions="4" time="0.000103"/>
      </testsuite>
      <testsuite name="Tests\Unit\Constants\CacheTimeTest" file="/Users/ryu/trends-laravel/tests/Unit/Constants/CacheTimeTest.php" tests="20" assertions="104" errors="0" failures="0" skipped="0" time="0.003675">
        <testcase name="test_基本キャッシュ時間定数が正しい値を持つ" file="/Users/ryu/trends-laravel/tests/Unit/Constants/CacheTimeTest.php" line="14" class="Tests\Unit\Constants\CacheTimeTest" classname="Tests.Unit.Constants.CacheTimeTest" assertions="3" time="0.001131"/>
        <testcase name="test_用途別キャッシュ時間定数が正しい値を持つ" file="/Users/ryu/trends-laravel/tests/Unit/Constants/CacheTimeTest.php" line="22" class="Tests\Unit\Constants\CacheTimeTest" classname="Tests.Unit.Constants.CacheTimeTest" assertions="5" time="0.000135"/>
        <testcase name="test_キャッシュ時間の論理的順序が正しい" file="/Users/ryu/trends-laravel/tests/Unit/Constants/CacheTimeTest.php" line="32" class="Tests\Unit\Constants\CacheTimeTest" classname="Tests.Unit.Constants.CacheTimeTest" assertions="3" time="0.000118"/>
        <testcase name="test_用途別キャッシュ時間の妥当性" file="/Users/ryu/trends-laravel/tests/Unit/Constants/CacheTimeTest.php" line="54" class="Tests\Unit\Constants\CacheTimeTest" classname="Tests.Unit.Constants.CacheTimeTest" assertions="5" time="0.000111"/>
        <testsuite name="Tests\Unit\Constants\CacheTimeTest::test_キャッシュ時間定数の型が正しい" tests="8" assertions="16" errors="0" failures="0" skipped="0" time="0.001117">
          <testcase name="test_キャッシュ時間定数の型が正しい with data set &quot;DEFAULT&quot;" file="/Users/ryu/trends-laravel/tests/Unit/Constants/CacheTimeTest.php" line="92" class="Tests\Unit\Constants\CacheTimeTest" classname="Tests.Unit.Constants.CacheTimeTest" assertions="2" time="0.000245"/>
          <testcase name="test_キャッシュ時間定数の型が正しい with data set &quot;SHORT&quot;" file="/Users/ryu/trends-laravel/tests/Unit/Constants/CacheTimeTest.php" line="92" class="Tests\Unit\Constants\CacheTimeTest" classname="Tests.Unit.Constants.CacheTimeTest" assertions="2" time="0.000132"/>
          <testcase name="test_キャッシュ時間定数の型が正しい with data set &quot;LONG&quot;" file="/Users/ryu/trends-laravel/tests/Unit/Constants/CacheTimeTest.php" line="92" class="Tests\Unit\Constants\CacheTimeTest" classname="Tests.Unit.Constants.CacheTimeTest" assertions="2" time="0.000127"/>
          <testcase name="test_キャッシュ時間定数の型が正しい with data set &quot;STATISTICS&quot;" file="/Users/ryu/trends-laravel/tests/Unit/Constants/CacheTimeTest.php" line="92" class="Tests\Unit\Constants\CacheTimeTest" classname="Tests.Unit.Constants.CacheTimeTest" assertions="2" time="0.000124"/>
          <testcase name="test_キャッシュ時間定数の型が正しい with data set &quot;RANKING&quot;" file="/Users/ryu/trends-laravel/tests/Unit/Constants/CacheTimeTest.php" line="92" class="Tests\Unit\Constants\CacheTimeTest" classname="Tests.Unit.Constants.CacheTimeTest" assertions="2" time="0.000123"/>
          <testcase name="test_キャッシュ時間定数の型が正しい with data set &quot;COMPANY_DETAIL&quot;" file="/Users/ryu/trends-laravel/tests/Unit/Constants/CacheTimeTest.php" line="92" class="Tests\Unit\Constants\CacheTimeTest" classname="Tests.Unit.Constants.CacheTimeTest" assertions="2" time="0.000124"/>
          <testcase name="test_キャッシュ時間定数の型が正しい with data set &quot;ARTICLE_LIST&quot;" file="/Users/ryu/trends-laravel/tests/Unit/Constants/CacheTimeTest.php" line="92" class="Tests\Unit\Constants\CacheTimeTest" classname="Tests.Unit.Constants.CacheTimeTest" assertions="2" time="0.000121"/>
          <testcase name="test_キャッシュ時間定数の型が正しい with data set &quot;ARTICLE_DETAIL&quot;" file="/Users/ryu/trends-laravel/tests/Unit/Constants/CacheTimeTest.php" line="92" class="Tests\Unit\Constants\CacheTimeTest" classname="Tests.Unit.Constants.CacheTimeTest" assertions="2" time="0.000121"/>
        </testsuite>
        <testcase name="test_キャッシュ時間値の範囲が適切である" file="/Users/ryu/trends-laravel/tests/Unit/Constants/CacheTimeTest.php" line="115" class="Tests\Unit\Constants\CacheTimeTest" classname="Tests.Unit.Constants.CacheTimeTest" assertions="24" time="0.000212"/>
        <testcase name="test_秒単位での時間設定の妥当性" file="/Users/ryu/trends-laravel/tests/Unit/Constants/CacheTimeTest.php" line="135" class="Tests\Unit\Constants\CacheTimeTest" classname="Tests.Unit.Constants.CacheTimeTest" assertions="3" time="0.000116"/>
        <testcase name="test_ビジネス要件との整合性" file="/Users/ryu/trends-laravel/tests/Unit/Constants/CacheTimeTest.php" line="148" class="Tests\Unit\Constants\CacheTimeTest" classname="Tests.Unit.Constants.CacheTimeTest" assertions="8" time="0.000109"/>
        <testcase name="test_全定数がアクセス可能である" file="/Users/ryu/trends-laravel/tests/Unit/Constants/CacheTimeTest.php" line="176" class="Tests\Unit\Constants\CacheTimeTest" classname="Tests.Unit.Constants.CacheTimeTest" assertions="9" time="0.000127"/>
        <testcase name="test_定数の不変性確認" file="/Users/ryu/trends-laravel/tests/Unit/Constants/CacheTimeTest.php" line="200" class="Tests\Unit\Constants\CacheTimeTest" classname="Tests.Unit.Constants.CacheTimeTest" assertions="3" time="0.000101"/>
        <testcase name="test_パフォーマンス要件との整合性" file="/Users/ryu/trends-laravel/tests/Unit/Constants/CacheTimeTest.php" line="213" class="Tests\Unit\Constants\CacheTimeTest" classname="Tests.Unit.Constants.CacheTimeTest" assertions="3" time="0.000111"/>
        <testcase name="test_キャッシュ戦略の分類妥当性" file="/Users/ryu/trends-laravel/tests/Unit/Constants/CacheTimeTest.php" line="234" class="Tests\Unit\Constants\CacheTimeTest" classname="Tests.Unit.Constants.CacheTimeTest" assertions="18" time="0.000157"/>
        <testcase name="test_実用的な時間設定確認" file="/Users/ryu/trends-laravel/tests/Unit/Constants/CacheTimeTest.php" line="257" class="Tests\Unit\Constants\CacheTimeTest" classname="Tests.Unit.Constants.CacheTimeTest" assertions="4" time="0.000131"/>
      </testsuite>
      <testsuite name="Tests\Unit\Constants\PlatformTest" file="/Users/ryu/trends-laravel/tests/Unit/Constants/PlatformTest.php" tests="53" assertions="90" errors="0" failures="0" skipped="0" time="0.006110">
        <testcase name="qiita定数が正しい値を持つ" file="/Users/ryu/trends-laravel/tests/Unit/Constants/PlatformTest.php" line="13" class="Tests\Unit\Constants\PlatformTest" classname="Tests.Unit.Constants.PlatformTest" assertions="1" time="0.000114"/>
        <testcase name="zenn定数が正しい値を持つ" file="/Users/ryu/trends-laravel/tests/Unit/Constants/PlatformTest.php" line="19" class="Tests\Unit\Constants\PlatformTest" classname="Tests.Unit.Constants.PlatformTest" assertions="1" time="0.000109"/>
        <testcase name="はてなブックマーク定数が正しい値を持つ" file="/Users/ryu/trends-laravel/tests/Unit/Constants/PlatformTest.php" line="25" class="Tests\Unit\Constants\PlatformTest" classname="Tests.Unit.Constants.PlatformTest" assertions="1" time="0.000114"/>
        <testcase name="all定数が全プラットフォームを含む" file="/Users/ryu/trends-laravel/tests/Unit/Constants/PlatformTest.php" line="31" class="Tests\Unit\Constants\PlatformTest" classname="Tests.Unit.Constants.PlatformTest" assertions="2" time="0.000111"/>
        <testcase name="urls定数が正しいurlを含む" file="/Users/ryu/trends-laravel/tests/Unit/Constants/PlatformTest.php" line="44" class="Tests\Unit\Constants\PlatformTest" classname="Tests.Unit.Constants.PlatformTest" assertions="1" time="0.000102"/>
        <testcase name="rate_limits定数が正しい制限値を含む" file="/Users/ryu/trends-laravel/tests/Unit/Constants/PlatformTest.php" line="56" class="Tests\Unit\Constants\PlatformTest" classname="Tests.Unit.Constants.PlatformTest" assertions="1" time="0.000089"/>
        <testcase name="get_valid_platformsが全プラットフォームを返す" file="/Users/ryu/trends-laravel/tests/Unit/Constants/PlatformTest.php" line="68" class="Tests\Unit\Constants\PlatformTest" classname="Tests.Unit.Constants.PlatformTest" assertions="4" time="0.000105"/>
        <testsuite name="Tests\Unit\Constants\PlatformTest::is_validが有効なプラットフォーム名でtrueを返す" tests="3" assertions="3" errors="0" failures="0" skipped="0" time="0.000336">
          <testcase name="is_validが有効なプラットフォーム名でtrueを返す with data set &quot;Qiita&quot;" file="/Users/ryu/trends-laravel/tests/Unit/Constants/PlatformTest.php" line="80" class="Tests\Unit\Constants\PlatformTest" classname="Tests.Unit.Constants.PlatformTest" assertions="1" time="0.000117"/>
          <testcase name="is_validが有効なプラットフォーム名でtrueを返す with data set &quot;Zenn&quot;" file="/Users/ryu/trends-laravel/tests/Unit/Constants/PlatformTest.php" line="80" class="Tests\Unit\Constants\PlatformTest" classname="Tests.Unit.Constants.PlatformTest" assertions="1" time="0.000111"/>
          <testcase name="is_validが有効なプラットフォーム名でtrueを返す with data set &quot;はてなブックマーク&quot;" file="/Users/ryu/trends-laravel/tests/Unit/Constants/PlatformTest.php" line="80" class="Tests\Unit\Constants\PlatformTest" classname="Tests.Unit.Constants.PlatformTest" assertions="1" time="0.000108"/>
        </testsuite>
        <testsuite name="Tests\Unit\Constants\PlatformTest::is_validが無効なプラットフォーム名でfalseを返す" tests="8" assertions="8" errors="0" failures="0" skipped="0" time="0.000913">
          <testcase name="is_validが無効なプラットフォーム名でfalseを返す with data set &quot;存在しないプラットフォーム&quot;" file="/Users/ryu/trends-laravel/tests/Unit/Constants/PlatformTest.php" line="96" class="Tests\Unit\Constants\PlatformTest" classname="Tests.Unit.Constants.PlatformTest" assertions="1" time="0.000160"/>
          <testcase name="is_validが無効なプラットフォーム名でfalseを返す with data set &quot;空文字列&quot;" file="/Users/ryu/trends-laravel/tests/Unit/Constants/PlatformTest.php" line="96" class="Tests\Unit\Constants\PlatformTest" classname="Tests.Unit.Constants.PlatformTest" assertions="1" time="0.000110"/>
          <testcase name="is_validが無効なプラットフォーム名でfalseを返す with data set &quot;大文字小文字違い&quot;" file="/Users/ryu/trends-laravel/tests/Unit/Constants/PlatformTest.php" line="96" class="Tests\Unit\Constants\PlatformTest" classname="Tests.Unit.Constants.PlatformTest" assertions="1" time="0.000106"/>
          <testcase name="is_validが無効なプラットフォーム名でfalseを返す with data set &quot;ZENN大文字&quot;" file="/Users/ryu/trends-laravel/tests/Unit/Constants/PlatformTest.php" line="96" class="Tests\Unit\Constants\PlatformTest" classname="Tests.Unit.Constants.PlatformTest" assertions="1" time="0.000107"/>
          <testcase name="is_validが無効なプラットフォーム名でfalseを返す with data set &quot;スペース含み&quot;" file="/Users/ryu/trends-laravel/tests/Unit/Constants/PlatformTest.php" line="96" class="Tests\Unit\Constants\PlatformTest" classname="Tests.Unit.Constants.PlatformTest" assertions="1" time="0.000107"/>
          <testcase name="is_validが無効なプラットフォーム名でfalseを返す with data set &quot;null文字列&quot;" file="/Users/ryu/trends-laravel/tests/Unit/Constants/PlatformTest.php" line="96" class="Tests\Unit\Constants\PlatformTest" classname="Tests.Unit.Constants.PlatformTest" assertions="1" time="0.000107"/>
          <testcase name="is_validが無効なプラットフォーム名でfalseを返す with data set &quot;GitHub&quot;" file="/Users/ryu/trends-laravel/tests/Unit/Constants/PlatformTest.php" line="96" class="Tests\Unit\Constants\PlatformTest" classname="Tests.Unit.Constants.PlatformTest" assertions="1" time="0.000107"/>
          <testcase name="is_validが無効なプラットフォーム名でfalseを返す with data set &quot;はてな&quot;" file="/Users/ryu/trends-laravel/tests/Unit/Constants/PlatformTest.php" line="96" class="Tests\Unit\Constants\PlatformTest" classname="Tests.Unit.Constants.PlatformTest" assertions="1" time="0.000108"/>
        </testsuite>
        <testsuite name="Tests\Unit\Constants\PlatformTest::get_urlが有効なプラットフォームで正しいurlを返す" tests="3" assertions="3" errors="0" failures="0" skipped="0" time="0.000326">
          <testcase name="get_urlが有効なプラットフォームで正しいurlを返す with data set &quot;Qiita&quot;" file="/Users/ryu/trends-laravel/tests/Unit/Constants/PlatformTest.php" line="117" class="Tests\Unit\Constants\PlatformTest" classname="Tests.Unit.Constants.PlatformTest" assertions="1" time="0.000113"/>
          <testcase name="get_urlが有効なプラットフォームで正しいurlを返す with data set &quot;Zenn&quot;" file="/Users/ryu/trends-laravel/tests/Unit/Constants/PlatformTest.php" line="117" class="Tests\Unit\Constants\PlatformTest" classname="Tests.Unit.Constants.PlatformTest" assertions="1" time="0.000110"/>
          <testcase name="get_urlが有効なプラットフォームで正しいurlを返す with data set &quot;はてなブックマーク&quot;" file="/Users/ryu/trends-laravel/tests/Unit/Constants/PlatformTest.php" line="117" class="Tests\Unit\Constants\PlatformTest" classname="Tests.Unit.Constants.PlatformTest" assertions="1" time="0.000103"/>
        </testsuite>
        <testsuite name="Tests\Unit\Constants\PlatformTest::get_urlが無効なプラットフォーム名でnullを返す" tests="8" assertions="8" errors="0" failures="0" skipped="0" time="0.000832">
          <testcase name="get_urlが無効なプラットフォーム名でnullを返す with data set &quot;存在しないプラットフォーム&quot;" file="/Users/ryu/trends-laravel/tests/Unit/Constants/PlatformTest.php" line="133" class="Tests\Unit\Constants\PlatformTest" classname="Tests.Unit.Constants.PlatformTest" assertions="1" time="0.000108"/>
          <testcase name="get_urlが無効なプラットフォーム名でnullを返す with data set &quot;空文字列&quot;" file="/Users/ryu/trends-laravel/tests/Unit/Constants/PlatformTest.php" line="133" class="Tests\Unit\Constants\PlatformTest" classname="Tests.Unit.Constants.PlatformTest" assertions="1" time="0.000103"/>
          <testcase name="get_urlが無効なプラットフォーム名でnullを返す with data set &quot;大文字小文字違い&quot;" file="/Users/ryu/trends-laravel/tests/Unit/Constants/PlatformTest.php" line="133" class="Tests\Unit\Constants\PlatformTest" classname="Tests.Unit.Constants.PlatformTest" assertions="1" time="0.000104"/>
          <testcase name="get_urlが無効なプラットフォーム名でnullを返す with data set &quot;ZENN大文字&quot;" file="/Users/ryu/trends-laravel/tests/Unit/Constants/PlatformTest.php" line="133" class="Tests\Unit\Constants\PlatformTest" classname="Tests.Unit.Constants.PlatformTest" assertions="1" time="0.000103"/>
          <testcase name="get_urlが無効なプラットフォーム名でnullを返す with data set &quot;スペース含み&quot;" file="/Users/ryu/trends-laravel/tests/Unit/Constants/PlatformTest.php" line="133" class="Tests\Unit\Constants\PlatformTest" classname="Tests.Unit.Constants.PlatformTest" assertions="1" time="0.000106"/>
          <testcase name="get_urlが無効なプラットフォーム名でnullを返す with data set &quot;null文字列&quot;" file="/Users/ryu/trends-laravel/tests/Unit/Constants/PlatformTest.php" line="133" class="Tests\Unit\Constants\PlatformTest" classname="Tests.Unit.Constants.PlatformTest" assertions="1" time="0.000105"/>
          <testcase name="get_urlが無効なプラットフォーム名でnullを返す with data set &quot;GitHub&quot;" file="/Users/ryu/trends-laravel/tests/Unit/Constants/PlatformTest.php" line="133" class="Tests\Unit\Constants\PlatformTest" classname="Tests.Unit.Constants.PlatformTest" assertions="1" time="0.000100"/>
          <testcase name="get_urlが無効なプラットフォーム名でnullを返す with data set &quot;はてな&quot;" file="/Users/ryu/trends-laravel/tests/Unit/Constants/PlatformTest.php" line="133" class="Tests\Unit\Constants\PlatformTest" classname="Tests.Unit.Constants.PlatformTest" assertions="1" time="0.000103"/>
        </testsuite>
        <testsuite name="Tests\Unit\Constants\PlatformTest::get_rate_limitが有効なプラットフォームで正しい制限値を返す" tests="3" assertions="3" errors="0" failures="0" skipped="0" time="0.000317">
          <testcase name="get_rate_limitが有効なプラットフォームで正しい制限値を返す with data set &quot;Qiita&quot;" file="/Users/ryu/trends-laravel/tests/Unit/Constants/PlatformTest.php" line="140" class="Tests\Unit\Constants\PlatformTest" classname="Tests.Unit.Constants.PlatformTest" assertions="1" time="0.000101"/>
          <testcase name="get_rate_limitが有効なプラットフォームで正しい制限値を返す with data set &quot;Zenn&quot;" file="/Users/ryu/trends-laravel/tests/Unit/Constants/PlatformTest.php" line="140" class="Tests\Unit\Constants\PlatformTest" classname="Tests.Unit.Constants.PlatformTest" assertions="1" time="0.000110"/>
          <testcase name="get_rate_limitが有効なプラットフォームで正しい制限値を返す with data set &quot;はてなブックマーク&quot;" file="/Users/ryu/trends-laravel/tests/Unit/Constants/PlatformTest.php" line="140" class="Tests\Unit\Constants\PlatformTest" classname="Tests.Unit.Constants.PlatformTest" assertions="1" time="0.000106"/>
        </testsuite>
        <testsuite name="Tests\Unit\Constants\PlatformTest::get_rate_limitが無効なプラットフォーム名でnullを返す" tests="8" assertions="8" errors="0" failures="0" skipped="0" time="0.000821">
          <testcase name="get_rate_limitが無効なプラットフォーム名でnullを返す with data set &quot;存在しないプラットフォーム&quot;" file="/Users/ryu/trends-laravel/tests/Unit/Constants/PlatformTest.php" line="156" class="Tests\Unit\Constants\PlatformTest" classname="Tests.Unit.Constants.PlatformTest" assertions="1" time="0.000098"/>
          <testcase name="get_rate_limitが無効なプラットフォーム名でnullを返す with data set &quot;空文字列&quot;" file="/Users/ryu/trends-laravel/tests/Unit/Constants/PlatformTest.php" line="156" class="Tests\Unit\Constants\PlatformTest" classname="Tests.Unit.Constants.PlatformTest" assertions="1" time="0.000103"/>
          <testcase name="get_rate_limitが無効なプラットフォーム名でnullを返す with data set &quot;大文字小文字違い&quot;" file="/Users/ryu/trends-laravel/tests/Unit/Constants/PlatformTest.php" line="156" class="Tests\Unit\Constants\PlatformTest" classname="Tests.Unit.Constants.PlatformTest" assertions="1" time="0.000104"/>
          <testcase name="get_rate_limitが無効なプラットフォーム名でnullを返す with data set &quot;ZENN大文字&quot;" file="/Users/ryu/trends-laravel/tests/Unit/Constants/PlatformTest.php" line="156" class="Tests\Unit\Constants\PlatformTest" classname="Tests.Unit.Constants.PlatformTest" assertions="1" time="0.000104"/>
          <testcase name="get_rate_limitが無効なプラットフォーム名でnullを返す with data set &quot;スペース含み&quot;" file="/Users/ryu/trends-laravel/tests/Unit/Constants/PlatformTest.php" line="156" class="Tests\Unit\Constants\PlatformTest" classname="Tests.Unit.Constants.PlatformTest" assertions="1" time="0.000102"/>
          <testcase name="get_rate_limitが無効なプラットフォーム名でnullを返す with data set &quot;null文字列&quot;" file="/Users/ryu/trends-laravel/tests/Unit/Constants/PlatformTest.php" line="156" class="Tests\Unit\Constants\PlatformTest" classname="Tests.Unit.Constants.PlatformTest" assertions="1" time="0.000102"/>
          <testcase name="get_rate_limitが無効なプラットフォーム名でnullを返す with data set &quot;GitHub&quot;" file="/Users/ryu/trends-laravel/tests/Unit/Constants/PlatformTest.php" line="156" class="Tests\Unit\Constants\PlatformTest" classname="Tests.Unit.Constants.PlatformTest" assertions="1" time="0.000104"/>
          <testcase name="get_rate_limitが無効なプラットフォーム名でnullを返す with data set &quot;はてな&quot;" file="/Users/ryu/trends-laravel/tests/Unit/Constants/PlatformTest.php" line="156" class="Tests\Unit\Constants\PlatformTest" classname="Tests.Unit.Constants.PlatformTest" assertions="1" time="0.000104"/>
        </testsuite>
        <testcase name="all配列とurls配列のキーが一致する" file="/Users/ryu/trends-laravel/tests/Unit/Constants/PlatformTest.php" line="162" class="Tests\Unit\Constants\PlatformTest" classname="Tests.Unit.Constants.PlatformTest" assertions="1" time="0.000105"/>
        <testcase name="all配列とrate_limits配列のキーが一致する" file="/Users/ryu/trends-laravel/tests/Unit/Constants/PlatformTest.php" line="174" class="Tests\Unit\Constants\PlatformTest" classname="Tests.Unit.Constants.PlatformTest" assertions="1" time="0.000096"/>
        <testcase name="urls配列とrate_limits配列のキーが一致する" file="/Users/ryu/trends-laravel/tests/Unit/Constants/PlatformTest.php" line="186" class="Tests\Unit\Constants\PlatformTest" classname="Tests.Unit.Constants.PlatformTest" assertions="1" time="0.000092"/>
        <testcase name="プラットフォーム定数値に重複がない" file="/Users/ryu/trends-laravel/tests/Unit/Constants/PlatformTest.php" line="198" class="Tests\Unit\Constants\PlatformTest" classname="Tests.Unit.Constants.PlatformTest" assertions="1" time="0.000109"/>
        <testcase name="urlが有効な形式である" file="/Users/ryu/trends-laravel/tests/Unit/Constants/PlatformTest.php" line="210" class="Tests\Unit\Constants\PlatformTest" classname="Tests.Unit.Constants.PlatformTest" assertions="6" time="0.000163"/>
        <testcase name="レート制限が正の整数である" file="/Users/ryu/trends-laravel/tests/Unit/Constants/PlatformTest.php" line="219" class="Tests\Unit\Constants\PlatformTest" classname="Tests.Unit.Constants.PlatformTest" assertions="6" time="0.000109"/>
        <testcase name="レート制限が現実的な範囲内である" file="/Users/ryu/trends-laravel/tests/Unit/Constants/PlatformTest.php" line="228" class="Tests\Unit\Constants\PlatformTest" classname="Tests.Unit.Constants.PlatformTest" assertions="12" time="0.000166"/>
        <testcase name="静的メソッドが正しく動作する" file="/Users/ryu/trends-laravel/tests/Unit/Constants/PlatformTest.php" line="237" class="Tests\Unit\Constants\PlatformTest" classname="Tests.Unit.Constants.PlatformTest" assertions="4" time="0.000118"/>
        <testcase name="エッジケース_空文字列での各メソッド動作" file="/Users/ryu/trends-laravel/tests/Unit/Constants/PlatformTest.php" line="253" class="Tests\Unit\Constants\PlatformTest" classname="Tests.Unit.Constants.PlatformTest" assertions="3" time="0.000098"/>
        <testcase name="エッジケース_null文字列での各メソッド動作" file="/Users/ryu/trends-laravel/tests/Unit/Constants/PlatformTest.php" line="263" class="Tests\Unit\Constants\PlatformTest" classname="Tests.Unit.Constants.PlatformTest" assertions="3" time="0.000100"/>
        <testcase name="エッジケース_大文字小文字の違いは区別される" file="/Users/ryu/trends-laravel/tests/Unit/Constants/PlatformTest.php" line="273" class="Tests\Unit\Constants\PlatformTest" classname="Tests.Unit.Constants.PlatformTest" assertions="4" time="0.000100"/>
        <testcase name="定数の不変性確認" file="/Users/ryu/trends-laravel/tests/Unit/Constants/PlatformTest.php" line="282" class="Tests\Unit\Constants\PlatformTest" classname="Tests.Unit.Constants.PlatformTest" assertions="3" time="0.000099"/>
        <testcase name="パフォーマンステスト_大量呼び出し" file="/Users/ryu/trends-laravel/tests/Unit/Constants/PlatformTest.php" line="295" class="Tests\Unit\Constants\PlatformTest" classname="Tests.Unit.Constants.PlatformTest" assertions="1" time="0.000465"/>
      </testsuite>
      <testsuite name="Tests\Unit\Constants\RankingConstantsTest" file="/Users/ryu/trends-laravel/tests/Unit/Constants/RankingConstantsTest.php" tests="11" assertions="28" errors="0" failures="0" skipped="0" time="0.001337">
        <testcase name="test_全期間開始年定数が正しい値を持つ" file="/Users/ryu/trends-laravel/tests/Unit/Constants/RankingConstantsTest.php" line="14" class="Tests\Unit\Constants\RankingConstantsTest" classname="Tests.Unit.Constants.RankingConstantsTest" assertions="1" time="0.000115"/>
        <testcase name="test_計算乗数定数が正しい値を持つ" file="/Users/ryu/trends-laravel/tests/Unit/Constants/RankingConstantsTest.php" line="20" class="Tests\Unit\Constants\RankingConstantsTest" classname="Tests.Unit.Constants.RankingConstantsTest" assertions="1" time="0.000110"/>
        <testsuite name="Tests\Unit\Constants\RankingConstantsTest::test_定数の型が正しい" tests="2" assertions="4" errors="0" failures="0" skipped="0" time="0.000226">
          <testcase name="test_定数の型が正しい with data set &quot;ALL_TIME_START_YEAR&quot;" file="/Users/ryu/trends-laravel/tests/Unit/Constants/RankingConstantsTest.php" line="27" class="Tests\Unit\Constants\RankingConstantsTest" classname="Tests.Unit.Constants.RankingConstantsTest" assertions="2" time="0.000112"/>
          <testcase name="test_定数の型が正しい with data set &quot;CALCULATION_MULTIPLIER&quot;" file="/Users/ryu/trends-laravel/tests/Unit/Constants/RankingConstantsTest.php" line="27" class="Tests\Unit\Constants\RankingConstantsTest" classname="Tests.Unit.Constants.RankingConstantsTest" assertions="2" time="0.000114"/>
        </testsuite>
        <testcase name="test_全期間開始年の値が現実的である" file="/Users/ryu/trends-laravel/tests/Unit/Constants/RankingConstantsTest.php" line="44" class="Tests\Unit\Constants\RankingConstantsTest" classname="Tests.Unit.Constants.RankingConstantsTest" assertions="4" time="0.000193"/>
        <testcase name="test_計算乗数の値が妥当である" file="/Users/ryu/trends-laravel/tests/Unit/Constants/RankingConstantsTest.php" line="51" class="Tests\Unit\Constants\RankingConstantsTest" classname="Tests.Unit.Constants.RankingConstantsTest" assertions="3" time="0.000119"/>
        <testcase name="test_全定数がアクセス可能である" file="/Users/ryu/trends-laravel/tests/Unit/Constants/RankingConstantsTest.php" line="58" class="Tests\Unit\Constants\RankingConstantsTest" classname="Tests.Unit.Constants.RankingConstantsTest" assertions="3" time="0.000110"/>
        <testcase name="test_定数の不変性確認" file="/Users/ryu/trends-laravel/tests/Unit/Constants/RankingConstantsTest.php" line="76" class="Tests\Unit\Constants\RankingConstantsTest" classname="Tests.Unit.Constants.RankingConstantsTest" assertions="2" time="0.000099"/>
        <testcase name="test_ビジネスロジック要件との整合性" file="/Users/ryu/trends-laravel/tests/Unit/Constants/RankingConstantsTest.php" line="87" class="Tests\Unit\Constants\RankingConstantsTest" classname="Tests.Unit.Constants.RankingConstantsTest" assertions="4" time="0.000122"/>
        <testcase name="test_ランキング計算での数値オーバーフロー回避" file="/Users/ryu/trends-laravel/tests/Unit/Constants/RankingConstantsTest.php" line="101" class="Tests\Unit\Constants\RankingConstantsTest" classname="Tests.Unit.Constants.RankingConstantsTest" assertions="2" time="0.000115"/>
        <testcase name="test_開始年の過去データ収集妥当性" file="/Users/ryu/trends-laravel/tests/Unit/Constants/RankingConstantsTest.php" line="112" class="Tests\Unit\Constants\RankingConstantsTest" classname="Tests.Unit.Constants.RankingConstantsTest" assertions="4" time="0.000129"/>
      </testsuite>
      <testsuite name="Tests\Unit\Constants\RankingPeriodTest" file="/Users/ryu/trends-laravel/tests/Unit/Constants/RankingPeriodTest.php" tests="28" assertions="113" errors="0" failures="0" skipped="0" time="0.168845">
        <testcase name="test_期間タイプ定数が存在する" file="/Users/ryu/trends-laravel/tests/Unit/Constants/RankingPeriodTest.php" line="10" class="Tests\Unit\Constants\RankingPeriodTest" classname="Tests.Unit.Constants.RankingPeriodTest" assertions="2" time="0.006253"/>
        <testcase name="test_期間タイプ定数が期待される期間を含む" file="/Users/ryu/trends-laravel/tests/Unit/Constants/RankingPeriodTest.php" line="16" class="Tests\Unit\Constants\RankingPeriodTest" classname="Tests.Unit.Constants.RankingPeriodTest" assertions="7" time="0.006024"/>
        <testcase name="test_期間タイプ定数が正しい値を持つ" file="/Users/ryu/trends-laravel/tests/Unit/Constants/RankingPeriodTest.php" line="25" class="Tests\Unit\Constants\RankingPeriodTest" classname="Tests.Unit.Constants.RankingPeriodTest" assertions="1" time="0.006419"/>
        <testcase name="test_有効な期間を取得する" file="/Users/ryu/trends-laravel/tests/Unit/Constants/RankingPeriodTest.php" line="40" class="Tests\Unit\Constants\RankingPeriodTest" classname="Tests.Unit.Constants.RankingPeriodTest" assertions="3" time="0.006016"/>
        <testcase name="test_有効な期間で日数を取得する" file="/Users/ryu/trends-laravel/tests/Unit/Constants/RankingPeriodTest.php" line="51" class="Tests\Unit\Constants\RankingPeriodTest" classname="Tests.Unit.Constants.RankingPeriodTest" assertions="7" time="0.005875"/>
        <testcase name="test_無効な期間で日数取得時に例外が発生する" file="/Users/ryu/trends-laravel/tests/Unit/Constants/RankingPeriodTest.php" line="68" class="Tests\Unit\Constants\RankingPeriodTest" classname="Tests.Unit.Constants.RankingPeriodTest" assertions="3" time="0.005836"/>
        <testcase name="test_有効な期間でバリデーションが成功する" file="/Users/ryu/trends-laravel/tests/Unit/Constants/RankingPeriodTest.php" line="75" class="Tests\Unit\Constants\RankingPeriodTest" classname="Tests.Unit.Constants.RankingPeriodTest" assertions="7" time="0.005832"/>
        <testcase name="test_無効な期間でバリデーションが失敗する" file="/Users/ryu/trends-laravel/tests/Unit/Constants/RankingPeriodTest.php" line="84" class="Tests\Unit\Constants\RankingPeriodTest" classname="Tests.Unit.Constants.RankingPeriodTest" assertions="7" time="0.005795"/>
        <testcase name="test_無効なタイプでバリデーションが失敗する" file="/Users/ryu/trends-laravel/tests/Unit/Constants/RankingPeriodTest.php" line="93" class="Tests\Unit\Constants\RankingPeriodTest" classname="Tests.Unit.Constants.RankingPeriodTest" assertions="9" time="0.005835"/>
        <testcase name="test_バリデーションルールを取得する" file="/Users/ryu/trends-laravel/tests/Unit/Constants/RankingPeriodTest.php" line="109" class="Tests\Unit\Constants\RankingPeriodTest" classname="Tests.Unit.Constants.RankingPeriodTest" assertions="3" time="0.005899"/>
        <testcase name="test_エラーメッセージを取得する" file="/Users/ryu/trends-laravel/tests/Unit/Constants/RankingPeriodTest.php" line="120" class="Tests\Unit\Constants\RankingPeriodTest" classname="Tests.Unit.Constants.RankingPeriodTest" assertions="4" time="0.006465"/>
        <testcase name="test_全メソッドが一貫したデータを返す" file="/Users/ryu/trends-laravel/tests/Unit/Constants/RankingPeriodTest.php" line="132" class="Tests\Unit\Constants\RankingPeriodTest" classname="Tests.Unit.Constants.RankingPeriodTest" assertions="15" time="0.006233"/>
        <testcase name="test_バリデーションルールが全有効期間を含む" file="/Users/ryu/trends-laravel/tests/Unit/Constants/RankingPeriodTest.php" line="151" class="Tests\Unit\Constants\RankingPeriodTest" classname="Tests.Unit.Constants.RankingPeriodTest" assertions="1" time="0.006144"/>
        <testcase name="test_エラーメッセージが全有効期間を含む" file="/Users/ryu/trends-laravel/tests/Unit/Constants/RankingPeriodTest.php" line="164" class="Tests\Unit\Constants\RankingPeriodTest" classname="Tests.Unit.Constants.RankingPeriodTest" assertions="7" time="0.005757"/>
        <testcase name="test_期間タイプ定数が不変である" file="/Users/ryu/trends-laravel/tests/Unit/Constants/RankingPeriodTest.php" line="174" class="Tests\Unit\Constants\RankingPeriodTest" classname="Tests.Unit.Constants.RankingPeriodTest" assertions="2" time="0.005741"/>
        <testcase name="test_大文字小文字を区別しない" file="/Users/ryu/trends-laravel/tests/Unit/Constants/RankingPeriodTest.php" line="184" class="Tests\Unit\Constants\RankingPeriodTest" classname="Tests.Unit.Constants.RankingPeriodTest" assertions="6" time="0.005578"/>
        <testsuite name="Tests\Unit\Constants\RankingPeriodTest::test_期間データプロバイダーテスト" tests="10" assertions="20" errors="0" failures="0" skipped="0" time="0.058483">
          <testcase name="test_期間データプロバイダーテスト with data set &quot;one week&quot;" file="/Users/ryu/trends-laravel/tests/Unit/Constants/RankingPeriodTest.php" line="197" class="Tests\Unit\Constants\RankingPeriodTest" classname="Tests.Unit.Constants.RankingPeriodTest" assertions="2" time="0.006696"/>
          <testcase name="test_期間データプロバイダーテスト with data set &quot;one month&quot;" file="/Users/ryu/trends-laravel/tests/Unit/Constants/RankingPeriodTest.php" line="197" class="Tests\Unit\Constants\RankingPeriodTest" classname="Tests.Unit.Constants.RankingPeriodTest" assertions="2" time="0.005818"/>
          <testcase name="test_期間データプロバイダーテスト with data set &quot;three months&quot;" file="/Users/ryu/trends-laravel/tests/Unit/Constants/RankingPeriodTest.php" line="197" class="Tests\Unit\Constants\RankingPeriodTest" classname="Tests.Unit.Constants.RankingPeriodTest" assertions="2" time="0.005643"/>
          <testcase name="test_期間データプロバイダーテスト with data set &quot;six months&quot;" file="/Users/ryu/trends-laravel/tests/Unit/Constants/RankingPeriodTest.php" line="197" class="Tests\Unit\Constants\RankingPeriodTest" classname="Tests.Unit.Constants.RankingPeriodTest" assertions="2" time="0.005618"/>
          <testcase name="test_期間データプロバイダーテスト with data set &quot;one year&quot;" file="/Users/ryu/trends-laravel/tests/Unit/Constants/RankingPeriodTest.php" line="197" class="Tests\Unit\Constants\RankingPeriodTest" classname="Tests.Unit.Constants.RankingPeriodTest" assertions="2" time="0.005596"/>
          <testcase name="test_期間データプロバイダーテスト with data set &quot;three years&quot;" file="/Users/ryu/trends-laravel/tests/Unit/Constants/RankingPeriodTest.php" line="197" class="Tests\Unit\Constants\RankingPeriodTest" classname="Tests.Unit.Constants.RankingPeriodTest" assertions="2" time="0.005518"/>
          <testcase name="test_期間データプロバイダーテスト with data set &quot;all time&quot;" file="/Users/ryu/trends-laravel/tests/Unit/Constants/RankingPeriodTest.php" line="197" class="Tests\Unit\Constants\RankingPeriodTest" classname="Tests.Unit.Constants.RankingPeriodTest" assertions="2" time="0.005576"/>
          <testcase name="test_期間データプロバイダーテスト with data set &quot;invalid period&quot;" file="/Users/ryu/trends-laravel/tests/Unit/Constants/RankingPeriodTest.php" line="197" class="Tests\Unit\Constants\RankingPeriodTest" classname="Tests.Unit.Constants.RankingPeriodTest" assertions="2" time="0.005559"/>
          <testcase name="test_期間データプロバイダーテスト with data set &quot;empty string&quot;" file="/Users/ryu/trends-laravel/tests/Unit/Constants/RankingPeriodTest.php" line="197" class="Tests\Unit\Constants\RankingPeriodTest" classname="Tests.Unit.Constants.RankingPeriodTest" assertions="2" time="0.006165"/>
          <testcase name="test_期間データプロバイダーテスト with data set &quot;two weeks&quot;" file="/Users/ryu/trends-laravel/tests/Unit/Constants/RankingPeriodTest.php" line="197" class="Tests\Unit\Constants\RankingPeriodTest" classname="Tests.Unit.Constants.RankingPeriodTest" assertions="2" time="0.006292"/>
        </testsuite>
        <testcase name="test_特殊文字のエッジケース" file="/Users/ryu/trends-laravel/tests/Unit/Constants/RankingPeriodTest.php" line="219" class="Tests\Unit\Constants\RankingPeriodTest" classname="Tests.Unit.Constants.RankingPeriodTest" assertions="8" time="0.005996"/>
        <testcase name="test_大量データでのパフォーマンス" file="/Users/ryu/trends-laravel/tests/Unit/Constants/RankingPeriodTest.php" line="234" class="Tests\Unit\Constants\RankingPeriodTest" classname="Tests.Unit.Constants.RankingPeriodTest" assertions="1" time="0.008664"/>
      </testsuite>
      <testsuite name="Tests\Unit\Constants\ScorePeriodTest" file="/Users/ryu/trends-laravel/tests/Unit/Constants/ScorePeriodTest.php" tests="10" assertions="25" errors="0" failures="0" skipped="0" time="0.060267">
        <testcase name="test_定数値が正しく設定されている" file="/Users/ryu/trends-laravel/tests/Unit/Constants/ScorePeriodTest.php" line="10" class="Tests\Unit\Constants\ScorePeriodTest" classname="Tests.Unit.Constants.ScorePeriodTest" assertions="3" time="0.007461"/>
        <testcase name="test_all定数が全ての期間タイプを含んでいる" file="/Users/ryu/trends-laravel/tests/Unit/Constants/ScorePeriodTest.php" line="17" class="Tests\Unit\Constants\ScorePeriodTest" classname="Tests.Unit.Constants.ScorePeriodTest" assertions="1" time="0.006026"/>
        <testcase name="test_get_valid_periodsが正しく全期間タイプを返す" file="/Users/ryu/trends-laravel/tests/Unit/Constants/ScorePeriodTest.php" line="23" class="Tests\Unit\Constants\ScorePeriodTest" classname="Tests.Unit.Constants.ScorePeriodTest" assertions="2" time="0.005818"/>
        <testcase name="test_is_validが有効な期間タイプでtrueを返す" file="/Users/ryu/trends-laravel/tests/Unit/Constants/ScorePeriodTest.php" line="32" class="Tests\Unit\Constants\ScorePeriodTest" classname="Tests.Unit.Constants.ScorePeriodTest" assertions="3" time="0.005865"/>
        <testcase name="test_is_validが無効な期間タイプでfalseを返す" file="/Users/ryu/trends-laravel/tests/Unit/Constants/ScorePeriodTest.php" line="39" class="Tests\Unit\Constants\ScorePeriodTest" classname="Tests.Unit.Constants.ScorePeriodTest" assertions="4" time="0.005863"/>
        <testcase name="test_get_validation_ruleが正しいバリデーションルール文字列を返す" file="/Users/ryu/trends-laravel/tests/Unit/Constants/ScorePeriodTest.php" line="47" class="Tests\Unit\Constants\ScorePeriodTest" classname="Tests.Unit.Constants.ScorePeriodTest" assertions="1" time="0.005818"/>
        <testcase name="test_get_display_nameが正しい表示名を返す" file="/Users/ryu/trends-laravel/tests/Unit/Constants/ScorePeriodTest.php" line="55" class="Tests\Unit\Constants\ScorePeriodTest" classname="Tests.Unit.Constants.ScorePeriodTest" assertions="3" time="0.005923"/>
        <testcase name="test_get_display_nameが無効な期間タイプでそのまま返す" file="/Users/ryu/trends-laravel/tests/Unit/Constants/ScorePeriodTest.php" line="62" class="Tests\Unit\Constants\ScorePeriodTest" classname="Tests.Unit.Constants.ScorePeriodTest" assertions="3" time="0.005809"/>
        <testcase name="test_定数を使用したバリデーションルールテスト" file="/Users/ryu/trends-laravel/tests/Unit/Constants/ScorePeriodTest.php" line="69" class="Tests\Unit\Constants\ScorePeriodTest" classname="Tests.Unit.Constants.ScorePeriodTest" assertions="3" time="0.005860"/>
        <testcase name="test_期間タイプの数が期待通りである" file="/Users/ryu/trends-laravel/tests/Unit/Constants/ScorePeriodTest.php" line="76" class="Tests\Unit\Constants\ScorePeriodTest" classname="Tests.Unit.Constants.ScorePeriodTest" assertions="2" time="0.005824"/>
      </testsuite>
      <testsuite name="Tests\Unit\Constants\ScoringConstantsTest" file="/Users/ryu/trends-laravel/tests/Unit/Constants/ScoringConstantsTest.php" tests="33" assertions="161" errors="0" failures="0" skipped="0" time="0.005417">
        <testcase name="test_企業検索重み定数が正しい値を持つ" file="/Users/ryu/trends-laravel/tests/Unit/Constants/ScoringConstantsTest.php" line="14" class="Tests\Unit\Constants\ScoringConstantsTest" classname="Tests.Unit.Constants.ScoringConstantsTest" assertions="5" time="0.001414"/>
        <testcase name="test_記事検索重み定数が正しい値を持つ" file="/Users/ryu/trends-laravel/tests/Unit/Constants/ScoringConstantsTest.php" line="24" class="Tests\Unit\Constants\ScoringConstantsTest" classname="Tests.Unit.Constants.ScoringConstantsTest" assertions="8" time="0.000125"/>
        <testcase name="test_閾値定数が正しい値を持つ" file="/Users/ryu/trends-laravel/tests/Unit/Constants/ScoringConstantsTest.php" line="37" class="Tests\Unit\Constants\ScoringConstantsTest" classname="Tests.Unit.Constants.ScoringConstantsTest" assertions="6" time="0.000107"/>
        <testcase name="test_企業検索重みの優先順位が正しい" file="/Users/ryu/trends-laravel/tests/Unit/Constants/ScoringConstantsTest.php" line="48" class="Tests\Unit\Constants\ScoringConstantsTest" classname="Tests.Unit.Constants.ScoringConstantsTest" assertions="4" time="0.000110"/>
        <testcase name="test_記事検索重みの優先順位が正しい" file="/Users/ryu/trends-laravel/tests/Unit/Constants/ScoringConstantsTest.php" line="76" class="Tests\Unit\Constants\ScoringConstantsTest" classname="Tests.Unit.Constants.ScoringConstantsTest" assertions="4" time="0.000108"/>
        <testcase name="test_ブックマーク閾値の段階的設定が正しい" file="/Users/ryu/trends-laravel/tests/Unit/Constants/ScoringConstantsTest.php" line="104" class="Tests\Unit\Constants\ScoringConstantsTest" classname="Tests.Unit.Constants.ScoringConstantsTest" assertions="3" time="0.000112"/>
        <testcase name="test_日数閾値の論理的順序が正しい" file="/Users/ryu/trends-laravel/tests/Unit/Constants/ScoringConstantsTest.php" line="122" class="Tests\Unit\Constants\ScoringConstantsTest" classname="Tests.Unit.Constants.ScoringConstantsTest" assertions="3" time="0.000112"/>
        <testcase name="test_記事時期ボーナス重みの論理的関係が正しい" file="/Users/ryu/trends-laravel/tests/Unit/Constants/ScoringConstantsTest.php" line="140" class="Tests\Unit\Constants\ScoringConstantsTest" classname="Tests.Unit.Constants.ScoringConstantsTest" assertions="4" time="0.000113"/>
        <testsuite name="Tests\Unit\Constants\ScoringConstantsTest::test_企業検索重み定数の型が正しい" tests="5" assertions="10" errors="0" failures="0" skipped="0" time="0.000636">
          <testcase name="test_企業検索重み定数の型が正しい with data set &quot;COMPANY_EXACT_MATCH_WEIGHT&quot;" file="/Users/ryu/trends-laravel/tests/Unit/Constants/ScoringConstantsTest.php" line="155" class="Tests\Unit\Constants\ScoringConstantsTest" classname="Tests.Unit.Constants.ScoringConstantsTest" assertions="2" time="0.000141"/>
          <testcase name="test_企業検索重み定数の型が正しい with data set &quot;COMPANY_PARTIAL_MATCH_WEIGHT&quot;" file="/Users/ryu/trends-laravel/tests/Unit/Constants/ScoringConstantsTest.php" line="155" class="Tests\Unit\Constants\ScoringConstantsTest" classname="Tests.Unit.Constants.ScoringConstantsTest" assertions="2" time="0.000129"/>
          <testcase name="test_企業検索重み定数の型が正しい with data set &quot;COMPANY_DOMAIN_MATCH_WEIGHT&quot;" file="/Users/ryu/trends-laravel/tests/Unit/Constants/ScoringConstantsTest.php" line="155" class="Tests\Unit\Constants\ScoringConstantsTest" classname="Tests.Unit.Constants.ScoringConstantsTest" assertions="2" time="0.000122"/>
          <testcase name="test_企業検索重み定数の型が正しい with data set &quot;COMPANY_DESCRIPTION_MATCH_WEIGHT&quot;" file="/Users/ryu/trends-laravel/tests/Unit/Constants/ScoringConstantsTest.php" line="155" class="Tests\Unit\Constants\ScoringConstantsTest" classname="Tests.Unit.Constants.ScoringConstantsTest" assertions="2" time="0.000123"/>
          <testcase name="test_企業検索重み定数の型が正しい with data set &quot;COMPANY_RANKING_BONUS_WEIGHT&quot;" file="/Users/ryu/trends-laravel/tests/Unit/Constants/ScoringConstantsTest.php" line="155" class="Tests\Unit\Constants\ScoringConstantsTest" classname="Tests.Unit.Constants.ScoringConstantsTest" assertions="2" time="0.000121"/>
        </testsuite>
        <testsuite name="Tests\Unit\Constants\ScoringConstantsTest::test_記事検索重み定数の型が正しい" tests="8" assertions="16" errors="0" failures="0" skipped="0" time="0.000966">
          <testcase name="test_記事検索重み定数の型が正しい with data set &quot;ARTICLE_TITLE_MATCH_WEIGHT&quot;" file="/Users/ryu/trends-laravel/tests/Unit/Constants/ScoringConstantsTest.php" line="176" class="Tests\Unit\Constants\ScoringConstantsTest" classname="Tests.Unit.Constants.ScoringConstantsTest" assertions="2" time="0.000121"/>
          <testcase name="test_記事検索重み定数の型が正しい with data set &quot;ARTICLE_AUTHOR_MATCH_WEIGHT&quot;" file="/Users/ryu/trends-laravel/tests/Unit/Constants/ScoringConstantsTest.php" line="176" class="Tests\Unit\Constants\ScoringConstantsTest" classname="Tests.Unit.Constants.ScoringConstantsTest" assertions="2" time="0.000120"/>
          <testcase name="test_記事検索重み定数の型が正しい with data set &quot;ARTICLE_HIGH_BOOKMARK_WEIGHT&quot;" file="/Users/ryu/trends-laravel/tests/Unit/Constants/ScoringConstantsTest.php" line="176" class="Tests\Unit\Constants\ScoringConstantsTest" classname="Tests.Unit.Constants.ScoringConstantsTest" assertions="2" time="0.000118"/>
          <testcase name="test_記事検索重み定数の型が正しい with data set &quot;ARTICLE_MEDIUM_BOOKMARK_WEIGHT&quot;" file="/Users/ryu/trends-laravel/tests/Unit/Constants/ScoringConstantsTest.php" line="176" class="Tests\Unit\Constants\ScoringConstantsTest" classname="Tests.Unit.Constants.ScoringConstantsTest" assertions="2" time="0.000120"/>
          <testcase name="test_記事検索重み定数の型が正しい with data set &quot;ARTICLE_LOW_BOOKMARK_WEIGHT&quot;" file="/Users/ryu/trends-laravel/tests/Unit/Constants/ScoringConstantsTest.php" line="176" class="Tests\Unit\Constants\ScoringConstantsTest" classname="Tests.Unit.Constants.ScoringConstantsTest" assertions="2" time="0.000122"/>
          <testcase name="test_記事検索重み定数の型が正しい with data set &quot;ARTICLE_RECENT_BONUS_WEIGHT&quot;" file="/Users/ryu/trends-laravel/tests/Unit/Constants/ScoringConstantsTest.php" line="176" class="Tests\Unit\Constants\ScoringConstantsTest" classname="Tests.Unit.Constants.ScoringConstantsTest" assertions="2" time="0.000124"/>
          <testcase name="test_記事検索重み定数の型が正しい with data set &quot;ARTICLE_SOMEWHAT_RECENT_BONUS_WEIGHT&quot;" file="/Users/ryu/trends-laravel/tests/Unit/Constants/ScoringConstantsTest.php" line="176" class="Tests\Unit\Constants\ScoringConstantsTest" classname="Tests.Unit.Constants.ScoringConstantsTest" assertions="2" time="0.000120"/>
          <testcase name="test_記事検索重み定数の型が正しい with data set &quot;ARTICLE_OLD_PENALTY_WEIGHT&quot;" file="/Users/ryu/trends-laravel/tests/Unit/Constants/ScoringConstantsTest.php" line="176" class="Tests\Unit\Constants\ScoringConstantsTest" classname="Tests.Unit.Constants.ScoringConstantsTest" assertions="2" time="0.000122"/>
        </testsuite>
        <testsuite name="Tests\Unit\Constants\ScoringConstantsTest::test_閾値定数の型が正しい" tests="6" assertions="12" errors="0" failures="0" skipped="0" time="0.000697">
          <testcase name="test_閾値定数の型が正しい with data set &quot;HIGH_BOOKMARKS_THRESHOLD&quot;" file="/Users/ryu/trends-laravel/tests/Unit/Constants/ScoringConstantsTest.php" line="200" class="Tests\Unit\Constants\ScoringConstantsTest" classname="Tests.Unit.Constants.ScoringConstantsTest" assertions="2" time="0.000119"/>
          <testcase name="test_閾値定数の型が正しい with data set &quot;MEDIUM_BOOKMARKS_THRESHOLD&quot;" file="/Users/ryu/trends-laravel/tests/Unit/Constants/ScoringConstantsTest.php" line="200" class="Tests\Unit\Constants\ScoringConstantsTest" classname="Tests.Unit.Constants.ScoringConstantsTest" assertions="2" time="0.000116"/>
          <testcase name="test_閾値定数の型が正しい with data set &quot;LOW_BOOKMARKS_THRESHOLD&quot;" file="/Users/ryu/trends-laravel/tests/Unit/Constants/ScoringConstantsTest.php" line="200" class="Tests\Unit\Constants\ScoringConstantsTest" classname="Tests.Unit.Constants.ScoringConstantsTest" assertions="2" time="0.000115"/>
          <testcase name="test_閾値定数の型が正しい with data set &quot;RECENT_DAYS_THRESHOLD&quot;" file="/Users/ryu/trends-laravel/tests/Unit/Constants/ScoringConstantsTest.php" line="200" class="Tests\Unit\Constants\ScoringConstantsTest" classname="Tests.Unit.Constants.ScoringConstantsTest" assertions="2" time="0.000117"/>
          <testcase name="test_閾値定数の型が正しい with data set &quot;SOMEWHAT_RECENT_DAYS_THRESHOLD&quot;" file="/Users/ryu/trends-laravel/tests/Unit/Constants/ScoringConstantsTest.php" line="200" class="Tests\Unit\Constants\ScoringConstantsTest" classname="Tests.Unit.Constants.ScoringConstantsTest" assertions="2" time="0.000115"/>
          <testcase name="test_閾値定数の型が正しい with data set &quot;OLD_DAYS_THRESHOLD&quot;" file="/Users/ryu/trends-laravel/tests/Unit/Constants/ScoringConstantsTest.php" line="200" class="Tests\Unit\Constants\ScoringConstantsTest" classname="Tests.Unit.Constants.ScoringConstantsTest" assertions="2" time="0.000116"/>
        </testsuite>
        <testcase name="test_重み定数値の範囲が適切である" file="/Users/ryu/trends-laravel/tests/Unit/Constants/ScoringConstantsTest.php" line="221" class="Tests\Unit\Constants\ScoringConstantsTest" classname="Tests.Unit.Constants.ScoringConstantsTest" assertions="51" time="0.000335"/>
        <testcase name="test_閾値定数値の範囲が現実的である" file="/Users/ryu/trends-laravel/tests/Unit/Constants/ScoringConstantsTest.php" line="249" class="Tests\Unit\Constants\ScoringConstantsTest" classname="Tests.Unit.Constants.ScoringConstantsTest" assertions="6" time="0.000134"/>
        <testcase name="test_全定数がアクセス可能である" file="/Users/ryu/trends-laravel/tests/Unit/Constants/ScoringConstantsTest.php" line="261" class="Tests\Unit\Constants\ScoringConstantsTest" classname="Tests.Unit.Constants.ScoringConstantsTest" assertions="20" time="0.000124"/>
[...]
        <testcase name="test_リミット付きでランキング上昇企業を取得する" file="/Users/ryu/trends-laravel/tests/Feature/CompanyRankingApiTest.php" line="238" class="Tests\Feature\CompanyRankingApiTest" classname="Tests.Feature.CompanyRankingApiTest" assertions="2" time="0.014872"/>
        <testcase name="test_ランキング下降企業を取得する" file="/Users/ryu/trends-laravel/tests/Feature/CompanyRankingApiTest.php" line="246" class="Tests\Feature\CompanyRankingApiTest" classname="Tests.Feature.CompanyRankingApiTest" assertions="6" time="0.014756"/>
        <testcase name="test_ランキング変動統計を取得する" file="/Users/ryu/trends-laravel/tests/Feature/CompanyRankingApiTest.php" line="261" class="Tests\Feature\CompanyRankingApiTest" classname="Tests.Feature.CompanyRankingApiTest" assertions="2" time="0.014736"/>
        <testcase name="test_apiレート制限が動作する" file="/Users/ryu/trends-laravel/tests/Feature/CompanyRankingApiTest.php" line="271" class="Tests\Feature\CompanyRankingApiTest" classname="Tests.Feature.CompanyRankingApiTest" assertions="61" time="0.051325"/>
        <testcase name="test_apiキャッシュが動作する" file="/Users/ryu/trends-laravel/tests/Feature/CompanyRankingApiTest.php" line="285" class="Tests\Feature\CompanyRankingApiTest" classname="Tests.Feature.CompanyRankingApiTest" assertions="3" time="0.016527"/>
        <testcase name="test_apiページングメタデータが正常に返される" file="/Users/ryu/trends-laravel/tests/Feature/CompanyRankingApiTest.php" line="296" class="Tests\Feature\CompanyRankingApiTest" classname="Tests.Feature.CompanyRankingApiTest" assertions="4" time="0.014739"/>
        <testcase name="test_apiレスポンス構造が正常である" file="/Users/ryu/trends-laravel/tests/Feature/CompanyRankingApiTest.php" line="306" class="Tests\Feature\CompanyRankingApiTest" classname="Tests.Feature.CompanyRankingApiTest" assertions="72" time="0.014481"/>
        <testcase name="test_週次ランキング_apiが正常に動作する" file="/Users/ryu/trends-laravel/tests/Feature/CompanyRankingApiTest.php" line="326" class="Tests\Feature\CompanyRankingApiTest" classname="Tests.Feature.CompanyRankingApiTest" assertions="8" time="0.014336"/>
        <testcase name="test_企業詳細_apiとの統合が正常に動作する" file="/Users/ryu/trends-laravel/tests/Feature/CompanyRankingApiTest.php" line="372" class="Tests\Feature\CompanyRankingApiTest" classname="Tests.Feature.CompanyRankingApiTest" assertions="14" time="0.017157"/>
      </testsuite>
      <testsuite name="Tests\Feature\CompanyRankingHistoryServiceTest" file="/Users/ryu/trends-laravel/tests/Feature/CompanyRankingHistoryServiceTest.php" tests="11" assertions="51" errors="0" failures="0" skipped="0" time="0.084542">
        <testcase name="test_前回ランキングがない場合の履歴記録" file="/Users/ryu/trends-laravel/tests/Feature/CompanyRankingHistoryServiceTest.php" line="25" class="Tests\Feature\CompanyRankingHistoryServiceTest" classname="Tests.Feature.CompanyRankingHistoryServiceTest" assertions="1" time="0.007633"/>
        <testcase name="test_ランキング上昇時の履歴記録" file="/Users/ryu/trends-laravel/tests/Feature/CompanyRankingHistoryServiceTest.php" line="48" class="Tests\Feature\CompanyRankingHistoryServiceTest" classname="Tests.Feature.CompanyRankingHistoryServiceTest" assertions="6" time="0.008201"/>
        <testcase name="test_ランキング下降時の履歴記録" file="/Users/ryu/trends-laravel/tests/Feature/CompanyRankingHistoryServiceTest.php" line="90" class="Tests\Feature\CompanyRankingHistoryServiceTest" classname="Tests.Feature.CompanyRankingHistoryServiceTest" assertions="6" time="0.008136"/>
        <testcase name="test_ランキング変動なし時の履歴記録" file="/Users/ryu/trends-laravel/tests/Feature/CompanyRankingHistoryServiceTest.php" line="132" class="Tests\Feature\CompanyRankingHistoryServiceTest" classname="Tests.Feature.CompanyRankingHistoryServiceTest" assertions="6" time="0.008273"/>
        <testcase name="test_複数企業のランキング履歴記録" file="/Users/ryu/trends-laravel/tests/Feature/CompanyRankingHistoryServiceTest.php" line="174" class="Tests\Feature\CompanyRankingHistoryServiceTest" classname="Tests.Feature.CompanyRankingHistoryServiceTest" assertions="7" time="0.009312"/>
        <testcase name="test_企業ランキング履歴を取得する" file="/Users/ryu/trends-laravel/tests/Feature/CompanyRankingHistoryServiceTest.php" line="248" class="Tests\Feature\CompanyRankingHistoryServiceTest" classname="Tests.Feature.CompanyRankingHistoryServiceTest" assertions="3" time="0.007018"/>
        <testcase name="test_トップランキング上昇企業を取得する" file="/Users/ryu/trends-laravel/tests/Feature/CompanyRankingHistoryServiceTest.php" line="283" class="Tests\Feature\CompanyRankingHistoryServiceTest" classname="Tests.Feature.CompanyRankingHistoryServiceTest" assertions="5" time="0.007304"/>
        <testcase name="test_トップランキング下降企業を取得する" file="/Users/ryu/trends-laravel/tests/Feature/CompanyRankingHistoryServiceTest.php" line="322" class="Tests\Feature\CompanyRankingHistoryServiceTest" classname="Tests.Feature.CompanyRankingHistoryServiceTest" assertions="5" time="0.007247"/>
        <testcase name="test_ランキング変動統計を取得する" file="/Users/ryu/trends-laravel/tests/Feature/CompanyRankingHistoryServiceTest.php" line="361" class="Tests\Feature\CompanyRankingHistoryServiceTest" classname="Tests.Feature.CompanyRankingHistoryServiceTest" assertions="6" time="0.007492"/>
        <testcase name="test_古い履歴データをクリーンアップする" file="/Users/ryu/trends-laravel/tests/Feature/CompanyRankingHistoryServiceTest.php" line="412" class="Tests\Feature\CompanyRankingHistoryServiceTest" classname="Tests.Feature.CompanyRankingHistoryServiceTest" assertions="2" time="0.007148"/>
        <testcase name="test_履歴ストレージ統計を取得する" file="/Users/ryu/trends-laravel/tests/Feature/CompanyRankingHistoryServiceTest.php" line="448" class="Tests\Feature\CompanyRankingHistoryServiceTest" classname="Tests.Feature.CompanyRankingHistoryServiceTest" assertions="4" time="0.006778"/>
      </testsuite>
      <testsuite name="Tests\Feature\Console\Commands\ScrapeCommandsTest" file="/Users/ryu/trends-laravel/tests/Feature/Console/Commands/ScrapeCommandsTest.php" tests="7" assertions="9" errors="0" failures="0" skipped="0" time="0.064289">
        <testcase name="test_scrape_all_command_with_dry_run" file="/Users/ryu/trends-laravel/tests/Feature/Console/Commands/ScrapeCommandsTest.php" line="57" class="Tests\Feature\Console\Commands\ScrapeCommandsTest" classname="Tests.Feature.Console.Commands.ScrapeCommandsTest" assertions="1" time="0.018533"/>
        <testcase name="test_scrape_platform_command_with_valid_platform" file="/Users/ryu/trends-laravel/tests/Feature/Console/Commands/ScrapeCommandsTest.php" line="71" class="Tests\Feature\Console\Commands\ScrapeCommandsTest" classname="Tests.Feature.Console.Commands.ScrapeCommandsTest" assertions="1" time="0.007285"/>
        <testcase name="test_scrape_platform_command_with_invalid_platform" file="/Users/ryu/trends-laravel/tests/Feature/Console/Commands/ScrapeCommandsTest.php" line="80" class="Tests\Feature\Console\Commands\ScrapeCommandsTest" classname="Tests.Feature.Console.Commands.ScrapeCommandsTest" assertions="1" time="0.007057"/>
        <testcase name="test_scrape_schedule_command_with_platform" file="/Users/ryu/trends-laravel/tests/Feature/Console/Commands/ScrapeCommandsTest.php" line="89" class="Tests\Feature\Console\Commands\ScrapeCommandsTest" classname="Tests.Feature.Console.Commands.ScrapeCommandsTest" assertions="1" time="0.008189"/>
        <testcase name="test_scrape_schedule_command_with_invalid_platform" file="/Users/ryu/trends-laravel/tests/Feature/Console/Commands/ScrapeCommandsTest.php" line="98" class="Tests\Feature\Console\Commands\ScrapeCommandsTest" classname="Tests.Feature.Console.Commands.ScrapeCommandsTest" assertions="1" time="0.007747"/>
        <testcase name="test_scrape_schedule_command_silent_mode" file="/Users/ryu/trends-laravel/tests/Feature/Console/Commands/ScrapeCommandsTest.php" line="107" class="Tests\Feature\Console\Commands\ScrapeCommandsTest" classname="Tests.Feature.Console.Commands.ScrapeCommandsTest" assertions="1" time="0.007631"/>
        <testcase name="test_all_platforms_are_available" file="/Users/ryu/trends-laravel/tests/Feature/Console/Commands/ScrapeCommandsTest.php" line="116" class="Tests\Feature\Console\Commands\ScrapeCommandsTest" classname="Tests.Feature.Console.Commands.ScrapeCommandsTest" assertions="3" time="0.007846"/>
      </testsuite>
      <testsuite name="Tests\Feature\Controllers\CompanyControllerFeatureTest" file="/Users/ryu/trends-laravel/tests/Feature/Controllers/CompanyControllerFeatureTest.php" tests="18" assertions="129" errors="0" failures="0" skipped="0" time="0.174161">
        <testcase name="test_存在しない企業idでshow呼び出し時にバリデーションエラーが返される" file="/Users/ryu/trends-laravel/tests/Feature/Controllers/CompanyControllerFeatureTest.php" line="16" class="Tests\Feature\Controllers\CompanyControllerFeatureTest" classname="Tests.Feature.Controllers.CompanyControllerFeatureTest" assertions="2" time="0.008318"/>
        <testcase name="test_存在しない企業idでarticles呼び出し時にバリデーションエラーが返される" file="/Users/ryu/trends-laravel/tests/Feature/Controllers/CompanyControllerFeatureTest.php" line="29" class="Tests\Feature\Controllers\CompanyControllerFeatureTest" classname="Tests.Feature.Controllers.CompanyControllerFeatureTest" assertions="2" time="0.008073"/>
        <testcase name="test_存在しない企業idでscores呼び出し時にバリデーションエラーが返される" file="/Users/ryu/trends-laravel/tests/Feature/Controllers/CompanyControllerFeatureTest.php" line="42" class="Tests\Feature\Controllers\CompanyControllerFeatureTest" classname="Tests.Feature.Controllers.CompanyControllerFeatureTest" assertions="2" time="0.008117"/>
        <testcase name="test_存在しない企業idでrankings呼び出し時にバリデーションエラーが返される" file="/Users/ryu/trends-laravel/tests/Feature/Controllers/CompanyControllerFeatureTest.php" line="55" class="Tests\Feature\Controllers\CompanyControllerFeatureTest" classname="Tests.Feature.Controllers.CompanyControllerFeatureTest" assertions="2" time="0.008160"/>
        <testcase name="test_存在する企業idでshow呼び出し時に正常にデータが返される" file="/Users/ryu/trends-laravel/tests/Feature/Controllers/CompanyControllerFeatureTest.php" line="68" class="Tests\Feature\Controllers\CompanyControllerFeatureTest" classname="Tests.Feature.Controllers.CompanyControllerFeatureTest" assertions="15" time="0.011855"/>
        <testcase name="test_存在する企業idでarticles呼び出し時に正常にデータが返される" file="/Users/ryu/trends-laravel/tests/Feature/Controllers/CompanyControllerFeatureTest.php" line="97" class="Tests\Feature\Controllers\CompanyControllerFeatureTest" classname="Tests.Feature.Controllers.CompanyControllerFeatureTest" assertions="9" time="0.009145"/>
        <testcase name="test_存在する企業idでscores呼び出し時に正常にデータが返される" file="/Users/ryu/trends-laravel/tests/Feature/Controllers/CompanyControllerFeatureTest.php" line="120" class="Tests\Feature\Controllers\CompanyControllerFeatureTest" classname="Tests.Feature.Controllers.CompanyControllerFeatureTest" assertions="8" time="0.008951"/>
        <testcase name="test_存在する企業idでrankings呼び出し時に正常にデータが返される" file="/Users/ryu/trends-laravel/tests/Feature/Controllers/CompanyControllerFeatureTest.php" line="143" class="Tests\Feature\Controllers\CompanyControllerFeatureTest" classname="Tests.Feature.Controllers.CompanyControllerFeatureTest" assertions="4" time="0.010226"/>
        <testcase name="test_index呼び出し時に正常にデータが返される" file="/Users/ryu/trends-laravel/tests/Feature/Controllers/CompanyControllerFeatureTest.php" line="161" class="Tests\Feature\Controllers\CompanyControllerFeatureTest" classname="Tests.Feature.Controllers.CompanyControllerFeatureTest" assertions="31" time="0.009768"/>
        <testcase name="test_データベース削除後のキャッシュクロージャー内での404エラー" file="/Users/ryu/trends-laravel/tests/Feature/Controllers/CompanyControllerFeatureTest.php" line="190" class="Tests\Feature\Controllers\CompanyControllerFeatureTest" classname="Tests.Feature.Controllers.CompanyControllerFeatureTest" assertions="3" time="0.007489"/>
        <testcase name="test_企業作成が正常に動作する" file="/Users/ryu/trends-laravel/tests/Feature/Controllers/CompanyControllerFeatureTest.php" line="238" class="Tests\Feature\Controllers\CompanyControllerFeatureTest" classname="Tests.Feature.Controllers.CompanyControllerFeatureTest" assertions="14" time="0.008885"/>
        <testcase name="test_企業作成でバリデーションエラーが発生する" file="/Users/ryu/trends-laravel/tests/Feature/Controllers/CompanyControllerFeatureTest.php" line="279" class="Tests\Feature\Controllers\CompanyControllerFeatureTest" classname="Tests.Feature.Controllers.CompanyControllerFeatureTest" assertions="3" time="0.008305"/>
        <testcase name="test_企業更新が正常に動作する" file="/Users/ryu/trends-laravel/tests/Feature/Controllers/CompanyControllerFeatureTest.php" line="298" class="Tests\Feature\Controllers\CompanyControllerFeatureTest" classname="Tests.Feature.Controllers.CompanyControllerFeatureTest" assertions="12" time="0.022704"/>
        <testcase name="test_存在しない企業の更新でエラーが発生する" file="/Users/ryu/trends-laravel/tests/Feature/Controllers/CompanyControllerFeatureTest.php" line="338" class="Tests\Feature\Controllers\CompanyControllerFeatureTest" classname="Tests.Feature.Controllers.CompanyControllerFeatureTest" assertions="2" time="0.008627"/>
        <testcase name="test_企業削除が正常に動作する" file="/Users/ryu/trends-laravel/tests/Feature/Controllers/CompanyControllerFeatureTest.php" line="356" class="Tests\Feature\Controllers\CompanyControllerFeatureTest" classname="Tests.Feature.Controllers.CompanyControllerFeatureTest" assertions="3" time="0.008770"/>
        <testcase name="test_関連データが存在する企業の削除でエラーが発生する" file="/Users/ryu/trends-laravel/tests/Feature/Controllers/CompanyControllerFeatureTest.php" line="375" class="Tests\Feature\Controllers\CompanyControllerFeatureTest" classname="Tests.Feature.Controllers.CompanyControllerFeatureTest" assertions="7" time="0.009409"/>
        <testcase name="test_企業強制削除が正常に動作する" file="/Users/ryu/trends-laravel/tests/Feature/Controllers/CompanyControllerFeatureTest.php" line="402" class="Tests\Feature\Controllers\CompanyControllerFeatureTest" classname="Tests.Feature.Controllers.CompanyControllerFeatureTest" assertions="8" time="0.009638"/>
        <testcase name="test_存在しない企業の強制削除でエラーが発生する" file="/Users/ryu/trends-laravel/tests/Feature/Controllers/CompanyControllerFeatureTest.php" line="432" class="Tests\Feature\Controllers\CompanyControllerFeatureTest" classname="Tests.Feature.Controllers.CompanyControllerFeatureTest" assertions="2" time="0.007723"/>
      </testsuite>
      <testsuite name="Tests\Feature\SearchApiTest" file="/Users/ryu/trends-laravel/tests/Feature/SearchApiTest.php" tests="22" assertions="211" errors="0" failures="0" skipped="0" time="0.317019">
        <testcase name="test_企業名での検索が正常に動作する" file="/Users/ryu/trends-laravel/tests/Feature/SearchApiTest.php" line="52" class="Tests\Feature\SearchApiTest" classname="Tests.Feature.SearchApiTest" assertions="17" time="0.010402"/>
        <testcase name="test_記事タイトルでの検索が正常に動作する" file="/Users/ryu/trends-laravel/tests/Feature/SearchApiTest.php" line="83" class="Tests\Feature\SearchApiTest" classname="Tests.Feature.SearchApiTest" assertions="19" time="0.010639"/>
        <testcase name="test_統合検索が正常に動作する" file="/Users/ryu/trends-laravel/tests/Feature/SearchApiTest.php" line="116" class="Tests\Feature\SearchApiTest" classname="Tests.Feature.SearchApiTest" assertions="19" time="0.011319"/>
        <testcase name="test_検索タイプを指定した統合検索が正常に動作する" file="/Users/ryu/trends-laravel/tests/Feature/SearchApiTest.php" line="150" class="Tests\Feature\SearchApiTest" classname="Tests.Feature.SearchApiTest" assertions="14" time="0.010366"/>
        <testcase name="test_検索クエリが空の場合はバリデーションエラーが返される" file="/Users/ryu/trends-laravel/tests/Feature/SearchApiTest.php" line="178" class="Tests\Feature\SearchApiTest" classname="Tests.Feature.SearchApiTest" assertions="3" time="0.009388"/>
        <testcase name="test_検索クエリが長すぎる場合はバリデーションエラーが返される" file="/Users/ryu/trends-laravel/tests/Feature/SearchApiTest.php" line="190" class="Tests\Feature\SearchApiTest" classname="Tests.Feature.SearchApiTest" assertions="3" time="0.009567"/>
        <testcase name="test_記事検索でフィルタリングが正常に動作する" file="/Users/ryu/trends-laravel/tests/Feature/SearchApiTest.php" line="203" class="Tests\Feature\SearchApiTest" classname="Tests.Feature.SearchApiTest" assertions="3" time="0.011440"/>
        <testcase name="test_検索結果の関連度スコアが正常に計算される" file="/Users/ryu/trends-laravel/tests/Feature/SearchApiTest.php" line="227" class="Tests\Feature\SearchApiTest" classname="Tests.Feature.SearchApiTest" assertions="3" time="0.010874"/>
        <testcase name="test_レート制限が正常に動作する" file="/Users/ryu/trends-laravel/tests/Feature/SearchApiTest.php" line="247" class="Tests\Feature\SearchApiTest" classname="Tests.Feature.SearchApiTest" assertions="61" time="0.070236"/>
        <testcase name="test_無効な検索タイプを指定した場合バリデーションエラーが返される" file="/Users/ryu/trends-laravel/tests/Feature/SearchApiTest.php" line="262" class="Tests\Feature\SearchApiTest" classname="Tests.Feature.SearchApiTest" assertions="3" time="0.010108"/>
        <testcase name="test_企業検索でlimitパラメータが正常に動作する" file="/Users/ryu/trends-laravel/tests/Feature/SearchApiTest.php" line="274" class="Tests\Feature\SearchApiTest" classname="Tests.Feature.SearchApiTest" assertions="3" time="0.013598"/>
        <testcase name="test_著者名での記事検索が正常に動作する" file="/Users/ryu/trends-laravel/tests/Feature/SearchApiTest.php" line="289" class="Tests\Feature\SearchApiTest" classname="Tests.Feature.SearchApiTest" assertions="3" time="0.025946"/>
        <testcase name="test_統合検索_apiの詳細レスポンス構造が正しい" file="/Users/ryu/trends-laravel/tests/Feature/SearchApiTest.php" line="301" class="Tests\Feature\SearchApiTest" classname="Tests.Feature.SearchApiTest" assertions="14" time="0.011743"/>
        <testcase name="test_apiエラーハンドリングが適切に動作する" file="/Users/ryu/trends-laravel/tests/Feature/SearchApiTest.php" line="334" class="Tests\Feature\SearchApiTest" classname="Tests.Feature.SearchApiTest" assertions="5" time="0.009656"/>
        <testcase name="test_企業検索の関連度スコア計算が複数条件で正しく動作する" file="/Users/ryu/trends-laravel/tests/Feature/SearchApiTest.php" line="351" class="Tests\Feature\SearchApiTest" classname="Tests.Feature.SearchApiTest" assertions="4" time="0.011578"/>
        <testcase name="test_記事検索の関連度スコア計算が複数条件で正しく動作する" file="/Users/ryu/trends-laravel/tests/Feature/SearchApiTest.php" line="400" class="Tests\Feature\SearchApiTest" classname="Tests.Feature.SearchApiTest" assertions="3" time="0.013209"/>
        <testcase name="test_ドメイン名での企業検索でスコア計算が正しく動作する" file="/Users/ryu/trends-laravel/tests/Feature/SearchApiTest.php" line="457" class="Tests\Feature\SearchApiTest" classname="Tests.Feature.SearchApiTest" assertions="4" time="0.010259"/>
        <testcase name="test_説明文での企業検索でスコア計算が正しく動作する" file="/Users/ryu/trends-laravel/tests/Feature/SearchApiTest.php" line="477" class="Tests\Feature\SearchApiTest" classname="Tests.Feature.SearchApiTest" assertions="4" time="0.010570"/>
        <testcase name="test_記事の日付による関連度スコア調整が正しく動作する" file="/Users/ryu/trends-laravel/tests/Feature/SearchApiTest.php" line="497" class="Tests\Feature\SearchApiTest" classname="Tests.Feature.SearchApiTest" assertions="7" time="0.012728"/>
        <testcase name="test_ブックマーク数による記事関連度スコア調整が正しく動作する" file="/Users/ryu/trends-laravel/tests/Feature/SearchApiTest.php" line="550" class="Tests\Feature\SearchApiTest" classname="Tests.Feature.SearchApiTest" assertions="7" time="0.012122"/>
        <testcase name="test_記事検索で無効なパラメータの場合バリデーションエラーが返される" file="/Users/ryu/trends-laravel/tests/Feature/SearchApiTest.php" line="603" class="Tests\Feature\SearchApiTest" classname="Tests.Feature.SearchApiTest" assertions="8" time="0.010234"/>
        <testcase name="test_企業にランキングがある場合スコアボーナスが加算される" file="/Users/ryu/trends-laravel/tests/Feature/SearchApiTest.php" line="631" class="Tests\Feature\SearchApiTest" classname="Tests.Feature.SearchApiTest" assertions="4" time="0.011034"/>
      </testsuite>
    </testsuite>
  </testsuite>
</testsuites>
